#
# There is insufficient memory for the Java Runtime Environment to continue.
# Native memory allocation (malloc) failed to allocate 736816 bytes for Chunk::new
# Possible reasons:
#   The system is out of physical RAM or swap space
#   The process is running with CompressedOops enabled, and the Java Heap may be blocking the growth of the native heap
# Possible solutions:
#   Reduce memory load on the system
#   Increase physical memory or swap space
#   Check if swap backing store is full
#   Decrease Java heap size (-Xmx/-Xms)
#   Decrease number of Java threads
#   Decrease Java thread stack sizes (-Xss)
#   Set larger code cache with -XX:ReservedCodeCacheSize=
#   JVM is running with Unscaled Compressed Oops mode in which the Java heap is
#     placed in the first 4GB address space. The Java Heap base address is the
#     maximum limit for the native heap growth. Please use -XX:HeapBaseMinAddress
#     to set the Java Heap base and to place the Java Heap above 4GB virtual address.
# This output file may be truncated or incomplete.
#
#  Out of Memory Error (./src/hotspot/share/memory/arena.cpp:197), pid=15824, tid=13640
#
# JRE version: OpenJDK Runtime Environment (11.0.8+10) (build 11.0.8+10-b944.6842174)
# Java VM: OpenJDK 64-Bit Server VM (11.0.8+10-b944.6842174, mixed mode, tiered, compressed oops, g1 gc, windows-amd64)
# No core dump will be written. Minidumps are not enabled by default on client versions of Windows
#

---------------  S U M M A R Y ------------

Command Line: --add-opens=java.base/java.util=ALL-UNNAMED --add-opens=java.base/java.lang=ALL-UNNAMED --add-opens=java.base/java.lang.invoke=ALL-UNNAMED --add-opens=java.base/java.util=ALL-UNNAMED --add-opens=java.prefs/java.util.prefs=ALL-UNNAMED --add-opens=java.prefs/java.util.prefs=ALL-UNNAMED --add-opens=java.base/java.nio.charset=ALL-UNNAMED --add-opens=java.base/java.net=ALL-UNNAMED --add-opens=java.base/java.util.concurrent.atomic=ALL-UNNAMED -Xmx2048m -Dfile.encoding=UTF-8 -Duser.country=US -Duser.language=en -Duser.variant org.gradle.launcher.daemon.bootstrap.GradleDaemon 7.0

Host: Intel(R) Core(TM) i7-4710HQ CPU @ 2.50GHz, 8 cores, 15G,  Windows 10 , 64 bit Build 19041 (10.0.19041.928)
Time: Thu Jun 10 15:15:20 2021 SE Asia Standard Time elapsed time: 1692 seconds (0d 0h 28m 12s)

---------------  T H R E A D  ---------------

Current thread (0x0000023487db5000):  JavaThread "C2 CompilerThread2" daemon [_thread_in_native, id=13640, stack(0x000000c900f00000,0x000000c901000000)]


Current CompileTask:
C2:1692579 25533       4       com.android.tools.r8.graph.Z0::c (177 bytes)

Stack: [0x000000c900f00000,0x000000c901000000]
Native frames: (J=compiled Java code, j=interpreted, Vv=VM code, C=native code)
V  [jvm.dll+0x5de50a]
V  [jvm.dll+0x7122f5]
V  [jvm.dll+0x71384d]
V  [jvm.dll+0x713f03]
V  [jvm.dll+0x23e728]
V  [jvm.dll+0xb899c]
V  [jvm.dll+0xb8e9c]
V  [jvm.dll+0x35024d]
V  [jvm.dll+0x31dea3]
V  [jvm.dll+0x31d39a]
V  [jvm.dll+0x1f7702]
V  [jvm.dll+0x1f68d4]
V  [jvm.dll+0x17f32c]
V  [jvm.dll+0x205047]
V  [jvm.dll+0x203891]
V  [jvm.dll+0x6dad3f]
V  [jvm.dll+0x6d3895]
V  [jvm.dll+0x5dd4a6]
C  [ucrtbase.dll+0x21bb2]
C  [KERNEL32.DLL+0x17034]
C  [ntdll.dll+0x52651]


---------------  P R O C E S S  ---------------

Threads class SMR info:
_java_thread_list=0x0000023494818e40, length=65, elements={
0x00000234e98c6800, 0x00000234ffc6e000, 0x00000234ffc77000, 0x00000234ffcc7800,
0x00000234ffcc8800, 0x00000234ffcca000, 0x00000234ffcce000, 0x00000234ffcd1000,
0x00000234ffe50800, 0x00000234ffe6f800, 0x00000234860ff000, 0x000002348692a800,
0x00000234875e2800, 0x00000234877dd000, 0x00000234877db800, 0x00000234877de800,
0x00000234877d9800, 0x00000234877dd800, 0x00000234877dc000, 0x00000234877e0000,
0x00000234877da800, 0x0000023487db3000, 0x0000023487db6800, 0x0000023487db4000,
0x0000023487db7800, 0x0000023487dba000, 0x0000023487db9000, 0x0000023487cec000,
0x0000023487cf6800, 0x0000023487cee000, 0x0000023487cf0800, 0x0000023487ced800,
0x0000023487ceb000, 0x0000023487cef000, 0x0000023487cf0000, 0x0000023487cf7000,
0x0000023487cf1800, 0x0000023487cf8000, 0x0000023487cf2800, 0x0000023487cf4800,
0x0000023487cf3000, 0x0000023487cf9000, 0x0000023487cf4000, 0x0000023487db5000,
0x0000023487db5800, 0x0000023487db8000, 0x00000234877df800, 0x0000023489fd6800,
0x0000023489fda800, 0x0000023489fd7000, 0x0000023489fd8000, 0x0000023489fd9000,
0x0000023489fd4800, 0x0000023489fd9800, 0x0000023489fdb000, 0x0000023489fd5800,
0x000002348f2a7000, 0x000002348f2a1800, 0x000002348f2a8000, 0x000002348f2a2000,
0x000002348f2a5800, 0x000002348f2a3000, 0x000002348f2a9800, 0x000002348f2a6000,
0x000002348f2ac000
}

Java Threads: ( => current thread )
  0x00000234e98c6800 JavaThread "main" [_thread_blocked, id=10648, stack(0x000000c97c100000,0x000000c97c200000)]
  0x00000234ffc6e000 JavaThread "Reference Handler" daemon [_thread_blocked, id=16964, stack(0x000000c97c800000,0x000000c97c900000)]
  0x00000234ffc77000 JavaThread "Finalizer" daemon [_thread_blocked, id=6108, stack(0x000000c97c900000,0x000000c97ca00000)]
  0x00000234ffcc7800 JavaThread "Signal Dispatcher" daemon [_thread_blocked, id=14112, stack(0x000000c97ca00000,0x000000c97cb00000)]
  0x00000234ffcc8800 JavaThread "Attach Listener" daemon [_thread_blocked, id=7184, stack(0x000000c97cb00000,0x000000c97cc00000)]
  0x00000234ffcca000 JavaThread "C2 CompilerThread0" daemon [_thread_in_native, id=12380, stack(0x000000c97cc00000,0x000000c97cd00000)]
  0x00000234ffcce000 JavaThread "C1 CompilerThread0" daemon [_thread_in_vm, id=16020, stack(0x000000c97cd00000,0x000000c97ce00000)]
  0x00000234ffcd1000 JavaThread "Sweeper thread" daemon [_thread_blocked, id=10588, stack(0x000000c97ce00000,0x000000c97cf00000)]
  0x00000234ffe50800 JavaThread "Common-Cleaner" daemon [_thread_blocked, id=21544, stack(0x000000c97cf00000,0x000000c97d000000)]
  0x00000234ffe6f800 JavaThread "Service Thread" daemon [_thread_blocked, id=12900, stack(0x000000c97d000000,0x000000c97d100000)]
  0x00000234860ff000 JavaThread "Daemon health stats" [_thread_blocked, id=15912, stack(0x000000c97d900000,0x000000c97da00000)]
  0x000002348692a800 JavaThread "Incoming local TCP Connector on port 9880" [_thread_in_native, id=20752, stack(0x000000c97d200000,0x000000c97d300000)]
  0x00000234875e2800 JavaThread "Daemon periodic checks" [_thread_blocked, id=15320, stack(0x000000c97d300000,0x000000c97d400000)]
  0x00000234877dd000 JavaThread "Cache worker for file hash cache (E:\Programming\BuildTools\gradle-7.0\caches\7.0\fileHashes)" [_thread_blocked, id=9164, stack(0x000000c97e200000,0x000000c97e300000)]
  0x00000234877db800 JavaThread "File lock request listener" [_thread_in_native, id=10936, stack(0x000000c97e300000,0x000000c97e400000)]
  0x00000234877de800 JavaThread "Cache worker for journal cache (E:\Programming\BuildTools\gradle-7.0\caches\journal-1)" [_thread_blocked, id=19364, stack(0x000000c97e700000,0x000000c97e800000)]
  0x00000234877d9800 JavaThread "File watcher server" daemon [_thread_in_native, id=13652, stack(0x000000c97e900000,0x000000c97ea00000)]
  0x00000234877dd800 JavaThread "File watcher consumer" daemon [_thread_blocked, id=15076, stack(0x000000c97ea00000,0x000000c97eb00000)]
  0x00000234877dc000 JavaThread "jar transforms" [_thread_blocked, id=22440, stack(0x000000c97eb00000,0x000000c97ec00000)]
  0x00000234877e0000 JavaThread "jar transforms Thread 2" [_thread_blocked, id=3416, stack(0x000000c97ec00000,0x000000c97ed00000)]
  0x00000234877da800 JavaThread "jar transforms Thread 3" [_thread_blocked, id=15744, stack(0x000000c97ed00000,0x000000c97ee00000)]
  0x0000023487db3000 JavaThread "jar transforms Thread 4" [_thread_blocked, id=8408, stack(0x000000c97ee00000,0x000000c97ef00000)]
  0x0000023487db6800 JavaThread "jar transforms Thread 5" [_thread_blocked, id=17668, stack(0x000000c97ef00000,0x000000c97f000000)]
  0x0000023487db4000 JavaThread "jar transforms Thread 6" [_thread_blocked, id=20440, stack(0x000000c97f000000,0x000000c97f100000)]
  0x0000023487db7800 JavaThread "jar transforms Thread 7" [_thread_blocked, id=18480, stack(0x000000c97f100000,0x000000c97f200000)]
  0x0000023487dba000 JavaThread "jar transforms Thread 8" [_thread_blocked, id=11052, stack(0x000000c97f300000,0x000000c97f400000)]
  0x0000023487db9000 JavaThread "Cache worker for execution history cache (E:\Programming\BuildTools\gradle-7.0\caches\7.0\executionHistory)" [_thread_blocked, id=19436, stack(0x000000c97f700000,0x000000c97f800000)]
  0x0000023487cec000 JavaThread "Cache worker for file content cache (E:\Programming\BuildTools\gradle-7.0\caches\7.0\fileContent)" [_thread_blocked, id=2024, stack(0x000000c97f800000,0x000000c97f900000)]
  0x0000023487cf6800 JavaThread "Memory manager" [_thread_blocked, id=18980, stack(0x000000c900300000,0x000000c900400000)]
  0x0000023487cee000 JavaThread "Daemon Thread 5" [_thread_blocked, id=4152, stack(0x000000c900000000,0x000000c900100000)]
  0x0000023487cf0800 JavaThread "Handler for socket connection from /127.0.0.1:9880 to /127.0.0.1:5181" [_thread_in_native, id=18468, stack(0x000000c900100000,0x000000c900200000)]
  0x0000023487ced800 JavaThread "Cancel handler" [_thread_blocked, id=19040, stack(0x000000c900200000,0x000000c900300000)]
  0x0000023487ceb000 JavaThread "Daemon worker Thread 5" [_thread_blocked, id=3564, stack(0x000000c900400000,0x000000c900500000)]
  0x0000023487cef000 JavaThread "Asynchronous log dispatcher for DefaultDaemonConnection: socket connection from /127.0.0.1:9880 to /127.0.0.1:5181" [_thread_blocked, id=11604, stack(0x000000c900500000,0x000000c900600000)]
  0x0000023487cf0000 JavaThread "Stdin handler" [_thread_blocked, id=1800, stack(0x000000c900600000,0x000000c900700000)]
  0x0000023487cf7000 JavaThread "Daemon client event forwarder" [_thread_blocked, id=4352, stack(0x000000c900700000,0x000000c900800000)]
  0x0000023487cf1800 JavaThread "Cache worker for file hash cache (E:\_Projects\gits\-themoviedb.org\-with_favs\sohamb1\ui\.gradle\7.0\fileHashes)" [_thread_blocked, id=3420, stack(0x000000c900800000,0x000000c900900000)]
  0x0000023487cf8000 JavaThread "Cache worker for checksums cache (E:\_Projects\gits\-themoviedb.org\-with_favs\sohamb1\ui\.gradle\checksums)" [_thread_blocked, id=7004, stack(0x000000c900900000,0x000000c900a00000)]
  0x0000023487cf2800 JavaThread "Cache worker for cache directory md-supplier (E:\Programming\BuildTools\gradle-7.0\caches\7.0\md-supplier)" [_thread_blocked, id=4088, stack(0x000000c900a00000,0x000000c900b00000)]
  0x0000023487cf4800 JavaThread "Cache worker for cache directory md-rule (E:\Programming\BuildTools\gradle-7.0\caches\7.0\md-rule)" [_thread_blocked, id=10472, stack(0x000000c900b00000,0x000000c900c00000)]
  0x0000023487cf3000 JavaThread "Cache worker for dependencies-accessors (E:\_Projects\gits\-themoviedb.org\-with_favs\sohamb1\ui\.gradle\7.0\dependencies-accessors)" [_thread_blocked, id=5988, stack(0x000000c900c00000,0x000000c900d00000)]
  0x0000023487cf9000 JavaThread "Cache worker for Build Output Cleanup Cache (E:\_Projects\gits\-themoviedb.org\-with_favs\sohamb1\ui\.gradle\buildOutputCleanup)" [_thread_blocked, id=15096, stack(0x000000c900d00000,0x000000c900e00000)]
  0x0000023487cf4000 JavaThread "C2 CompilerThread1" daemon [_thread_in_native, id=16856, stack(0x000000c900e00000,0x000000c900f00000)]
=>0x0000023487db5000 JavaThread "C2 CompilerThread2" daemon [_thread_in_native, id=13640, stack(0x000000c900f00000,0x000000c901000000)]
  0x0000023487db5800 JavaThread "Build operations" [_thread_blocked, id=19368, stack(0x000000c901000000,0x000000c901100000)]
  0x0000023487db8000 JavaThread "Build operations Thread 2" [_thread_in_Java, id=5828, stack(0x000000c901100000,0x000000c901200000)]
  0x00000234877df800 JavaThread "Build operations Thread 3" [_thread_in_Java, id=14740, stack(0x000000c901200000,0x000000c901300000)]
  0x0000023489fd6800 JavaThread "Build operations Thread 4" [_thread_blocked, id=2948, stack(0x000000c901300000,0x000000c901400000)]
  0x0000023489fda800 JavaThread "Build operations Thread 5" [_thread_in_Java, id=20628, stack(0x000000c901400000,0x000000c901500000)]
  0x0000023489fd7000 JavaThread "Build operations Thread 6" [_thread_in_Java, id=2432, stack(0x000000c901500000,0x000000c901600000)]
  0x0000023489fd8000 JavaThread "Build operations Thread 7" [_thread_in_Java, id=1332, stack(0x000000c901600000,0x000000c901700000)]
  0x0000023489fd9000 JavaThread "Build operations Thread 8" [_thread_blocked, id=18876, stack(0x000000c901700000,0x000000c901800000)]
  0x0000023489fd4800 JavaThread "build event listener" [_thread_blocked, id=19064, stack(0x000000c901900000,0x000000c901a00000)]
  0x0000023489fd9800 JavaThread "build event listener" [_thread_blocked, id=18324, stack(0x000000c901a00000,0x000000c901b00000)]
  0x0000023489fdb000 JavaThread "Execution worker for ':'" [_thread_blocked, id=14556, stack(0x000000c901b00000,0x000000c901c00000)]
  0x0000023489fd5800 JavaThread "Execution worker for ':' Thread 2" [_thread_in_Java, id=14756, stack(0x000000c901c00000,0x000000c901d00000)]
  0x000002348f2a7000 JavaThread "Execution worker for ':' Thread 3" [_thread_blocked, id=2700, stack(0x000000c901d00000,0x000000c901e00000)]
  0x000002348f2a1800 JavaThread "Execution worker for ':' Thread 4" [_thread_blocked, id=8616, stack(0x000000c901e00000,0x000000c901f00000)]
  0x000002348f2a8000 JavaThread "Execution worker for ':' Thread 5" [_thread_blocked, id=5512, stack(0x000000c901f00000,0x000000c902000000)]
  0x000002348f2a2000 JavaThread "Execution worker for ':' Thread 6" [_thread_blocked, id=5416, stack(0x000000c902000000,0x000000c902100000)]
  0x000002348f2a5800 JavaThread "Execution worker for ':' Thread 7" [_thread_blocked, id=13504, stack(0x000000c902100000,0x000000c902200000)]
  0x000002348f2a3000 JavaThread "Cache worker for execution history cache (E:\_Projects\gits\-themoviedb.org\-with_favs\sohamb1\ui\.gradle\7.0\executionHistory)" [_thread_blocked, id=17612, stack(0x000000c902200000,0x000000c902300000)]
  0x000002348f2a9800 JavaThread "WorkerExecutor Queue Thread 4" [_thread_blocked, id=22344, stack(0x000000c902600000,0x000000c902700000)]
  0x000002348f2a6000 JavaThread "WorkerExecutor Queue Thread 7" [_thread_blocked, id=6052, stack(0x000000c902900000,0x000000c902a00000)]
  0x000002348f2ac000 JavaThread "Java2D Disposer" daemon [_thread_blocked, id=20880, stack(0x000000c902e00000,0x000000c902f00000)]

Other Threads:
  0x00000234ffc69000 VMThread "VM Thread" [stack: 0x000000c97c700000,0x000000c97c800000] [id=12092]
  0x00000234ffe70000 WatcherThread [stack: 0x000000c97d100000,0x000000c97d200000] [id=20428]
  0x00000234e98db800 GCTaskThread "GC Thread#0" [stack: 0x000000c97c200000,0x000000c97c300000] [id=18448]
  0x000002348563f000 GCTaskThread "GC Thread#1" [stack: 0x000000c97d400000,0x000000c97d500000] [id=22516]
  0x0000023485804800 GCTaskThread "GC Thread#2" [stack: 0x000000c97d500000,0x000000c97d600000] [id=8164]
  0x00000234855b0800 GCTaskThread "GC Thread#3" [stack: 0x000000c97d600000,0x000000c97d700000] [id=16944]
  0x00000234855f8000 GCTaskThread "GC Thread#4" [stack: 0x000000c97d700000,0x000000c97d800000] [id=19352]
  0x0000023485631800 GCTaskThread "GC Thread#5" [stack: 0x000000c97d800000,0x000000c97d900000] [id=18676]
  0x0000023485a1d000 GCTaskThread "GC Thread#6" [stack: 0x000000c97e400000,0x000000c97e500000] [id=3888]
  0x000002348699d800 GCTaskThread "GC Thread#7" [stack: 0x000000c97e500000,0x000000c97e600000] [id=21092]
  0x00000234e990d800 ConcurrentGCThread "G1 Main Marker" [stack: 0x000000c97c300000,0x000000c97c400000] [id=6664]
  0x00000234e990f800 ConcurrentGCThread "G1 Conc#0" [stack: 0x000000c97c400000,0x000000c97c500000] [id=9560]
  0x0000023487568800 ConcurrentGCThread "G1 Conc#1" [stack: 0x000000c97e600000,0x000000c97e700000] [id=18548]
  0x00000234ff664800 ConcurrentGCThread "G1 Refine#0" [stack: 0x000000c97c500000,0x000000c97c600000] [id=17172]
  0x0000023489ad7800 ConcurrentGCThread "G1 Refine#1" [stack: 0x000000c901800000,0x000000c901900000] [id=1236]
  0x00000234ff665000 ConcurrentGCThread "G1 Young RemSet Sampling" [stack: 0x000000c97c600000,0x000000c97c700000] [id=452]

Threads with active compile tasks:
C2 CompilerThread01692633 25565   !   4       com.android.tools.r8.graph.q0::o (89 bytes)
C1 CompilerThread01692633 25606 %     3       com.android.tools.r8.C.a.a.f::a @ 66 (6058 bytes)
C2 CompilerThread11692633 25564       4       com.android.tools.r8.graph.B::a (173 bytes)
C2 CompilerThread21692634 25533       4       com.android.tools.r8.graph.Z0::c (177 bytes)

VM state:not at safepoint (normal execution)

VM Mutex/Monitor currently owned by a thread: None

Heap address: 0x0000000080000000, size: 2048 MB, Compressed Oops mode: 32-bit
Narrow klass base: 0x0000000000000000, Narrow klass shift: 3
Compressed class space size: 1073741824 Address: 0x0000000100000000

Heap:
 garbage-first heap   total 315392K, used 222766K [0x0000000080000000, 0x0000000100000000)
  region size 1024K, 61 young (62464K), 2 survivors (2048K)
 Metaspace       used 146212K, capacity 151333K, committed 151844K, reserved 1181696K
  class space    used 18070K, capacity 19862K, committed 20044K, reserved 1048576K
Heap Regions: E=young(eden), S=young(survivor), O=old, HS=humongous(starts), HC=humongous(continues), CS=collection set, F=free, A=archive, TAMS=top-at-mark-start (previous, next)
|   0|0x0000000080000000, 0x0000000080100000, 0x0000000080100000|100%| O|  |TAMS 0x0000000080100000, 0x0000000080000000| Untracked 
|   1|0x0000000080100000, 0x0000000080200000, 0x0000000080200000|100%| O|  |TAMS 0x0000000080200000, 0x0000000080100000| Untracked 
|   2|0x0000000080200000, 0x0000000080300000, 0x0000000080300000|100%| O|  |TAMS 0x0000000080300000, 0x0000000080200000| Untracked 
|   3|0x0000000080300000, 0x0000000080400000, 0x0000000080400000|100%|HS|  |TAMS 0x0000000080400000, 0x0000000080300000| Complete 
|   4|0x0000000080400000, 0x0000000080500000, 0x0000000080500000|100%|HC|  |TAMS 0x0000000080500000, 0x0000000080400000| Complete 
|   5|0x0000000080500000, 0x0000000080600000, 0x0000000080600000|100%|HC|  |TAMS 0x0000000080600000, 0x0000000080500000| Complete 
|   6|0x0000000080600000, 0x0000000080700000, 0x0000000080700000|100%| O|  |TAMS 0x0000000080700000, 0x0000000080600000| Untracked 
|   7|0x0000000080700000, 0x0000000080800000, 0x0000000080800000|100%| O|  |TAMS 0x0000000080800000, 0x0000000080700000| Untracked 
|   8|0x0000000080800000, 0x0000000080900000, 0x0000000080900000|100%| O|  |TAMS 0x0000000080900000, 0x0000000080800000| Untracked 
|   9|0x0000000080900000, 0x0000000080a00000, 0x0000000080a00000|100%| O|  |TAMS 0x0000000080a00000, 0x0000000080900000| Untracked 
|  10|0x0000000080a00000, 0x0000000080b00000, 0x0000000080b00000|100%| O|  |TAMS 0x0000000080b00000, 0x0000000080a00000| Untracked 
|  11|0x0000000080b00000, 0x0000000080c00000, 0x0000000080c00000|100%| O|  |TAMS 0x0000000080c00000, 0x0000000080b00000| Untracked 
|  12|0x0000000080c00000, 0x0000000080d00000, 0x0000000080d00000|100%| O|  |TAMS 0x0000000080d00000, 0x0000000080c00000| Untracked 
|  13|0x0000000080d00000, 0x0000000080e00000, 0x0000000080e00000|100%| O|  |TAMS 0x0000000080e00000, 0x0000000080d00000| Untracked 
|  14|0x0000000080e00000, 0x0000000080f00000, 0x0000000080f00000|100%| O|  |TAMS 0x0000000080f00000, 0x0000000080e00000| Untracked 
|  15|0x0000000080f00000, 0x0000000081000000, 0x0000000081000000|100%| O|  |TAMS 0x0000000081000000, 0x0000000080f00000| Untracked 
|  16|0x0000000081000000, 0x0000000081100000, 0x0000000081100000|100%|HS|  |TAMS 0x0000000081100000, 0x0000000081000000| Complete 
|  17|0x0000000081100000, 0x0000000081200000, 0x0000000081200000|100%|HC|  |TAMS 0x0000000081200000, 0x0000000081100000| Complete 
|  18|0x0000000081200000, 0x0000000081300000, 0x0000000081300000|100%|HS|  |TAMS 0x0000000081300000, 0x0000000081200000| Complete 
|  19|0x0000000081300000, 0x0000000081400000, 0x0000000081400000|100%|HC|  |TAMS 0x0000000081400000, 0x0000000081300000| Complete 
|  20|0x0000000081400000, 0x0000000081500000, 0x0000000081500000|100%|HC|  |TAMS 0x0000000081500000, 0x0000000081400000| Complete 
|  21|0x0000000081500000, 0x0000000081600000, 0x0000000081600000|100%|HS|  |TAMS 0x0000000081600000, 0x0000000081500000| Complete 
|  22|0x0000000081600000, 0x0000000081700000, 0x0000000081700000|100%|HC|  |TAMS 0x0000000081700000, 0x0000000081600000| Complete 
|  23|0x0000000081700000, 0x0000000081800000, 0x0000000081800000|100%|HC|  |TAMS 0x0000000081800000, 0x0000000081700000| Complete 
|  24|0x0000000081800000, 0x0000000081900000, 0x0000000081900000|100%|HC|  |TAMS 0x0000000081900000, 0x0000000081800000| Complete 
|  25|0x0000000081900000, 0x0000000081a00000, 0x0000000081a00000|100%| O|  |TAMS 0x0000000081a00000, 0x0000000081900000| Untracked 
|  26|0x0000000081a00000, 0x0000000081b00000, 0x0000000081b00000|100%| O|  |TAMS 0x0000000081b00000, 0x0000000081a00000| Untracked 
|  27|0x0000000081b00000, 0x0000000081c00000, 0x0000000081c00000|100%| O|  |TAMS 0x0000000081c00000, 0x0000000081b00000| Untracked 
|  28|0x0000000081c00000, 0x0000000081d00000, 0x0000000081d00000|100%|HS|  |TAMS 0x0000000081d00000, 0x0000000081c00000| Complete 
|  29|0x0000000081d00000, 0x0000000081e00000, 0x0000000081e00000|100%|HC|  |TAMS 0x0000000081e00000, 0x0000000081d00000| Complete 
|  30|0x0000000081e00000, 0x0000000081f00000, 0x0000000081f00000|100%|HC|  |TAMS 0x0000000081f00000, 0x0000000081e00000| Complete 
|  31|0x0000000081f00000, 0x0000000082000000, 0x0000000082000000|100%|HC|  |TAMS 0x0000000082000000, 0x0000000081f00000| Complete 
|  32|0x0000000082000000, 0x0000000082100000, 0x0000000082100000|100%|HS|  |TAMS 0x0000000082100000, 0x0000000082000000| Complete 
|  33|0x0000000082100000, 0x0000000082200000, 0x0000000082200000|100%|HC|  |TAMS 0x0000000082200000, 0x0000000082100000| Complete 
|  34|0x0000000082200000, 0x0000000082300000, 0x0000000082300000|100%|HC|  |TAMS 0x0000000082300000, 0x0000000082200000| Complete 
|  35|0x0000000082300000, 0x0000000082400000, 0x0000000082400000|100%| O|  |TAMS 0x0000000082400000, 0x0000000082300000| Untracked 
|  36|0x0000000082400000, 0x0000000082500000, 0x0000000082500000|100%| O|  |TAMS 0x0000000082500000, 0x0000000082400000| Untracked 
|  37|0x0000000082500000, 0x0000000082600000, 0x0000000082600000|100%| O|  |TAMS 0x0000000082600000, 0x0000000082500000| Untracked 
|  38|0x0000000082600000, 0x0000000082700000, 0x0000000082700000|100%| O|  |TAMS 0x0000000082700000, 0x0000000082600000| Untracked 
|  39|0x0000000082700000, 0x0000000082800000, 0x0000000082800000|100%| O|  |TAMS 0x0000000082800000, 0x0000000082700000| Untracked 
|  40|0x0000000082800000, 0x0000000082900000, 0x0000000082900000|100%| O|  |TAMS 0x0000000082900000, 0x0000000082800000| Untracked 
|  41|0x0000000082900000, 0x0000000082a00000, 0x0000000082a00000|100%|HS|  |TAMS 0x0000000082a00000, 0x0000000082900000| Complete 
|  42|0x0000000082a00000, 0x0000000082b00000, 0x0000000082b00000|100%|HS|  |TAMS 0x0000000082b00000, 0x0000000082a00000| Complete 
|  43|0x0000000082b00000, 0x0000000082c00000, 0x0000000082c00000|100%|HC|  |TAMS 0x0000000082c00000, 0x0000000082b00000| Complete 
|  44|0x0000000082c00000, 0x0000000082d00000, 0x0000000082d00000|100%|HC|  |TAMS 0x0000000082d00000, 0x0000000082c00000| Complete 
|  45|0x0000000082d00000, 0x0000000082e00000, 0x0000000082e00000|100%|HS|  |TAMS 0x0000000082e00000, 0x0000000082d00000| Complete 
|  46|0x0000000082e00000, 0x0000000082f00000, 0x0000000082f00000|100%|HC|  |TAMS 0x0000000082f00000, 0x0000000082e00000| Complete 
|  47|0x0000000082f00000, 0x0000000083000000, 0x0000000083000000|100%| O|  |TAMS 0x0000000083000000, 0x0000000082f00000| Untracked 
|  48|0x0000000083000000, 0x0000000083100000, 0x0000000083100000|100%| O|  |TAMS 0x0000000083100000, 0x0000000083000000| Untracked 
|  49|0x0000000083100000, 0x0000000083200000, 0x0000000083200000|100%| O|  |TAMS 0x0000000083200000, 0x0000000083100000| Untracked 
|  50|0x0000000083200000, 0x0000000083300000, 0x0000000083300000|100%| O|  |TAMS 0x0000000083300000, 0x0000000083200000| Untracked 
|  51|0x0000000083300000, 0x0000000083400000, 0x0000000083400000|100%| O|  |TAMS 0x0000000083400000, 0x0000000083300000| Untracked 
|  52|0x0000000083400000, 0x0000000083500000, 0x0000000083500000|100%| O|  |TAMS 0x0000000083500000, 0x0000000083400000| Untracked 
|  53|0x0000000083500000, 0x0000000083600000, 0x0000000083600000|100%| O|  |TAMS 0x0000000083600000, 0x0000000083500000| Untracked 
|  54|0x0000000083600000, 0x0000000083700000, 0x0000000083700000|100%| O|  |TAMS 0x0000000083700000, 0x0000000083600000| Untracked 
|  55|0x0000000083700000, 0x0000000083800000, 0x0000000083800000|100%| O|  |TAMS 0x0000000083800000, 0x0000000083700000| Untracked 
|  56|0x0000000083800000, 0x0000000083900000, 0x0000000083900000|100%| O|  |TAMS 0x0000000083900000, 0x0000000083800000| Untracked 
|  57|0x0000000083900000, 0x0000000083a00000, 0x0000000083a00000|100%| O|  |TAMS 0x0000000083a00000, 0x0000000083900000| Untracked 
|  58|0x0000000083a00000, 0x0000000083b00000, 0x0000000083b00000|100%| O|  |TAMS 0x0000000083b00000, 0x0000000083a00000| Untracked 
|  59|0x0000000083b00000, 0x0000000083c00000, 0x0000000083c00000|100%| O|  |TAMS 0x0000000083c00000, 0x0000000083b00000| Untracked 
|  60|0x0000000083c00000, 0x0000000083d00000, 0x0000000083d00000|100%| O|  |TAMS 0x0000000083d00000, 0x0000000083c00000| Untracked 
|  61|0x0000000083d00000, 0x0000000083e00000, 0x0000000083e00000|100%| O|  |TAMS 0x0000000083e00000, 0x0000000083d00000| Untracked 
|  62|0x0000000083e00000, 0x0000000083f00000, 0x0000000083f00000|100%| O|  |TAMS 0x0000000083f00000, 0x0000000083e00000| Untracked 
|  63|0x0000000083f00000, 0x0000000084000000, 0x0000000084000000|100%| O|  |TAMS 0x0000000084000000, 0x0000000083f00000| Untracked 
|  64|0x0000000084000000, 0x0000000084100000, 0x0000000084100000|100%| O|  |TAMS 0x0000000084100000, 0x0000000084000000| Untracked 
|  65|0x0000000084100000, 0x0000000084200000, 0x0000000084200000|100%| O|  |TAMS 0x0000000084200000, 0x0000000084100000| Untracked 
|  66|0x0000000084200000, 0x0000000084300000, 0x0000000084300000|100%| O|  |TAMS 0x0000000084300000, 0x0000000084200000| Untracked 
|  67|0x0000000084300000, 0x0000000084400000, 0x0000000084400000|100%| O|  |TAMS 0x0000000084400000, 0x0000000084300000| Untracked 
|  68|0x0000000084400000, 0x0000000084500000, 0x0000000084500000|100%| O|  |TAMS 0x0000000084500000, 0x0000000084400000| Untracked 
|  69|0x0000000084500000, 0x0000000084600000, 0x0000000084600000|100%| O|  |TAMS 0x0000000084600000, 0x0000000084500000| Untracked 
|  70|0x0000000084600000, 0x0000000084700000, 0x0000000084700000|100%| O|  |TAMS 0x0000000084700000, 0x0000000084600000| Untracked 
|  71|0x0000000084700000, 0x0000000084800000, 0x0000000084800000|100%| O|  |TAMS 0x0000000084800000, 0x0000000084700000| Untracked 
|  72|0x0000000084800000, 0x0000000084900000, 0x0000000084900000|100%| O|  |TAMS 0x0000000084900000, 0x0000000084800000| Untracked 
|  73|0x0000000084900000, 0x0000000084a00000, 0x0000000084a00000|100%| O|  |TAMS 0x0000000084a00000, 0x0000000084900000| Untracked 
|  74|0x0000000084a00000, 0x0000000084b00000, 0x0000000084b00000|100%| O|  |TAMS 0x0000000084b00000, 0x0000000084a00000| Untracked 
|  75|0x0000000084b00000, 0x0000000084c00000, 0x0000000084c00000|100%| O|  |TAMS 0x0000000084c00000, 0x0000000084b00000| Untracked 
|  76|0x0000000084c00000, 0x0000000084d00000, 0x0000000084d00000|100%| O|  |TAMS 0x0000000084d00000, 0x0000000084c00000| Untracked 
|  77|0x0000000084d00000, 0x0000000084e00000, 0x0000000084e00000|100%| O|  |TAMS 0x0000000084e00000, 0x0000000084d00000| Untracked 
|  78|0x0000000084e00000, 0x0000000084f00000, 0x0000000084f00000|100%| O|  |TAMS 0x0000000084f00000, 0x0000000084e00000| Untracked 
|  79|0x0000000084f00000, 0x0000000085000000, 0x0000000085000000|100%| O|  |TAMS 0x0000000085000000, 0x0000000084f00000| Untracked 
|  80|0x0000000085000000, 0x0000000085100000, 0x0000000085100000|100%| O|  |TAMS 0x0000000085100000, 0x0000000085000000| Untracked 
|  81|0x0000000085100000, 0x0000000085200000, 0x0000000085200000|100%| O|  |TAMS 0x0000000085200000, 0x0000000085100000| Untracked 
|  82|0x0000000085200000, 0x0000000085300000, 0x0000000085300000|100%| O|  |TAMS 0x0000000085300000, 0x0000000085200000| Untracked 
|  83|0x0000000085300000, 0x0000000085400000, 0x0000000085400000|100%| O|  |TAMS 0x0000000085400000, 0x0000000085300000| Untracked 
|  84|0x0000000085400000, 0x0000000085500000, 0x0000000085500000|100%| O|  |TAMS 0x0000000085500000, 0x0000000085400000| Untracked 
|  85|0x0000000085500000, 0x0000000085600000, 0x0000000085600000|100%| O|  |TAMS 0x0000000085600000, 0x0000000085500000| Untracked 
|  86|0x0000000085600000, 0x0000000085700000, 0x0000000085700000|100%| O|  |TAMS 0x0000000085700000, 0x0000000085600000| Untracked 
|  87|0x0000000085700000, 0x0000000085800000, 0x0000000085800000|100%| O|  |TAMS 0x0000000085800000, 0x0000000085700000| Untracked 
|  88|0x0000000085800000, 0x0000000085900000, 0x0000000085900000|100%| O|  |TAMS 0x0000000085900000, 0x0000000085800000| Untracked 
|  89|0x0000000085900000, 0x0000000085a00000, 0x0000000085a00000|100%| O|  |TAMS 0x0000000085900000, 0x0000000085900000| Untracked 
|  90|0x0000000085a00000, 0x0000000085b00000, 0x0000000085b00000|100%|HS|  |TAMS 0x0000000085a00000, 0x0000000085a00000| Complete 
|  91|0x0000000085b00000, 0x0000000085c00000, 0x0000000085c00000|100%| O|  |TAMS 0x0000000085b00000, 0x0000000085b00000| Untracked 
|  92|0x0000000085c00000, 0x0000000085d00000, 0x0000000085d00000|100%| O|  |TAMS 0x0000000085d00000, 0x0000000085c00000| Untracked 
|  93|0x0000000085d00000, 0x0000000085e00000, 0x0000000085e00000|100%| O|  |TAMS 0x0000000085e00000, 0x0000000085d00000| Untracked 
|  94|0x0000000085e00000, 0x0000000085f00000, 0x0000000085f00000|100%| O|  |TAMS 0x0000000085f00000, 0x0000000085e00000| Untracked 
|  95|0x0000000085f00000, 0x0000000086000000, 0x0000000086000000|100%| O|  |TAMS 0x0000000086000000, 0x0000000085f00000| Untracked 
|  96|0x0000000086000000, 0x0000000086100000, 0x0000000086100000|100%| O|  |TAMS 0x0000000086100000, 0x0000000086000000| Untracked 
|  97|0x0000000086100000, 0x0000000086200000, 0x0000000086200000|100%| O|  |TAMS 0x0000000086200000, 0x0000000086100000| Untracked 
|  98|0x0000000086200000, 0x0000000086300000, 0x0000000086300000|100%| O|  |TAMS 0x0000000086300000, 0x0000000086200000| Untracked 
|  99|0x0000000086300000, 0x0000000086400000, 0x0000000086400000|100%| O|  |TAMS 0x0000000086400000, 0x0000000086300000| Untracked 
| 100|0x0000000086400000, 0x0000000086500000, 0x0000000086500000|100%| O|  |TAMS 0x0000000086500000, 0x0000000086400000| Untracked 
| 101|0x0000000086500000, 0x0000000086600000, 0x0000000086600000|100%| O|  |TAMS 0x0000000086600000, 0x0000000086500000| Untracked 
| 102|0x0000000086600000, 0x0000000086700000, 0x0000000086700000|100%| O|  |TAMS 0x0000000086700000, 0x0000000086600000| Untracked 
| 103|0x0000000086700000, 0x0000000086800000, 0x0000000086800000|100%| O|  |TAMS 0x0000000086800000, 0x0000000086700000| Untracked 
| 104|0x0000000086800000, 0x0000000086900000, 0x0000000086900000|100%| O|  |TAMS 0x0000000086900000, 0x0000000086800000| Untracked 
| 105|0x0000000086900000, 0x0000000086a00000, 0x0000000086a00000|100%| O|  |TAMS 0x0000000086a00000, 0x0000000086900000| Untracked 
| 106|0x0000000086a00000, 0x0000000086b00000, 0x0000000086b00000|100%| O|  |TAMS 0x0000000086b00000, 0x0000000086a00000| Untracked 
| 107|0x0000000086b00000, 0x0000000086c00000, 0x0000000086c00000|100%| O|  |TAMS 0x0000000086c00000, 0x0000000086b00000| Untracked 
| 108|0x0000000086c00000, 0x0000000086d00000, 0x0000000086d00000|100%| O|  |TAMS 0x0000000086c00000, 0x0000000086c00000| Untracked 
| 109|0x0000000086d00000, 0x0000000086e00000, 0x0000000086e00000|100%| O|  |TAMS 0x0000000086e00000, 0x0000000086d00000| Untracked 
| 110|0x0000000086e00000, 0x0000000086f00000, 0x0000000086f00000|100%| O|  |TAMS 0x0000000086f00000, 0x0000000086e00000| Untracked 
| 111|0x0000000086f00000, 0x0000000087000000, 0x0000000087000000|100%| O|  |TAMS 0x0000000087000000, 0x0000000086f00000| Untracked 
| 112|0x0000000087000000, 0x0000000087100000, 0x0000000087100000|100%| O|  |TAMS 0x0000000087100000, 0x0000000087000000| Untracked 
| 113|0x0000000087100000, 0x0000000087200000, 0x0000000087200000|100%| O|  |TAMS 0x0000000087200000, 0x0000000087100000| Untracked 
| 114|0x0000000087200000, 0x0000000087300000, 0x0000000087300000|100%| O|  |TAMS 0x0000000087200000, 0x0000000087200000| Untracked 
| 115|0x0000000087300000, 0x0000000087400000, 0x0000000087400000|100%| O|  |TAMS 0x0000000087400000, 0x0000000087300000| Untracked 
| 116|0x0000000087400000, 0x0000000087500000, 0x0000000087500000|100%| O|  |TAMS 0x0000000087500000, 0x0000000087400000| Untracked 
| 117|0x0000000087500000, 0x0000000087600000, 0x0000000087600000|100%| O|  |TAMS 0x0000000087600000, 0x0000000087500000| Untracked 
| 118|0x0000000087600000, 0x0000000087700000, 0x0000000087700000|100%| O|  |TAMS 0x0000000087700000, 0x0000000087600000| Untracked 
| 119|0x0000000087700000, 0x0000000087800000, 0x0000000087800000|100%| O|  |TAMS 0x0000000087800000, 0x0000000087700000| Untracked 
| 120|0x0000000087800000, 0x0000000087900000, 0x0000000087900000|100%| O|  |TAMS 0x0000000087900000, 0x0000000087800000| Untracked 
| 121|0x0000000087900000, 0x0000000087a00000, 0x0000000087a00000|100%| O|  |TAMS 0x0000000087a00000, 0x0000000087900000| Untracked 
| 122|0x0000000087a00000, 0x0000000087b00000, 0x0000000087b00000|100%| O|  |TAMS 0x0000000087a00000, 0x0000000087a00000| Untracked 
| 123|0x0000000087b00000, 0x0000000087c00000, 0x0000000087c00000|100%| O|  |TAMS 0x0000000087c00000, 0x0000000087b00000| Untracked 
| 124|0x0000000087c00000, 0x0000000087d00000, 0x0000000087d00000|100%| O|  |TAMS 0x0000000087d00000, 0x0000000087c00000| Untracked 
| 125|0x0000000087d00000, 0x0000000087e00000, 0x0000000087e00000|100%| O|  |TAMS 0x0000000087e00000, 0x0000000087d00000| Untracked 
| 126|0x0000000087e00000, 0x0000000087f00000, 0x0000000087f00000|100%| O|  |TAMS 0x0000000087f00000, 0x0000000087e00000| Untracked 
| 127|0x0000000087f00000, 0x0000000088000000, 0x0000000088000000|100%| O|  |TAMS 0x0000000087fc1e00, 0x0000000087f00000| Untracked 
| 128|0x0000000088000000, 0x0000000088100000, 0x0000000088100000|100%| O|  |TAMS 0x0000000088000000, 0x0000000088000000| Untracked 
| 129|0x0000000088100000, 0x0000000088200000, 0x0000000088200000|100%| O|  |TAMS 0x0000000088100000, 0x0000000088100000| Untracked 
| 130|0x0000000088200000, 0x0000000088300000, 0x0000000088300000|100%| O|  |TAMS 0x0000000088200000, 0x0000000088200000| Untracked 
| 131|0x0000000088300000, 0x0000000088400000, 0x0000000088400000|100%| O|  |TAMS 0x0000000088300000, 0x0000000088300000| Untracked 
| 132|0x0000000088400000, 0x0000000088500000, 0x0000000088500000|100%| O|  |TAMS 0x0000000088500000, 0x0000000088400000| Untracked 
| 133|0x0000000088500000, 0x0000000088600000, 0x0000000088600000|100%| O|  |TAMS 0x0000000088600000, 0x0000000088500000| Untracked 
| 134|0x0000000088600000, 0x0000000088700000, 0x0000000088700000|100%| O|  |TAMS 0x0000000088700000, 0x0000000088600000| Untracked 
| 135|0x0000000088700000, 0x0000000088800000, 0x0000000088800000|100%| O|  |TAMS 0x0000000088800000, 0x0000000088700000| Untracked 
| 136|0x0000000088800000, 0x0000000088900000, 0x0000000088900000|100%| O|  |TAMS 0x0000000088800000, 0x0000000088800000| Untracked 
| 137|0x0000000088900000, 0x0000000088a00000, 0x0000000088a00000|100%| O|  |TAMS 0x0000000088900000, 0x0000000088900000| Untracked 
| 138|0x0000000088a00000, 0x0000000088b00000, 0x0000000088b00000|100%| O|  |TAMS 0x0000000088a00000, 0x0000000088a00000| Untracked 
| 139|0x0000000088b00000, 0x0000000088c00000, 0x0000000088c00000|100%| O|  |TAMS 0x0000000088c00000, 0x0000000088b00000| Untracked 
| 140|0x0000000088c00000, 0x0000000088d00000, 0x0000000088d00000|100%| O|  |TAMS 0x0000000088d00000, 0x0000000088c00000| Untracked 
| 141|0x0000000088d00000, 0x0000000088e00000, 0x0000000088e00000|100%| O|  |TAMS 0x0000000088e00000, 0x0000000088d00000| Untracked 
| 142|0x0000000088e00000, 0x0000000088f00000, 0x0000000088f00000|100%| O|  |TAMS 0x0000000088f00000, 0x0000000088e00000| Untracked 
| 143|0x0000000088f00000, 0x0000000089000000, 0x0000000089000000|100%| O|  |TAMS 0x0000000088f00000, 0x0000000088f00000| Untracked 
| 144|0x0000000089000000, 0x0000000089100000, 0x0000000089100000|100%| O|  |TAMS 0x0000000089000000, 0x0000000089000000| Untracked 
| 145|0x0000000089100000, 0x0000000089200000, 0x0000000089200000|100%| O|  |TAMS 0x0000000089200000, 0x0000000089100000| Untracked 
| 146|0x0000000089200000, 0x0000000089300000, 0x0000000089300000|100%| O|  |TAMS 0x0000000089200000, 0x0000000089200000| Untracked 
| 147|0x0000000089300000, 0x0000000089400000, 0x0000000089400000|100%| O|  |TAMS 0x0000000089300000, 0x0000000089300000| Untracked 
| 148|0x0000000089400000, 0x0000000089500000, 0x0000000089500000|100%| O|  |TAMS 0x0000000089400000, 0x0000000089400000| Untracked 
| 149|0x0000000089500000, 0x0000000089600000, 0x0000000089600000|100%| O|  |TAMS 0x0000000089500000, 0x0000000089500000| Untracked 
| 150|0x0000000089600000, 0x0000000089700000, 0x0000000089700000|100%| O|  |TAMS 0x0000000089600000, 0x0000000089600000| Untracked 
| 151|0x0000000089700000, 0x0000000089800000, 0x0000000089800000|100%| O|  |TAMS 0x0000000089700000, 0x0000000089700000| Untracked 
| 152|0x0000000089800000, 0x0000000089900000, 0x0000000089900000|100%| O|  |TAMS 0x0000000089800000, 0x0000000089800000| Untracked 
| 153|0x0000000089900000, 0x0000000089a00000, 0x0000000089a00000|100%| O|  |TAMS 0x0000000089900000, 0x0000000089900000| Untracked 
| 154|0x0000000089a00000, 0x0000000089a8b800, 0x0000000089b00000| 54%| O|  |TAMS 0x0000000089a00000, 0x0000000089a00000| Untracked 
| 155|0x0000000089b00000, 0x0000000089b00000, 0x0000000089c00000|  0%| F|  |TAMS 0x0000000089b00000, 0x0000000089b00000| Untracked 
| 156|0x0000000089c00000, 0x0000000089c00000, 0x0000000089d00000|  0%| F|  |TAMS 0x0000000089c00000, 0x0000000089c00000| Untracked 
| 157|0x0000000089d00000, 0x0000000089d00000, 0x0000000089e00000|  0%| F|  |TAMS 0x0000000089d00000, 0x0000000089d00000| Untracked 
| 158|0x0000000089e00000, 0x0000000089e00000, 0x0000000089f00000|  0%| F|  |TAMS 0x0000000089e00000, 0x0000000089e00000| Untracked 
| 159|0x0000000089f00000, 0x000000008a000000, 0x000000008a000000|100%| O|  |TAMS 0x000000008a000000, 0x0000000089f00000| Untracked 
| 160|0x000000008a000000, 0x000000008a100000, 0x000000008a100000|100%| O|  |TAMS 0x000000008a100000, 0x000000008a000000| Untracked 
| 161|0x000000008a100000, 0x000000008a200000, 0x000000008a200000|100%| O|  |TAMS 0x000000008a200000, 0x000000008a100000| Untracked 
| 162|0x000000008a200000, 0x000000008a300000, 0x000000008a300000|100%| O|  |TAMS 0x000000008a300000, 0x000000008a200000| Untracked 
| 163|0x000000008a300000, 0x000000008a300000, 0x000000008a400000|  0%| F|  |TAMS 0x000000008a300000, 0x000000008a300000| Untracked 
| 164|0x000000008a400000, 0x000000008a400000, 0x000000008a500000|  0%| F|  |TAMS 0x000000008a400000, 0x000000008a400000| Untracked 
| 165|0x000000008a500000, 0x000000008a500000, 0x000000008a600000|  0%| F|  |TAMS 0x000000008a500000, 0x000000008a500000| Untracked 
| 166|0x000000008a600000, 0x000000008a600000, 0x000000008a700000|  0%| F|  |TAMS 0x000000008a600000, 0x000000008a600000| Untracked 
| 167|0x000000008a700000, 0x000000008a700000, 0x000000008a800000|  0%| F|  |TAMS 0x000000008a700000, 0x000000008a700000| Untracked 
| 168|0x000000008a800000, 0x000000008a800000, 0x000000008a900000|  0%| F|  |TAMS 0x000000008a800000, 0x000000008a800000| Untracked 
| 169|0x000000008a900000, 0x000000008a900000, 0x000000008aa00000|  0%| F|  |TAMS 0x000000008a900000, 0x000000008a900000| Untracked 
| 170|0x000000008aa00000, 0x000000008aa00000, 0x000000008ab00000|  0%| F|  |TAMS 0x000000008aa00000, 0x000000008aa00000| Untracked 
| 171|0x000000008ab00000, 0x000000008ab00000, 0x000000008ac00000|  0%| F|  |TAMS 0x000000008ab00000, 0x000000008ab00000| Untracked 
| 172|0x000000008ac00000, 0x000000008ac00000, 0x000000008ad00000|  0%| F|  |TAMS 0x000000008ac00000, 0x000000008ac00000| Untracked 
| 173|0x000000008ad00000, 0x000000008ad00000, 0x000000008ae00000|  0%| F|  |TAMS 0x000000008ad00000, 0x000000008ad00000| Untracked 
| 174|0x000000008ae00000, 0x000000008ae00000, 0x000000008af00000|  0%| F|  |TAMS 0x000000008ae00000, 0x000000008ae00000| Untracked 
| 175|0x000000008af00000, 0x000000008af00000, 0x000000008b000000|  0%| F|  |TAMS 0x000000008af00000, 0x000000008af00000| Untracked 
| 176|0x000000008b000000, 0x000000008b000000, 0x000000008b100000|  0%| F|  |TAMS 0x000000008b000000, 0x000000008b000000| Untracked 
| 177|0x000000008b100000, 0x000000008b100000, 0x000000008b200000|  0%| F|  |TAMS 0x000000008b100000, 0x000000008b100000| Untracked 
| 178|0x000000008b200000, 0x000000008b200000, 0x000000008b300000|  0%| F|  |TAMS 0x000000008b200000, 0x000000008b200000| Untracked 
| 179|0x000000008b300000, 0x000000008b300000, 0x000000008b400000|  0%| F|  |TAMS 0x000000008b300000, 0x000000008b300000| Untracked 
| 180|0x000000008b400000, 0x000000008b400000, 0x000000008b500000|  0%| F|  |TAMS 0x000000008b400000, 0x000000008b400000| Untracked 
| 181|0x000000008b500000, 0x000000008b500000, 0x000000008b600000|  0%| F|  |TAMS 0x000000008b500000, 0x000000008b500000| Untracked 
| 182|0x000000008b600000, 0x000000008b600000, 0x000000008b700000|  0%| F|  |TAMS 0x000000008b600000, 0x000000008b600000| Untracked 
| 183|0x000000008b700000, 0x000000008b700000, 0x000000008b800000|  0%| F|  |TAMS 0x000000008b700000, 0x000000008b700000| Untracked 
| 184|0x000000008b800000, 0x000000008b800000, 0x000000008b900000|  0%| F|  |TAMS 0x000000008b800000, 0x000000008b800000| Untracked 
| 185|0x000000008b900000, 0x000000008b900000, 0x000000008ba00000|  0%| F|  |TAMS 0x000000008b900000, 0x000000008b900000| Untracked 
| 186|0x000000008ba00000, 0x000000008ba00000, 0x000000008bb00000|  0%| F|  |TAMS 0x000000008ba00000, 0x000000008ba00000| Untracked 
| 187|0x000000008bb00000, 0x000000008bb00000, 0x000000008bc00000|  0%| F|  |TAMS 0x000000008bb00000, 0x000000008bb00000| Untracked 
| 188|0x000000008bc00000, 0x000000008bc00000, 0x000000008bd00000|  0%| F|  |TAMS 0x000000008bc00000, 0x000000008bc00000| Untracked 
| 189|0x000000008bd00000, 0x000000008bd00000, 0x000000008be00000|  0%| F|  |TAMS 0x000000008bd00000, 0x000000008bd00000| Untracked 
| 190|0x000000008be00000, 0x000000008be00000, 0x000000008bf00000|  0%| F|  |TAMS 0x000000008be00000, 0x000000008be00000| Untracked 
| 191|0x000000008bf00000, 0x000000008bf00000, 0x000000008c000000|  0%| F|  |TAMS 0x000000008bf00000, 0x000000008bf00000| Untracked 
| 192|0x000000008c000000, 0x000000008c000000, 0x000000008c100000|  0%| F|  |TAMS 0x000000008c000000, 0x000000008c000000| Untracked 
| 193|0x000000008c100000, 0x000000008c100000, 0x000000008c200000|  0%| F|  |TAMS 0x000000008c100000, 0x000000008c100000| Untracked 
| 194|0x000000008c200000, 0x000000008c200000, 0x000000008c300000|  0%| F|  |TAMS 0x000000008c200000, 0x000000008c200000| Untracked 
| 195|0x000000008c300000, 0x000000008c300000, 0x000000008c400000|  0%| F|  |TAMS 0x000000008c300000, 0x000000008c300000| Untracked 
| 196|0x000000008c400000, 0x000000008c400000, 0x000000008c500000|  0%| F|  |TAMS 0x000000008c400000, 0x000000008c400000| Untracked 
| 197|0x000000008c500000, 0x000000008c500000, 0x000000008c600000|  0%| F|  |TAMS 0x000000008c500000, 0x000000008c500000| Untracked 
| 198|0x000000008c600000, 0x000000008c600000, 0x000000008c700000|  0%| F|  |TAMS 0x000000008c600000, 0x000000008c600000| Untracked 
| 199|0x000000008c700000, 0x000000008c700000, 0x000000008c800000|  0%| F|  |TAMS 0x000000008c700000, 0x000000008c700000| Untracked 
| 200|0x000000008c800000, 0x000000008c800000, 0x000000008c900000|  0%| F|  |TAMS 0x000000008c800000, 0x000000008c800000| Untracked 
| 201|0x000000008c900000, 0x000000008c900000, 0x000000008ca00000|  0%| F|  |TAMS 0x000000008c900000, 0x000000008c900000| Untracked 
| 202|0x000000008ca00000, 0x000000008ca00000, 0x000000008cb00000|  0%| F|  |TAMS 0x000000008ca00000, 0x000000008ca00000| Untracked 
| 203|0x000000008cb00000, 0x000000008cb00000, 0x000000008cc00000|  0%| F|  |TAMS 0x000000008cb00000, 0x000000008cb00000| Untracked 
| 204|0x000000008cc00000, 0x000000008cc00000, 0x000000008cd00000|  0%| F|  |TAMS 0x000000008cc00000, 0x000000008cc00000| Untracked 
| 205|0x000000008cd00000, 0x000000008cd00000, 0x000000008ce00000|  0%| F|  |TAMS 0x000000008cd00000, 0x000000008cd00000| Untracked 
| 206|0x000000008ce00000, 0x000000008ce00000, 0x000000008cf00000|  0%| F|  |TAMS 0x000000008ce00000, 0x000000008ce00000| Untracked 
| 207|0x000000008cf00000, 0x000000008cf00000, 0x000000008d000000|  0%| F|  |TAMS 0x000000008cf00000, 0x000000008cf00000| Untracked 
| 208|0x000000008d000000, 0x000000008d000000, 0x000000008d100000|  0%| F|  |TAMS 0x000000008d000000, 0x000000008d000000| Untracked 
| 209|0x000000008d100000, 0x000000008d100000, 0x000000008d200000|  0%| F|  |TAMS 0x000000008d100000, 0x000000008d100000| Untracked 
| 210|0x000000008d200000, 0x000000008d200000, 0x000000008d300000|  0%| F|  |TAMS 0x000000008d200000, 0x000000008d200000| Untracked 
| 211|0x000000008d300000, 0x000000008d300000, 0x000000008d400000|  0%| F|  |TAMS 0x000000008d300000, 0x000000008d300000| Untracked 
| 212|0x000000008d400000, 0x000000008d400000, 0x000000008d500000|  0%| F|  |TAMS 0x000000008d400000, 0x000000008d400000| Untracked 
| 213|0x000000008d500000, 0x000000008d500000, 0x000000008d600000|  0%| F|  |TAMS 0x000000008d500000, 0x000000008d500000| Untracked 
| 214|0x000000008d600000, 0x000000008d600000, 0x000000008d700000|  0%| F|  |TAMS 0x000000008d600000, 0x000000008d600000| Untracked 
| 215|0x000000008d700000, 0x000000008d700000, 0x000000008d800000|  0%| F|  |TAMS 0x000000008d700000, 0x000000008d700000| Untracked 
| 216|0x000000008d800000, 0x000000008d800000, 0x000000008d900000|  0%| F|  |TAMS 0x000000008d800000, 0x000000008d800000| Untracked 
| 217|0x000000008d900000, 0x000000008d900000, 0x000000008da00000|  0%| F|  |TAMS 0x000000008d900000, 0x000000008d900000| Untracked 
| 218|0x000000008da00000, 0x000000008da00000, 0x000000008db00000|  0%| F|  |TAMS 0x000000008da00000, 0x000000008da00000| Untracked 
| 219|0x000000008db00000, 0x000000008db00000, 0x000000008dc00000|  0%| F|  |TAMS 0x000000008db00000, 0x000000008db00000| Untracked 
| 220|0x000000008dc00000, 0x000000008dc00000, 0x000000008dd00000|  0%| F|  |TAMS 0x000000008dc00000, 0x000000008dc00000| Untracked 
| 221|0x000000008dd00000, 0x000000008dd00000, 0x000000008de00000|  0%| F|  |TAMS 0x000000008dd00000, 0x000000008dd00000| Untracked 
| 222|0x000000008de00000, 0x000000008de00000, 0x000000008df00000|  0%| F|  |TAMS 0x000000008de00000, 0x000000008de00000| Untracked 
| 223|0x000000008df00000, 0x000000008df00000, 0x000000008e000000|  0%| F|  |TAMS 0x000000008df00000, 0x000000008df00000| Untracked 
| 224|0x000000008e000000, 0x000000008e000000, 0x000000008e100000|  0%| F|  |TAMS 0x000000008e000000, 0x000000008e000000| Untracked 
| 225|0x000000008e100000, 0x000000008e100000, 0x000000008e200000|  0%| F|  |TAMS 0x000000008e100000, 0x000000008e100000| Untracked 
| 226|0x000000008e200000, 0x000000008e200000, 0x000000008e300000|  0%| F|  |TAMS 0x000000008e200000, 0x000000008e200000| Untracked 
| 227|0x000000008e300000, 0x000000008e300000, 0x000000008e400000|  0%| F|  |TAMS 0x000000008e300000, 0x000000008e300000| Untracked 
| 228|0x000000008e400000, 0x000000008e400000, 0x000000008e500000|  0%| F|  |TAMS 0x000000008e400000, 0x000000008e400000| Untracked 
| 229|0x000000008e500000, 0x000000008e500000, 0x000000008e600000|  0%| F|  |TAMS 0x000000008e500000, 0x000000008e500000| Untracked 
| 230|0x000000008e600000, 0x000000008e600000, 0x000000008e700000|  0%| F|  |TAMS 0x000000008e600000, 0x000000008e600000| Untracked 
| 231|0x000000008e700000, 0x000000008e700000, 0x000000008e800000|  0%| F|  |TAMS 0x000000008e700000, 0x000000008e700000| Untracked 
| 232|0x000000008e800000, 0x000000008e800000, 0x000000008e900000|  0%| F|  |TAMS 0x000000008e800000, 0x000000008e800000| Untracked 
| 233|0x000000008e900000, 0x000000008e900000, 0x000000008ea00000|  0%| F|  |TAMS 0x000000008e900000, 0x000000008e900000| Untracked 
| 234|0x000000008ea00000, 0x000000008ea00000, 0x000000008eb00000|  0%| F|  |TAMS 0x000000008ea00000, 0x000000008ea00000| Untracked 
| 235|0x000000008eb00000, 0x000000008eb00000, 0x000000008ec00000|  0%| F|  |TAMS 0x000000008eb00000, 0x000000008eb00000| Untracked 
| 236|0x000000008ec00000, 0x000000008ec00000, 0x000000008ed00000|  0%| F|  |TAMS 0x000000008ec00000, 0x000000008ec00000| Untracked 
| 237|0x000000008ed00000, 0x000000008ed00000, 0x000000008ee00000|  0%| F|  |TAMS 0x000000008ed00000, 0x000000008ed00000| Untracked 
| 238|0x000000008ee00000, 0x000000008ee00000, 0x000000008ef00000|  0%| F|  |TAMS 0x000000008ee00000, 0x000000008ee00000| Untracked 
| 239|0x000000008ef00000, 0x000000008ef00000, 0x000000008f000000|  0%| F|  |TAMS 0x000000008ef00000, 0x000000008ef00000| Untracked 
| 240|0x000000008f000000, 0x000000008f000000, 0x000000008f100000|  0%| F|  |TAMS 0x000000008f000000, 0x000000008f000000| Untracked 
| 241|0x000000008f100000, 0x000000008f100000, 0x000000008f200000|  0%| F|  |TAMS 0x000000008f100000, 0x000000008f100000| Untracked 
| 242|0x000000008f200000, 0x000000008f2fcd10, 0x000000008f300000| 98%| E|  |TAMS 0x000000008f200000, 0x000000008f200000| Complete 
| 243|0x000000008f300000, 0x000000008f400000, 0x000000008f400000|100%| E|CS|TAMS 0x000000008f300000, 0x000000008f300000| Complete 
| 244|0x000000008f400000, 0x000000008f500000, 0x000000008f500000|100%| E|CS|TAMS 0x000000008f400000, 0x000000008f400000| Complete 
| 245|0x000000008f500000, 0x000000008f600000, 0x000000008f600000|100%| E|CS|TAMS 0x000000008f500000, 0x000000008f500000| Complete 
| 246|0x000000008f600000, 0x000000008f700000, 0x000000008f700000|100%| E|CS|TAMS 0x000000008f600000, 0x000000008f600000| Complete 
| 247|0x000000008f700000, 0x000000008f800000, 0x000000008f800000|100%| E|CS|TAMS 0x000000008f700000, 0x000000008f700000| Complete 
| 248|0x000000008f800000, 0x000000008f900000, 0x000000008f900000|100%| E|CS|TAMS 0x000000008f800000, 0x000000008f800000| Complete 
| 249|0x000000008f900000, 0x000000008fa00000, 0x000000008fa00000|100%| E|CS|TAMS 0x000000008f900000, 0x000000008f900000| Complete 
| 250|0x000000008fa00000, 0x000000008fb00000, 0x000000008fb00000|100%| E|CS|TAMS 0x000000008fa00000, 0x000000008fa00000| Complete 
| 251|0x000000008fb00000, 0x000000008fc00000, 0x000000008fc00000|100%| E|CS|TAMS 0x000000008fb00000, 0x000000008fb00000| Complete 
| 252|0x000000008fc00000, 0x000000008fd00000, 0x000000008fd00000|100%| E|CS|TAMS 0x000000008fc00000, 0x000000008fc00000| Complete 
| 253|0x000000008fd00000, 0x000000008fe00000, 0x000000008fe00000|100%| E|CS|TAMS 0x000000008fd00000, 0x000000008fd00000| Complete 
| 254|0x000000008fe00000, 0x000000008ff00000, 0x000000008ff00000|100%| E|CS|TAMS 0x000000008fe00000, 0x000000008fe00000| Complete 
| 255|0x000000008ff00000, 0x0000000090000000, 0x0000000090000000|100%| E|CS|TAMS 0x000000008ff00000, 0x000000008ff00000| Complete 
| 256|0x0000000090000000, 0x0000000090100000, 0x0000000090100000|100%| E|CS|TAMS 0x0000000090000000, 0x0000000090000000| Complete 
| 257|0x0000000090100000, 0x0000000090200000, 0x0000000090200000|100%| E|CS|TAMS 0x0000000090100000, 0x0000000090100000| Complete 
| 258|0x0000000090200000, 0x0000000090300000, 0x0000000090300000|100%| E|CS|TAMS 0x0000000090200000, 0x0000000090200000| Complete 
| 259|0x0000000090300000, 0x0000000090400000, 0x0000000090400000|100%| E|CS|TAMS 0x0000000090300000, 0x0000000090300000| Complete 
| 260|0x0000000090400000, 0x0000000090500000, 0x0000000090500000|100%| E|CS|TAMS 0x0000000090400000, 0x0000000090400000| Complete 
| 261|0x0000000090500000, 0x0000000090600000, 0x0000000090600000|100%| E|CS|TAMS 0x0000000090500000, 0x0000000090500000| Complete 
| 262|0x0000000090600000, 0x0000000090700000, 0x0000000090700000|100%| E|CS|TAMS 0x0000000090600000, 0x0000000090600000| Complete 
| 263|0x0000000090700000, 0x0000000090800000, 0x0000000090800000|100%| E|CS|TAMS 0x0000000090700000, 0x0000000090700000| Complete 
| 264|0x0000000090800000, 0x0000000090900000, 0x0000000090900000|100%| E|CS|TAMS 0x0000000090800000, 0x0000000090800000| Complete 
| 265|0x0000000090900000, 0x0000000090a00000, 0x0000000090a00000|100%| E|CS|TAMS 0x0000000090900000, 0x0000000090900000| Complete 
| 266|0x0000000090a00000, 0x0000000090b00000, 0x0000000090b00000|100%| E|CS|TAMS 0x0000000090a00000, 0x0000000090a00000| Complete 
| 267|0x0000000090b00000, 0x0000000090c00000, 0x0000000090c00000|100%| E|CS|TAMS 0x0000000090b00000, 0x0000000090b00000| Complete 
| 268|0x0000000090c00000, 0x0000000090d00000, 0x0000000090d00000|100%| E|CS|TAMS 0x0000000090c00000, 0x0000000090c00000| Complete 
| 269|0x0000000090d00000, 0x0000000090e00000, 0x0000000090e00000|100%| E|CS|TAMS 0x0000000090d00000, 0x0000000090d00000| Complete 
| 270|0x0000000090e00000, 0x0000000090f00000, 0x0000000090f00000|100%| E|CS|TAMS 0x0000000090e00000, 0x0000000090e00000| Complete 
| 271|0x0000000090f00000, 0x0000000091000000, 0x0000000091000000|100%| E|CS|TAMS 0x0000000090f00000, 0x0000000090f00000| Complete 
| 272|0x0000000091000000, 0x0000000091100000, 0x0000000091100000|100%| E|CS|TAMS 0x0000000091000000, 0x0000000091000000| Complete 
| 273|0x0000000091100000, 0x0000000091200000, 0x0000000091200000|100%| E|CS|TAMS 0x0000000091100000, 0x0000000091100000| Complete 
| 274|0x0000000091200000, 0x0000000091300000, 0x0000000091300000|100%| E|CS|TAMS 0x0000000091200000, 0x0000000091200000| Complete 
| 275|0x0000000091300000, 0x0000000091400000, 0x0000000091400000|100%| E|CS|TAMS 0x0000000091300000, 0x0000000091300000| Complete 
| 276|0x0000000091400000, 0x0000000091500000, 0x0000000091500000|100%| E|CS|TAMS 0x0000000091400000, 0x0000000091400000| Complete 
| 277|0x0000000091500000, 0x0000000091600000, 0x0000000091600000|100%| E|CS|TAMS 0x0000000091500000, 0x0000000091500000| Complete 
| 278|0x0000000091600000, 0x0000000091700000, 0x0000000091700000|100%| E|CS|TAMS 0x0000000091600000, 0x0000000091600000| Complete 
| 279|0x0000000091700000, 0x0000000091800000, 0x0000000091800000|100%| E|CS|TAMS 0x0000000091700000, 0x0000000091700000| Complete 
| 280|0x0000000091800000, 0x0000000091900000, 0x0000000091900000|100%| E|CS|TAMS 0x0000000091800000, 0x0000000091800000| Complete 
| 281|0x0000000091900000, 0x0000000091a00000, 0x0000000091a00000|100%| E|CS|TAMS 0x0000000091900000, 0x0000000091900000| Complete 
| 282|0x0000000091a00000, 0x0000000091b00000, 0x0000000091b00000|100%| E|CS|TAMS 0x0000000091a00000, 0x0000000091a00000| Complete 
| 283|0x0000000091b00000, 0x0000000091c00000, 0x0000000091c00000|100%| E|CS|TAMS 0x0000000091b00000, 0x0000000091b00000| Complete 
| 284|0x0000000091c00000, 0x0000000091d00000, 0x0000000091d00000|100%| E|CS|TAMS 0x0000000091c00000, 0x0000000091c00000| Complete 
| 285|0x0000000091d00000, 0x0000000091e00000, 0x0000000091e00000|100%| E|CS|TAMS 0x0000000091d00000, 0x0000000091d00000| Complete 
| 286|0x0000000091e00000, 0x0000000091f00000, 0x0000000091f00000|100%| E|CS|TAMS 0x0000000091e00000, 0x0000000091e00000| Complete 
| 287|0x0000000091f00000, 0x0000000092000000, 0x0000000092000000|100%| E|CS|TAMS 0x0000000091f00000, 0x0000000091f00000| Complete 
| 288|0x0000000092000000, 0x0000000092100000, 0x0000000092100000|100%| E|CS|TAMS 0x0000000092000000, 0x0000000092000000| Complete 
| 289|0x0000000092100000, 0x0000000092200000, 0x0000000092200000|100%| E|CS|TAMS 0x0000000092100000, 0x0000000092100000| Complete 
| 290|0x0000000092200000, 0x0000000092300000, 0x0000000092300000|100%| E|CS|TAMS 0x0000000092200000, 0x0000000092200000| Complete 
| 291|0x0000000092300000, 0x0000000092400000, 0x0000000092400000|100%| E|CS|TAMS 0x0000000092300000, 0x0000000092300000| Complete 
| 292|0x0000000092400000, 0x0000000092500000, 0x0000000092500000|100%| E|CS|TAMS 0x0000000092400000, 0x0000000092400000| Complete 
| 293|0x0000000092500000, 0x0000000092600000, 0x0000000092600000|100%| E|  |TAMS 0x0000000092500000, 0x0000000092500000| Complete 
| 294|0x0000000092600000, 0x0000000092700000, 0x0000000092700000|100%| E|CS|TAMS 0x0000000092600000, 0x0000000092600000| Complete 
| 295|0x0000000092700000, 0x0000000092800000, 0x0000000092800000|100%| E|CS|TAMS 0x0000000092700000, 0x0000000092700000| Complete 
| 296|0x0000000092800000, 0x0000000092900000, 0x0000000092900000|100%| E|CS|TAMS 0x0000000092800000, 0x0000000092800000| Complete 
| 297|0x0000000092900000, 0x0000000092a00000, 0x0000000092a00000|100%| E|CS|TAMS 0x0000000092900000, 0x0000000092900000| Complete 
| 298|0x0000000092a00000, 0x0000000092b00000, 0x0000000092b00000|100%| E|CS|TAMS 0x0000000092a00000, 0x0000000092a00000| Complete 
| 299|0x0000000092b00000, 0x0000000092c00000, 0x0000000092c00000|100%| S|CS|TAMS 0x0000000092b00000, 0x0000000092b00000| Complete 
| 300|0x0000000092c00000, 0x0000000092d00000, 0x0000000092d00000|100%| S|CS|TAMS 0x0000000092c00000, 0x0000000092c00000| Complete 
| 301|0x0000000092d00000, 0x0000000092e00000, 0x0000000092e00000|100%| E|CS|TAMS 0x0000000092d00000, 0x0000000092d00000| Complete 
| 302|0x0000000092e00000, 0x0000000092f00000, 0x0000000092f00000|100%| E|CS|TAMS 0x0000000092e00000, 0x0000000092e00000| Complete 
| 303|0x0000000092f00000, 0x0000000093000000, 0x0000000093000000|100%| E|CS|TAMS 0x0000000092f00000, 0x0000000092f00000| Complete 
| 304|0x0000000093000000, 0x0000000093100000, 0x0000000093100000|100%| E|CS|TAMS 0x0000000093000000, 0x0000000093000000| Complete 
| 305|0x0000000093100000, 0x0000000093200000, 0x0000000093200000|100%| E|CS|TAMS 0x0000000093100000, 0x0000000093100000| Complete 
| 306|0x0000000093200000, 0x0000000093300000, 0x0000000093300000|100%| E|CS|TAMS 0x0000000093200000, 0x0000000093200000| Complete 
| 307|0x0000000093300000, 0x0000000093400000, 0x0000000093400000|100%| E|CS|TAMS 0x0000000093300000, 0x0000000093300000| Complete 

Card table byte_map: [0x00000234fc910000,0x00000234fcd10000] _byte_map_base: 0x00000234fc510000

Marking Bits (Prev, Next): (CMBitMap*) 0x00000234e99049d8, (CMBitMap*) 0x00000234e9904a10
 Prev Bits: [0x00000234fd110000, 0x00000234ff110000)
 Next Bits: [0x0000023480000000, 0x0000023482000000)

Polling page: 0x00000234e74f0000

Metaspace:

Usage:
  Non-class:    128.39 MB capacity,   125.14 MB ( 97%) used,     2.73 MB (  2%) free+waste,   526.69 KB ( <1%) overhead. 
      Class:     19.40 MB capacity,    17.65 MB ( 91%) used,     1.51 MB (  8%) free+waste,   240.19 KB (  1%) overhead. 
       Both:    147.79 MB capacity,   142.79 MB ( 97%) used,     4.25 MB (  3%) free+waste,   766.88 KB ( <1%) overhead. 

Virtual space:
  Non-class space:      130.00 MB reserved,     128.71 MB (>99%) committed 
      Class space:        1.00 GB reserved,      19.57 MB (  2%) committed 
             Both:        1.13 GB reserved,     148.29 MB ( 13%) committed 

Chunk freelists:
   Non-Class:  264.00 KB
       Class:  137.00 KB
        Both:  401.00 KB

MaxMetaspaceSize: 17179869184.00 GB
CompressedClassSpaceSize: 1.00 GB

CodeHeap 'non-profiled nmethods': size=120000Kb used=14160Kb max_used=14160Kb free=105840Kb
 bounds [0x00000234f4cb0000, 0x00000234f5a90000, 0x00000234fc1e0000]
CodeHeap 'profiled nmethods': size=120000Kb used=44458Kb max_used=44458Kb free=75541Kb
 bounds [0x00000234ed780000, 0x00000234f0320000, 0x00000234f4cb0000]
CodeHeap 'non-nmethods': size=5760Kb used=2456Kb max_used=2512Kb free=3303Kb
 bounds [0x00000234ed1e0000, 0x00000234ed460000, 0x00000234ed780000]
 total_blobs=22456 nmethods=21330 adapters=1036
 compilation: enabled
              stopped_count=0, restarted_count=0
 full_count=0

Compilation events (20 events):
Event: 1692.538 Thread 0x00000234ffcce000 nmethod 25537 0x00000234f02dc410 code [0x00000234f02dc620, 0x00000234f02dcd08]
Event: 1692.538 Thread 0x00000234ffcce000 25539       2       com.android.tools.r8.graph.a1$a::a (731 bytes)
Event: 1692.544 Thread 0x00000234ffcce000 nmethod 25539 0x00000234f02dd090 code [0x00000234f02dd520, 0x00000234f02e0438]
Event: 1692.544 Thread 0x00000234ffcce000 25544       3       com.android.tools.r8.graph.q0::a (258 bytes)
Event: 1692.545 Thread 0x00000234ffcce000 nmethod 25544 0x00000234f02e1590 code [0x00000234f02e17c0, 0x00000234f02e20c8]
Event: 1692.545 Thread 0x00000234ffcce000 25535 %     3       com.android.tools.r8.C.a.a.f::a @ 103 (131 bytes)
Event: 1692.546 Thread 0x00000234ffcca000 nmethod 25239 0x00000234f5a7bd10 code [0x00000234f5a7bee0, 0x00000234f5a7c3b8]
Event: 1692.546 Thread 0x00000234ffcca000 25488       4       com.android.tools.r8.graph.a1$$Lambda$1717/0x000000010121f440::accept (28 bytes)
Event: 1692.546 Thread 0x00000234ffcce000 nmethod 25535% 0x00000234f02e2410 code [0x00000234f02e2660, 0x00000234f02e2f78]
Event: 1692.546 Thread 0x00000234ffcce000 25546       3       com.android.tools.r8.w.a.a.a.f.e::putAll (124 bytes)
Event: 1692.547 Thread 0x00000234ffcce000 nmethod 25546 0x00000234f02e3410 code [0x00000234f02e36e0, 0x00000234f02e46d8]
Event: 1692.547 Thread 0x00000234ffcce000 25524       2       com.android.tools.r8.graph.a1$b::a (697 bytes)
Event: 1692.553 Thread 0x00000234ffcce000 nmethod 25524 0x00000234f02e4a90 code [0x00000234f02e4f20, 0x00000234f02e6c08]
Event: 1692.553 Thread 0x00000234ffcce000 25550 %     3       com.android.tools.r8.C.a.a.f::a @ 2576 (6058 bytes)
Event: 1692.559 Thread 0x00000234ffcca000 nmethod 25488 0x00000234f5a7c610 code [0x00000234f5a7c7e0, 0x00000234f5a7cfa8]
Event: 1692.559 Thread 0x00000234ffcca000 25549       4       java.util.IdentityHashMap::<init> (11 bytes)
Event: 1692.561 Thread 0x00000234ffcca000 nmethod 25549 0x00000234f5a7d390 code [0x00000234f5a7d520, 0x00000234f5a7d6d8]
Event: 1692.561 Thread 0x00000234ffcca000 25556 %     4       com.android.tools.r8.C.a.a.f::<init> @ 106 (383 bytes)
Event: 1692.569 Thread 0x00000234ffcca000 nmethod 25556% 0x00000234f5a7d790 code [0x00000234f5a7d940, 0x00000234f5a7dd58]
Event: 1692.569 Thread 0x00000234ffcca000 25531       4       com.android.tools.r8.graph.l0::j (30 bytes)

GC Heap History (20 events):
Event: 1689.077 GC heap before
{Heap before GC invocations=43 (full 0):
 garbage-first heap   total 262144K, used 214977K [0x0000000080000000, 0x0000000100000000)
  region size 1024K, 59 young (60416K), 2 survivors (2048K)
 Metaspace       used 135818K, capacity 140204K, committed 140324K, reserved 1171456K
  class space    used 16654K, capacity 18177K, committed 18252K, reserved 1048576K
}
Event: 1689.084 GC heap after
{Heap after GC invocations=44 (full 0):
 garbage-first heap   total 262144K, used 161704K [0x0000000080000000, 0x0000000100000000)
  region size 1024K, 6 young (6144K), 6 survivors (6144K)
 Metaspace       used 135818K, capacity 140204K, committed 140324K, reserved 1171456K
  class space    used 16654K, capacity 18177K, committed 18252K, reserved 1048576K
}
Event: 1689.649 GC heap before
{Heap before GC invocations=44 (full 0):
 garbage-first heap   total 262144K, used 215976K [0x0000000080000000, 0x0000000100000000)
  region size 1024K, 60 young (61440K), 6 survivors (6144K)
 Metaspace       used 136638K, capacity 141044K, committed 141092K, reserved 1171456K
  class space    used 16718K, capacity 18218K, committed 18252K, reserved 1048576K
}
Event: 1689.656 GC heap after
{Heap after GC invocations=45 (full 0):
 garbage-first heap   total 262144K, used 162233K [0x0000000080000000, 0x0000000100000000)
  region size 1024K, 4 young (4096K), 4 survivors (4096K)
 Metaspace       used 136638K, capacity 141044K, committed 141092K, reserved 1171456K
  class space    used 16718K, capacity 18218K, committed 18252K, reserved 1048576K
}
Event: 1690.437 GC heap before
{Heap before GC invocations=45 (full 0):
 garbage-first heap   total 262144K, used 217529K [0x0000000080000000, 0x0000000100000000)
  region size 1024K, 59 young (60416K), 4 survivors (4096K)
 Metaspace       used 136919K, capacity 141342K, committed 141476K, reserved 1173504K
  class space    used 16741K, capacity 18290K, committed 18380K, reserved 1048576K
}
Event: 1690.444 GC heap after
{Heap after GC invocations=46 (full 0):
 garbage-first heap   total 262144K, used 163379K [0x0000000080000000, 0x0000000100000000)
  region size 1024K, 5 young (5120K), 5 survivors (5120K)
 Metaspace       used 136919K, capacity 141342K, committed 141476K, reserved 1173504K
  class space    used 16741K, capacity 18290K, committed 18380K, reserved 1048576K
}
Event: 1691.057 GC heap before
{Heap before GC invocations=47 (full 0):
 garbage-first heap   total 262144K, used 209125K [0x0000000080000000, 0x0000000100000000)
  region size 1024K, 62 young (63488K), 5 survivors (5120K)
 Metaspace       used 139739K, capacity 144514K, committed 144804K, reserved 1175552K
  class space    used 17165K, capacity 18780K, committed 18892K, reserved 1048576K
}
Event: 1691.068 GC heap after
{Heap after GC invocations=48 (full 0):
 garbage-first heap   total 262144K, used 155268K [0x0000000080000000, 0x0000000100000000)
  region size 1024K, 8 young (8192K), 8 survivors (8192K)
 Metaspace       used 139739K, capacity 144514K, committed 144804K, reserved 1175552K
  class space    used 17165K, capacity 18780K, committed 18892K, reserved 1048576K
}
Event: 1691.100 GC heap before
{Heap before GC invocations=48 (full 0):
 garbage-first heap   total 262144K, used 159364K [0x0000000080000000, 0x0000000100000000)
  region size 1024K, 12 young (12288K), 8 survivors (8192K)
 Metaspace       used 140061K, capacity 144853K, committed 145060K, reserved 1175552K
  class space    used 17208K, capacity 18829K, committed 18892K, reserved 1048576K
}
Event: 1691.116 GC heap after
{Heap after GC invocations=49 (full 0):
 garbage-first heap   total 262144K, used 139175K [0x0000000080000000, 0x0000000100000000)
  region size 1024K, 2 young (2048K), 2 survivors (2048K)
 Metaspace       used 140061K, capacity 144853K, committed 145060K, reserved 1175552K
  class space    used 17208K, capacity 18829K, committed 18892K, reserved 1048576K
}
Event: 1691.656 GC heap before
{Heap before GC invocations=49 (full 0):
 garbage-first heap   total 262144K, used 215975K [0x0000000080000000, 0x0000000100000000)
  region size 1024K, 77 young (78848K), 2 survivors (2048K)
 Metaspace       used 145103K, capacity 150298K, committed 150436K, reserved 1179648K
  class space    used 18047K, capacity 19870K, committed 19916K, reserved 1048576K
}
Event: 1691.665 GC heap after
{Heap after GC invocations=50 (full 0):
 garbage-first heap   total 262144K, used 140962K [0x0000000080000000, 0x0000000100000000)
  region size 1024K, 3 young (3072K), 3 survivors (3072K)
 Metaspace       used 145103K, capacity 150298K, committed 150436K, reserved 1179648K
  class space    used 18047K, capacity 19870K, committed 19916K, reserved 1048576K
}
Event: 1691.915 GC heap before
{Heap before GC invocations=50 (full 0):
 garbage-first heap   total 262144K, used 180898K [0x0000000080000000, 0x0000000100000000)
  region size 1024K, 44 young (45056K), 3 survivors (3072K)
 Metaspace       used 145990K, capacity 151235K, committed 151332K, reserved 1181696K
  class space    used 18106K, capacity 19954K, committed 20044K, reserved 1048576K
}
Event: 1691.929 GC heap after
{Heap after GC invocations=51 (full 0):
 garbage-first heap   total 262144K, used 147130K [0x0000000080000000, 0x0000000100000000)
  region size 1024K, 9 young (9216K), 9 survivors (9216K)
 Metaspace       used 145990K, capacity 151235K, committed 151332K, reserved 1181696K
  class space    used 18106K, capacity 19954K, committed 20044K, reserved 1048576K
}
Event: 1692.225 GC heap before
{Heap before GC invocations=51 (full 0):
 garbage-first heap   total 262144K, used 208570K [0x0000000080000000, 0x0000000100000000)
  region size 1024K, 68 young (69632K), 9 survivors (9216K)
 Metaspace       used 146049K, capacity 151115K, committed 151588K, reserved 1181696K
  class space    used 18066K, capacity 19859K, committed 20044K, reserved 1048576K
}
Event: 1692.236 GC heap after
{Heap after GC invocations=52 (full 0):
 garbage-first heap   total 262144K, used 154582K [0x0000000080000000, 0x0000000100000000)
  region size 1024K, 9 young (9216K), 9 survivors (9216K)
 Metaspace       used 146049K, capacity 151115K, committed 151588K, reserved 1181696K
  class space    used 18066K, capacity 19859K, committed 20044K, reserved 1048576K
}
Event: 1692.435 GC heap before
{Heap before GC invocations=53 (full 0):
 garbage-first heap   total 262144K, used 209878K [0x0000000080000000, 0x0000000100000000)
  region size 1024K, 64 young (65536K), 9 survivors (9216K)
 Metaspace       used 146162K, capacity 151265K, committed 151844K, reserved 1181696K
  class space    used 18067K, capacity 19861K, committed 20044K, reserved 1048576K
}
Event: 1692.452 GC heap after
{Heap after GC invocations=54 (full 0):
 garbage-first heap   total 315392K, used 163436K [0x0000000080000000, 0x0000000100000000)
  region size 1024K, 8 young (8192K), 8 survivors (8192K)
 Metaspace       used 146162K, capacity 151265K, committed 151844K, reserved 1181696K
  class space    used 18067K, capacity 19861K, committed 20044K, reserved 1048576K
}
Event: 1692.468 GC heap before
{Heap before GC invocations=54 (full 0):
 garbage-first heap   total 315392K, used 169580K [0x0000000080000000, 0x0000000100000000)
  region size 1024K, 15 young (15360K), 8 survivors (8192K)
 Metaspace       used 146162K, capacity 151265K, committed 151844K, reserved 1181696K
  class space    used 18067K, capacity 19861K, committed 20044K, reserved 1048576K
}
Event: 1692.478 GC heap after
{Heap after GC invocations=55 (full 0):
 garbage-first heap   total 315392K, used 164398K [0x0000000080000000, 0x0000000100000000)
  region size 1024K, 2 young (2048K), 2 survivors (2048K)
 Metaspace       used 146162K, capacity 151265K, committed 151844K, reserved 1181696K
  class space    used 18067K, capacity 19861K, committed 20044K, reserved 1048576K
}

Deoptimization events (20 events):
Event: 1692.294 Thread 0x0000023489fd7000 DEOPT PACKING pc=0x00000234f5890104 sp=0x000000c9015f92d0
Event: 1692.294 Thread 0x0000023489fd7000 DEOPT UNPACKING pc=0x00000234ed2074af sp=0x000000c9015f92d8 mode 2
Event: 1692.317 Thread 0x0000023489fd7000 DEOPT PACKING pc=0x00000234f01e4ce2 sp=0x000000c9015f9490
Event: 1692.317 Thread 0x0000023489fd7000 DEOPT UNPACKING pc=0x00000234ed2072ce sp=0x000000c9015f89d0 mode 0
Event: 1692.392 Thread 0x0000023487db8000 DEOPT PACKING pc=0x00000234f021367e sp=0x000000c9011f9910
Event: 1692.392 Thread 0x0000023487db8000 DEOPT UNPACKING pc=0x00000234ed2072ce sp=0x000000c9011f8e98 mode 0
Event: 1692.405 Thread 0x0000023487db8000 Uncommon trap: trap_request=0xffffff4d fr.pc=0x00000234f5a66630 relative=0x0000000000001990
Event: 1692.405 Thread 0x0000023487db8000 Uncommon trap: reason=unstable_if action=reinterpret pc=0x00000234f5a66630 method=com.android.tools.r8.C.a.a.f.a(Lcom/android/tools/r8/C/a/a/a;ILjava/lang/String;[C)I @ 81 c2
Event: 1692.405 Thread 0x0000023487db8000 DEOPT PACKING pc=0x00000234f5a66630 sp=0x000000c9011f9eb0
Event: 1692.405 Thread 0x0000023487db8000 DEOPT UNPACKING pc=0x00000234ed2074af sp=0x000000c9011f9e80 mode 2
Event: 1692.526 Thread 0x00000234877df800 Uncommon trap: trap_request=0xffffff4d fr.pc=0x00000234f589d2d0 relative=0x0000000000000290
Event: 1692.526 Thread 0x00000234877df800 Uncommon trap: reason=unstable_if action=reinterpret pc=0x00000234f589d2d0 method=com.android.tools.r8.graph.q0.a([C)I @ 29 c2
Event: 1692.526 Thread 0x00000234877df800 DEOPT PACKING pc=0x00000234f589d2d0 sp=0x000000c9012f9df0
Event: 1692.526 Thread 0x00000234877df800 DEOPT UNPACKING pc=0x00000234ed2074af sp=0x000000c9012f9d70 mode 2
Event: 1692.528 Thread 0x0000023487db8000 Uncommon trap: trap_request=0xffffff4d fr.pc=0x00000234f5a793ec relative=0x00000000000028cc
Event: 1692.528 Thread 0x0000023487db8000 Uncommon trap: reason=unstable_if action=reinterpret pc=0x00000234f5a793ec method=com.android.tools.r8.C.a.a.D.a()Ljava/lang/String; @ 8 c2
Event: 1692.528 Thread 0x0000023487db8000 DEOPT PACKING pc=0x00000234f5a793ec sp=0x000000c9011f9b00
Event: 1692.528 Thread 0x0000023487db8000 DEOPT UNPACKING pc=0x00000234ed2074af sp=0x000000c9011f9a88 mode 2
Event: 1692.574 Thread 0x0000023489fda800 DEOPT PACKING pc=0x00000234f025ca5e sp=0x000000c9014fa160
Event: 1692.574 Thread 0x0000023489fda800 DEOPT UNPACKING pc=0x00000234ed2072ce sp=0x000000c9014f9690 mode 0

Classes redefined (0 events):
No events

Internal exceptions (20 events):
Event: 1691.701 Thread 0x0000023489fda800 Exception <a 'sun/nio/fs/WindowsException'{0x000000008f619e18}> (0x000000008f619e18) thrown at [./src/hotspot/share/prims/jni.cpp, line 615]
Event: 1691.721 Thread 0x0000023487db8000 Exception <a 'sun/nio/fs/WindowsException'{0x000000008f5bb5a0}> (0x000000008f5bb5a0) thrown at [./src/hotspot/share/prims/jni.cpp, line 615]
Event: 1691.735 Thread 0x0000023489fd8000 Exception <a 'sun/nio/fs/WindowsException'{0x000000008f30d1f0}> (0x000000008f30d1f0) thrown at [./src/hotspot/share/prims/jni.cpp, line 615]
Event: 1691.745 Thread 0x0000023489fd6800 Exception <a 'sun/nio/fs/WindowsException'{0x000000008f3e2358}> (0x000000008f3e2358) thrown at [./src/hotspot/share/prims/jni.cpp, line 615]
Event: 1691.747 Thread 0x0000023489fda800 Exception <a 'sun/nio/fs/WindowsException'{0x000000008f2695f8}> (0x000000008f2695f8) thrown at [./src/hotspot/share/prims/jni.cpp, line 615]
Event: 1691.748 Thread 0x0000023489fda800 Implicit null exception at 0x00000234f4e9fe1b to 0x00000234f4ea05dc
Event: 1691.748 Thread 0x0000023489fda800 Implicit null exception at 0x00000234f4e9eea0 to 0x00000234f4e9f614
Event: 1691.791 Thread 0x0000023489fda800 Exception <a 'sun/nio/fs/WindowsException'{0x000000008ef2c150}> (0x000000008ef2c150) thrown at [./src/hotspot/share/prims/jni.cpp, line 615]
Event: 1691.824 Thread 0x0000023487db8000 Exception <a 'sun/nio/fs/WindowsException'{0x000000008eea12d8}> (0x000000008eea12d8) thrown at [./src/hotspot/share/prims/jni.cpp, line 615]
Event: 1691.825 Thread 0x0000023487db5800 Exception <a 'sun/nio/fs/WindowsException'{0x000000008ecb3ad0}> (0x000000008ecb3ad0) thrown at [./src/hotspot/share/prims/jni.cpp, line 615]
Event: 1691.833 Thread 0x0000023489fd6800 Exception <a 'sun/nio/fs/WindowsException'{0x000000008ea7f180}> (0x000000008ea7f180) thrown at [./src/hotspot/share/prims/jni.cpp, line 615]
Event: 1691.847 Thread 0x0000023487db8000 Exception <a 'sun/nio/fs/WindowsException'{0x000000008e89fda8}> (0x000000008e89fda8) thrown at [./src/hotspot/share/prims/jni.cpp, line 615]
Event: 1691.868 Thread 0x0000023487db5800 Exception <a 'java/lang/NoSuchMethodError'{0x000000008e5a1560}: 'java.lang.Object java.lang.invoke.DirectMethodHandle$Holder.invokeInterface(java.lang.Object, java.lang.Object, int)'> (0x000000008e5a1560) thrown at [./src/hotspot/share/interpreter/linkResolver.cpp, line 773]
Event: 1691.879 Thread 0x00000234877df800 Exception <a 'sun/nio/fs/WindowsException'{0x000000008e497c08}> (0x000000008e497c08) thrown at [./src/hotspot/share/prims/jni.cpp, line 615]
Event: 1692.042 Thread 0x0000023487db8000 Exception <a 'sun/nio/fs/WindowsException'{0x000000008d95cad0}> (0x000000008d95cad0) thrown at [./src/hotspot/share/prims/jni.cpp, line 615]
Event: 1692.055 Thread 0x0000023489fda800 Exception <a 'sun/nio/fs/WindowsException'{0x000000008d7ad9c8}> (0x000000008d7ad9c8) thrown at [./src/hotspot/share/prims/jni.cpp, line 615]
Event: 1692.101 Thread 0x0000023487db5800 Exception <a 'sun/nio/fs/WindowsException'{0x000000008cab8d80}> (0x000000008cab8d80) thrown at [./src/hotspot/share/prims/jni.cpp, line 615]
Event: 1692.262 Thread 0x0000023489fd8000 Exception <a 'sun/nio/fs/WindowsException'{0x000000008f71c720}> (0x000000008f71c720) thrown at [./src/hotspot/share/prims/jni.cpp, line 615]
Event: 1692.453 Thread 0x00000234877df800 Exception <a 'sun/nio/fs/WindowsException'{0x0000000093329d38}> (0x0000000093329d38) thrown at [./src/hotspot/share/prims/jni.cpp, line 615]
Event: 1692.510 Thread 0x0000023489fda800 Exception <a 'sun/nio/fs/WindowsException'{0x00000000920e5dd8}> (0x00000000920e5dd8) thrown at [./src/hotspot/share/prims/jni.cpp, line 615]

Events (20 events):
Event: 1692.224 Executing VM operation: G1CollectForAllocation
Event: 1692.236 Executing VM operation: G1CollectForAllocation done
Event: 1692.269 Executing VM operation: ICBufferFull
Event: 1692.269 Executing VM operation: ICBufferFull done
Event: 1692.293 loading class com/android/tools/r8/graph/t0$a
Event: 1692.293 loading class com/android/tools/r8/graph/t0$a done
Event: 1692.344 Executing VM operation: ICBufferFull
Event: 1692.345 Executing VM operation: ICBufferFull done
Event: 1692.351 Executing VM operation: CGC_Operation
Event: 1692.351 Executing VM operation: CGC_Operation done
Event: 1692.434 Executing VM operation: G1CollectForAllocation
Event: 1692.452 Executing VM operation: G1CollectForAllocation done
Event: 1692.467 Executing VM operation: G1CollectForAllocation
Event: 1692.478 Executing VM operation: G1CollectForAllocation done
Event: 1692.511 loading class com/android/tools/r8/v/b/Q0
Event: 1692.511 loading class com/android/tools/r8/v/b/Q0 done
Event: 1692.511 loading class com/android/tools/r8/v/b/o0
Event: 1692.511 loading class com/android/tools/r8/v/b/o0 done
Event: 1692.511 loading class com/android/tools/r8/v/b/Q0
Event: 1692.511 loading class com/android/tools/r8/v/b/Q0 done


Dynamic libraries:
0x00007ff692d70000 - 0x00007ff692d7a000 	E:\Programming\IDE\android-studio\jre\bin\java.exe
0x00007fff0e9b0000 - 0x00007fff0eba5000 	C:\WINDOWS\SYSTEM32\ntdll.dll
0x00007fff0cef0000 - 0x00007fff0cfad000 	C:\WINDOWS\System32\KERNEL32.DLL
0x00007fff0c720000 - 0x00007fff0c9e8000 	C:\WINDOWS\System32\KERNELBASE.dll
0x00007fff0c290000 - 0x00007fff0c390000 	C:\WINDOWS\System32\ucrtbase.dll
0x00007fff01940000 - 0x00007fff01959000 	E:\Programming\IDE\android-studio\jre\bin\jli.dll
0x00007ffefeca0000 - 0x00007ffefecb7000 	E:\Programming\IDE\android-studio\jre\bin\VCRUNTIME140.dll
0x00007fff0cfb0000 - 0x00007fff0d150000 	C:\WINDOWS\System32\USER32.dll
0x00007fff0c9f0000 - 0x00007fff0ca12000 	C:\WINDOWS\System32\win32u.dll
0x00007fff0cd40000 - 0x00007fff0cd6a000 	C:\WINDOWS\System32\GDI32.dll
0x00007fff0c390000 - 0x00007fff0c49b000 	C:\WINDOWS\System32\gdi32full.dll
0x00007ffefe890000 - 0x00007ffefeb2a000 	C:\WINDOWS\WinSxS\amd64_microsoft.windows.common-controls_6595b64144ccf1df_6.0.19041.844_none_ca00b6081b84eb1d\COMCTL32.dll
0x00007fff0c520000 - 0x00007fff0c5bd000 	C:\WINDOWS\System32\msvcp_win.dll
0x00007fff0ce20000 - 0x00007fff0cebe000 	C:\WINDOWS\System32\msvcrt.dll
0x00007fff0cec0000 - 0x00007fff0cef0000 	C:\WINDOWS\System32\IMM32.DLL
0x00007ffefaf60000 - 0x00007ffefaf8b000 	C:\Program Files\MacType\MacType64.dll
0x00007fff0dcf0000 - 0x00007fff0dd9c000 	C:\WINDOWS\System32\ADVAPI32.dll
0x00007fff0dc50000 - 0x00007fff0dceb000 	C:\WINDOWS\System32\sechost.dll
0x00007fff0e590000 - 0x00007fff0e6bb000 	C:\WINDOWS\System32\RPCRT4.dll
0x00007ffefafe0000 - 0x00007ffefb036000 	C:\Program Files\MacType\Easyhk64.dll
0x00007ffefad60000 - 0x00007ffefae6e000 	C:\Program Files\MacType\MacType64.Core.dll
0x00007fff08360000 - 0x00007fff08920000 	C:\WINDOWS\SYSTEM32\d2d1.dll
0x00007ffef4980000 - 0x00007ffef4bff000 	C:\WINDOWS\SYSTEM32\dwrite.dll
0x00007fff0c4a0000 - 0x00007fff0c520000 	C:\WINDOWS\System32\bcryptPrimitives.dll
0x00007ffeee350000 - 0x00007ffeee3ed000 	E:\Programming\IDE\android-studio\jre\bin\msvcp140.dll
0x00007ffed7080000 - 0x00007ffed7b3c000 	E:\Programming\IDE\android-studio\jre\bin\server\jvm.dll
0x00007fff0d150000 - 0x00007fff0d158000 	C:\WINDOWS\System32\PSAPI.DLL
0x00007ffef6d20000 - 0x00007ffef6d29000 	C:\WINDOWS\SYSTEM32\WSOCK32.dll
0x00007fff02350000 - 0x00007fff02377000 	C:\WINDOWS\SYSTEM32\WINMM.dll
0x00007fff034e0000 - 0x00007fff034ea000 	C:\WINDOWS\SYSTEM32\VERSION.dll
0x00007fff0ca70000 - 0x00007fff0cadb000 	C:\WINDOWS\System32\WS2_32.dll
0x00007fff0aa70000 - 0x00007fff0aa82000 	C:\WINDOWS\SYSTEM32\kernel.appcore.dll
0x00007fff07b80000 - 0x00007fff07b91000 	E:\Programming\IDE\android-studio\jre\bin\verify.dll
0x00007ffefef30000 - 0x00007ffeff114000 	C:\WINDOWS\SYSTEM32\DBGHELP.DLL
0x00007ffefe770000 - 0x00007ffefe79c000 	C:\WINDOWS\SYSTEM32\dbgcore.DLL
0x00007fff07b50000 - 0x00007fff07b79000 	E:\Programming\IDE\android-studio\jre\bin\java.dll
0x00007fff07be0000 - 0x00007fff07beb000 	E:\Programming\IDE\android-studio\jre\bin\jimage.dll
0x00007fff07b30000 - 0x00007fff07b48000 	E:\Programming\IDE\android-studio\jre\bin\zip.dll
0x00007fff0d160000 - 0x00007fff0d8a2000 	C:\WINDOWS\System32\SHELL32.dll
0x00007fff0a070000 - 0x00007fff0a800000 	C:\WINDOWS\SYSTEM32\windows.storage.dll
0x00007fff0e230000 - 0x00007fff0e585000 	C:\WINDOWS\System32\combase.dll
0x00007fff0baf0000 - 0x00007fff0bb1c000 	C:\WINDOWS\SYSTEM32\Wldp.dll
0x0000023484900000 - 0x00000234849ae000 	C:\WINDOWS\System32\SHCORE.dll
0x00007fff0e7d0000 - 0x00007fff0e825000 	C:\WINDOWS\System32\shlwapi.dll
0x00007fff0c090000 - 0x00007fff0c0af000 	C:\WINDOWS\SYSTEM32\profapi.dll
0x00007fff071e0000 - 0x00007fff071fa000 	E:\Programming\IDE\android-studio\jre\bin\net.dll
0x00007fff01ed0000 - 0x00007fff01fdb000 	C:\WINDOWS\SYSTEM32\WINHTTP.dll
0x00007fff0b860000 - 0x00007fff0b8ca000 	C:\WINDOWS\system32\mswsock.dll
0x00007fff071a0000 - 0x00007fff071b4000 	E:\Programming\IDE\android-studio\jre\bin\nio.dll
0x00007ffefc780000 - 0x00007ffefc7a7000 	E:\Programming\BuildTools\gradle-7.0\native\49d0259a56938c7f99b2704e745ce422c4f750a7a20b539a32ccef96729676b1\windows-amd64\native-platform.dll
0x00007ffed68d0000 - 0x00007ffed6a66000 	E:\Programming\BuildTools\gradle-7.0\native\12488b8bf47d2d4c9fbf2f6322a914ad602e24e48041cd04a747c6da556b65c4\windows-amd64\native-platform-file-events.dll
0x00007fff076b0000 - 0x00007fff076ba000 	E:\Programming\IDE\android-studio\jre\bin\management.dll
0x00007fff07190000 - 0x00007fff0719c000 	E:\Programming\IDE\android-studio\jre\bin\management_ext.dll
0x00007fff0ba40000 - 0x00007fff0ba58000 	C:\WINDOWS\SYSTEM32\CRYPTSP.dll
0x00007fff0b200000 - 0x00007fff0b234000 	C:\WINDOWS\system32\rsaenh.dll
0x00007fff0c150000 - 0x00007fff0c177000 	C:\WINDOWS\System32\bcrypt.dll
0x00007fff0c050000 - 0x00007fff0c07e000 	C:\WINDOWS\SYSTEM32\USERENV.dll
0x00007fff0ba30000 - 0x00007fff0ba3c000 	C:\WINDOWS\SYSTEM32\CRYPTBASE.dll
0x00007fff0b550000 - 0x00007fff0b58b000 	C:\WINDOWS\SYSTEM32\IPHLPAPI.DLL
0x00007fff0ddb0000 - 0x00007fff0ddb8000 	C:\WINDOWS\System32\NSI.dll
0x00007fff03b30000 - 0x00007fff03b47000 	C:\WINDOWS\SYSTEM32\dhcpcsvc6.DLL
0x00007fff043f0000 - 0x00007fff0440d000 	C:\WINDOWS\SYSTEM32\dhcpcsvc.DLL
0x00007fff0b590000 - 0x00007fff0b65c000 	C:\WINDOWS\SYSTEM32\DNSAPI.dll
0x00007fff01ae0000 - 0x00007fff01b07000 	E:\Programming\IDE\android-studio\jre\bin\sunec.dll
0x00007fff01660000 - 0x00007fff0166a000 	C:\Windows\System32\rasadhlp.dll
0x00007fff01e50000 - 0x00007fff01ecf000 	C:\WINDOWS\System32\fwpuclnt.dll
0x00007ffed6ed0000 - 0x00007ffed7072000 	E:\Programming\IDE\android-studio\jre\bin\awt.dll
0x00007fff0d930000 - 0x00007fff0d9fd000 	C:\WINDOWS\System32\OLEAUT32.dll
0x00007fff09cb0000 - 0x00007fff09cdf000 	C:\WINDOWS\SYSTEM32\dwmapi.dll
0x00007fff098a0000 - 0x00007fff09930000 	C:\WINDOWS\SYSTEM32\apphelp.dll
0x00007fff099d0000 - 0x00007fff09a6e000 	C:\WINDOWS\system32\uxtheme.dll

dbghelp: loaded successfully - version: 4.0.5 - missing functions: none
symbol engine: initialized successfully - sym options: 0x614 - pdb path: .;E:\Programming\IDE\android-studio\jre\bin;C:\WINDOWS\SYSTEM32;C:\WINDOWS\WinSxS\amd64_microsoft.windows.common-controls_6595b64144ccf1df_6.0.19041.844_none_ca00b6081b84eb1d;C:\Program Files\MacType;E:\Programming\IDE\android-studio\jre\bin\server;E:\Programming\BuildTools\gradle-7.0\native\49d0259a56938c7f99b2704e745ce422c4f750a7a20b539a32ccef96729676b1\windows-amd64;E:\Programming\BuildTools\gradle-7.0\native\12488b8bf47d2d4c9fbf2f6322a914ad602e24e48041cd04a747c6da556b65c4\windows-amd64

VM Arguments:
jvm_args: --add-opens=java.base/java.util=ALL-UNNAMED --add-opens=java.base/java.lang=ALL-UNNAMED --add-opens=java.base/java.lang.invoke=ALL-UNNAMED --add-opens=java.base/java.util=ALL-UNNAMED --add-opens=java.prefs/java.util.prefs=ALL-UNNAMED --add-opens=java.prefs/java.util.prefs=ALL-UNNAMED --add-opens=java.base/java.nio.charset=ALL-UNNAMED --add-opens=java.base/java.net=ALL-UNNAMED --add-opens=java.base/java.util.concurrent.atomic=ALL-UNNAMED -Xmx2048m -Dfile.encoding=UTF-8 -Duser.country=US -Duser.language=en -Duser.variant 
java_command: org.gradle.launcher.daemon.bootstrap.GradleDaemon 7.0
java_class_path (initial): E:\Programming\BuildTools\gradle-7.0\lib\gradle-launcher-7.0.jar
Launcher Type: SUN_STANDARD

[Global flags]
     intx CICompilerCount                          = 4                                         {product} {ergonomic}
     uint ConcGCThreads                            = 2                                         {product} {ergonomic}
     uint G1ConcRefinementThreads                  = 8                                         {product} {ergonomic}
   size_t G1HeapRegionSize                         = 1048576                                   {product} {ergonomic}
    uintx GCDrainStackTargetSize                   = 64                                        {product} {ergonomic}
   size_t InitialHeapSize                          = 268435456                                 {product} {ergonomic}
   size_t MarkStackSize                            = 4194304                                   {product} {ergonomic}
   size_t MaxHeapSize                              = 2147483648                                {product} {command line}
   size_t MaxNewSize                               = 1287651328                                {product} {ergonomic}
   size_t MinHeapDeltaBytes                        = 1048576                                   {product} {ergonomic}
    uintx NonNMethodCodeHeapSize                   = 5836300                                {pd product} {ergonomic}
    uintx NonProfiledCodeHeapSize                  = 122910970                              {pd product} {ergonomic}
    uintx ProfiledCodeHeapSize                     = 122910970                              {pd product} {ergonomic}
    uintx ReservedCodeCacheSize                    = 251658240                              {pd product} {ergonomic}
     bool SegmentedCodeCache                       = true                                      {product} {ergonomic}
     bool UseCompressedClassPointers               = true                                 {lp64_product} {ergonomic}
     bool UseCompressedOops                        = true                                 {lp64_product} {ergonomic}
     bool UseG1GC                                  = true                                      {product} {ergonomic}
     bool UseLargePagesIndividualAllocation        = false                                  {pd product} {ergonomic}

Logging:
Log output configuration:
 #0: stdout all=warning uptime,level,tags
 #1: stderr all=off uptime,level,tags

Environment Variables:
JAVA_HOME=C:\Program Files\Java\jdk1.8.0_291
PATH=C:\Program Files\Common Files\Oracle\Java\javapath;C:\Program Files (x86)\Common Files\Oracle\Java\javapath;C:\Program Files\nodejs;C:\Python39\Scripts\;C:\Python39\;E:\sdk\tools;E:\Programming\Flutters\Flutter1226\flutter\bin;C:\Program Files\Java\jdk-16.0.1;C:\Program Files (x86)\Common Files\Intel\Shared Libraries\redist\intel64_win\compiler;E:\Programming\BuildTools\gradle-7.0\bin;E:\Programming\LIBRARIES\android_packages\kotlin\kotlinc\bin;C:\Python27\;C:\Python27\Scripts;C:\ProgramData\Boxstarter;C:\Program Files (x86)\Common Files\Intel\Shared Libraries\redist;C:\Program Files (x86)\Intel\iCLS Client\;C:\Program Files\Intel\iCLS Client\;C:\Windows\system32;C:\Windows;C:\Windows\System32\Wbem;C:\Windows\System32\WindowsPowerShell\v1.0\;C:\Program Files (x86)\NVIDIA Corporation\PhysX\Common;C:\Program Files\Intel\Intel(R) Management Engine Components\DAL;C:\Program Files\Intel\Intel(R) Management Engine Components\IPT;C:\Program Files (x86)\Intel\Intel(R) Management Engine Components\DAL;C:\Program Files (x86)\Intel\Intel(R) Management Engine Components\IPT;C:\Program Files (x86)\GtkSharp\2.12\bin;C:\Program Files\Microsoft SQL Server\130\Tools\Binn\;C:\Program Files (x86)\IncrediBuild;C:\Program Files\Microsoft DNX\Dnvm\;C:\ProgramData\chocolatey\bin;C:\Program Files\dotnet\;C:\WINDOWS\system32;C:\WINDOWS;C:\WINDOWS\System32\Wbem;C:\WINDOWS\System32\WindowsPowerShell\v1.0\;C:\Program Files\Java\jdk1.8.0_291\bin\;C:\composer;C:\Program Files\NVIDIA Corporation\NVIDIA NvDLISR;C:\Program Files (x86)\dotnet\;C:\Program Files (x86)\Microsoft SQL Server\140\Tools\Binn\;C:\Program Files\Microsoft SQL Server\140\Tools\Binn\;C:\Program Files (x86)\Microsoft SQL Server\140\DTS\Binn\;C:\Program Files\Microsoft SQL Server\140\DTS\Binn\;C:\Users\Y50\AppData\Roaming\nvm;C:\Program Files\nodejs;C:\Program Files\nodejs\;C:\Program Files\TortoiseSVN\bin;C:\WINDOWS\system32;C:\WINDOWS;C:\WINDOWS\System32\Wbem;C:\WINDOWS\System32\WindowsPowerShell\v1.0\;C:\WINDOWS\System32\Ope
USERNAME=Y502
OS=Windows_NT
PROCESSOR_IDENTIFIER=Intel64 Family 6 Model 60 Stepping 3, GenuineIntel



---------------  S Y S T E M  ---------------

OS: Windows 10 , 64 bit Build 19041 (10.0.19041.928)
OS uptime: 2 days 3:20 hours

CPU:total 8 (initial active 8) (4 cores per cpu, 2 threads per core) family 6 model 60 stepping 3, cmov, cx8, fxsr, mmx, sse, sse2, sse3, ssse3, sse4.1, sse4.2, popcnt, avx, avx2, aes, clmul, erms, lzcnt, ht, tsc, tscinvbit, bmi1, bmi2, fma

Memory: 4k page, system-wide physical 16300M (4235M free)
TotalPageFile size 17300M (AvailPageFile size 5M)
current process WorkingSet (physical memory assigned to process): 739M, peak: 739M
current process commit charge ("private bytes"): 795M, peak: 796M

vm_info: OpenJDK 64-Bit Server VM (11.0.8+10-b944.6842174) for windows-amd64 JRE (11.0.8+10-b944.6842174), built on Sep 19 2020 01:11:42 by "builder" with MS VC++ 14.0 (VS2015)

END.
