#
# There is insufficient memory for the Java Runtime Environment to continue.
# Native memory allocation (mmap) failed to map 65011712 bytes for Failed to commit area from 0x0000000093400000 to 0x0000000097200000 of length 65011712.
# Possible reasons:
#   The system is out of physical RAM or swap space
#   The process is running with CompressedOops enabled, and the Java Heap may be blocking the growth of the native heap
# Possible solutions:
#   Reduce memory load on the system
#   Increase physical memory or swap space
#   Check if swap backing store is full
#   Decrease Java heap size (-Xmx/-Xms)
#   Decrease number of Java threads
#   Decrease Java thread stack sizes (-Xss)
#   Set larger code cache with -XX:ReservedCodeCacheSize=
#   JVM is running with Unscaled Compressed Oops mode in which the Java heap is
#     placed in the first 4GB address space. The Java Heap base address is the
#     maximum limit for the native heap growth. Please use -XX:HeapBaseMinAddress
#     to set the Java Heap base and to place the Java Heap above 4GB virtual address.
# This output file may be truncated or incomplete.
#
#  Out of Memory Error (./src/hotspot/os/windows/os_windows.cpp:3303), pid=16172, tid=21608
#
# JRE version: OpenJDK Runtime Environment (11.0.8+10) (build 11.0.8+10-b944.6842174)
# Java VM: OpenJDK 64-Bit Server VM (11.0.8+10-b944.6842174, mixed mode, tiered, compressed oops, g1 gc, windows-amd64)
# No core dump will be written. Minidumps are not enabled by default on client versions of Windows
#

---------------  S U M M A R Y ------------

Command Line: --add-opens=java.base/java.util=ALL-UNNAMED --add-opens=java.base/java.lang=ALL-UNNAMED --add-opens=java.base/java.lang.invoke=ALL-UNNAMED --add-opens=java.base/java.util=ALL-UNNAMED --add-opens=java.prefs/java.util.prefs=ALL-UNNAMED --add-opens=java.prefs/java.util.prefs=ALL-UNNAMED --add-opens=java.base/java.nio.charset=ALL-UNNAMED --add-opens=java.base/java.net=ALL-UNNAMED --add-opens=java.base/java.util.concurrent.atomic=ALL-UNNAMED -Xmx2048m -Dfile.encoding=UTF-8 -Duser.country=US -Duser.language=en -Duser.variant org.gradle.launcher.daemon.bootstrap.GradleDaemon 7.0

Host: Intel(R) Core(TM) i7-4710HQ CPU @ 2.50GHz, 8 cores, 15G,  Windows 10 , 64 bit Build 19041 (10.0.19041.928)
Time: Thu Jun 10 15:16:15 2021 SE Asia Standard Time elapsed time: 17 seconds (0d 0h 0m 17s)

---------------  T H R E A D  ---------------

Current thread (0x00000260feb5c000):  VMThread "VM Thread" [stack: 0x000000ad89300000,0x000000ad89400000] [id=21608]

Stack: [0x000000ad89300000,0x000000ad89400000]
[error occurred during error reporting (printing stack bounds), id 0xc0000005, EXCEPTION_ACCESS_VIOLATION (0xc0000005) at pc=0x0000026080000dad]

Native frames: (J=compiled Java code, j=interpreted, Vv=VM code, C=native code)
V  [jvm.dll+0x5de50a]
V  [jvm.dll+0x7122f5]
V  [jvm.dll+0x71384d]
V  [jvm.dll+0x713e65]
V  [jvm.dll+0x713e1b]
V  [jvm.dll+0x5dd958]
V  [jvm.dll+0x5de0f8]
C  [ntdll.dll+0xa217f]
C  [ntdll.dll+0x51454]
C  [ntdll.dll+0xa0cae]
C  0x0000026080000dad

VM_Operation (0x000000ad8c2f90c0): G1CollectForAllocation, mode: safepoint, requested by thread 0x0000026096d91800


---------------  P R O C E S S  ---------------

Threads class SMR info:
_java_thread_list=0x000002609803c6d0, length=63, elements={
0x00000260f987b800, 0x00000260feb5e000, 0x00000260ff3e2000, 0x00000260ff43a000,
0x00000260ff43b000, 0x00000260ff43c800, 0x00000260ff44e000, 0x00000260ff44f000,
0x00000260ff5b0000, 0x00000260ff5b2000, 0x000002609691f800, 0x0000026096de5000,
0x00000260ff6a3000, 0x000002609706e000, 0x0000026096198000, 0x00000260971b4800,
0x00000260966ae800, 0x0000026095b3d800, 0x0000026096f2b800, 0x0000026096e75800,
0x000002609710a800, 0x0000026097109000, 0x000002609710a000, 0x0000026096c09000,
0x0000026097108000, 0x0000026096d8c000, 0x0000026096d8d000, 0x0000026096d8a800,
0x0000026096d89800, 0x0000026096d87000, 0x0000026098241000, 0x0000026096d8d800,
0x0000026096d8e800, 0x0000026096d8b000, 0x0000026096d89000, 0x0000026096d8f800,
0x0000026096d91000, 0x0000026096d95000, 0x0000026096d91800, 0x0000026096d96000,
0x0000026096d93800, 0x0000026097d75800, 0x0000026097d76000, 0x0000026097d77000,
0x0000026097d74800, 0x0000026097d71800, 0x0000026097d78000, 0x0000026097d72000,
0x0000026097d74000, 0x0000026097d78800, 0x0000026097d73000, 0x0000026097d7d800,
0x0000026097d7f000, 0x0000026097d7a800, 0x0000026097d7c000, 0x0000026097d7b000,
0x0000026097d7d000, 0x000002609bdda000, 0x000002609bdd9800, 0x000002609bdd6000,
0x000002609bddb000, 0x000002609bdd5800, 0x000002609bdd7800
}

Java Threads: ( => current thread )
  0x00000260f987b800 JavaThread "main" [_thread_blocked, id=15688, stack(0x000000ad88d00000,0x000000ad88e00000)]
  0x00000260feb5e000 JavaThread "Reference Handler" daemon [_thread_blocked, id=17788, stack(0x000000ad89400000,0x000000ad89500000)]
  0x00000260ff3e2000 JavaThread "Finalizer" daemon [_thread_blocked, id=21836, stack(0x000000ad89500000,0x000000ad89600000)]
  0x00000260ff43a000 JavaThread "Signal Dispatcher" daemon [_thread_blocked, id=5532, stack(0x000000ad89600000,0x000000ad89700000)]
  0x00000260ff43b000 JavaThread "Attach Listener" daemon [_thread_blocked, id=5152, stack(0x000000ad89700000,0x000000ad89800000)]
  0x00000260ff43c800 JavaThread "C2 CompilerThread0" daemon [_thread_blocked, id=1252, stack(0x000000ad89800000,0x000000ad89900000)]
  0x00000260ff44e000 JavaThread "C1 CompilerThread0" daemon [_thread_blocked, id=21176, stack(0x000000ad89900000,0x000000ad89a00000)]
  0x00000260ff44f000 JavaThread "Sweeper thread" daemon [_thread_blocked, id=6672, stack(0x000000ad89a00000,0x000000ad89b00000)]
  0x00000260ff5b0000 JavaThread "Common-Cleaner" daemon [_thread_blocked, id=18200, stack(0x000000ad89b00000,0x000000ad89c00000)]
  0x00000260ff5b2000 JavaThread "Service Thread" daemon [_thread_blocked, id=15908, stack(0x000000ad89c00000,0x000000ad89d00000)]
  0x000002609691f800 JavaThread "Daemon health stats" [_thread_blocked, id=3800, stack(0x000000ad8a500000,0x000000ad8a600000)]
  0x0000026096de5000 JavaThread "Incoming local TCP Connector on port 5208" [_thread_in_native, id=16348, stack(0x000000ad89e00000,0x000000ad89f00000)]
  0x00000260ff6a3000 JavaThread "Daemon periodic checks" [_thread_blocked, id=23352, stack(0x000000ad89f00000,0x000000ad8a000000)]
  0x000002609706e000 JavaThread "Daemon" [_thread_blocked, id=7236, stack(0x000000ad8a600000,0x000000ad8a700000)]
  0x0000026096198000 JavaThread "Handler for socket connection from /127.0.0.1:5208 to /127.0.0.1:5209" [_thread_in_native, id=12620, stack(0x000000ad8a700000,0x000000ad8a800000)]
  0x00000260971b4800 JavaThread "Cancel handler" [_thread_blocked, id=18620, stack(0x000000ad8a800000,0x000000ad8a900000)]
  0x00000260966ae800 JavaThread "Daemon worker" [_thread_blocked, id=3616, stack(0x000000ad8a900000,0x000000ad8aa00000)]
  0x0000026095b3d800 JavaThread "Asynchronous log dispatcher for DefaultDaemonConnection: socket connection from /127.0.0.1:5208 to /127.0.0.1:5209" [_thread_blocked, id=16924, stack(0x000000ad8aa00000,0x000000ad8ab00000)]
  0x0000026096f2b800 JavaThread "Stdin handler" [_thread_blocked, id=13192, stack(0x000000ad8ab00000,0x000000ad8ac00000)]
  0x0000026096e75800 JavaThread "Daemon client event forwarder" [_thread_blocked, id=13272, stack(0x000000ad8ac00000,0x000000ad8ad00000)]
  0x000002609710a800 JavaThread "Cache worker for file hash cache (E:\Programming\BuildTools\gradle-7.0\caches\7.0\fileHashes)" [_thread_blocked, id=4152, stack(0x000000ad8ad00000,0x000000ad8ae00000)]
  0x0000026097109000 JavaThread "File lock request listener" [_thread_in_native, id=12004, stack(0x000000ad8ae00000,0x000000ad8af00000)]
  0x000002609710a000 JavaThread "Cache worker for journal cache (E:\Programming\BuildTools\gradle-7.0\caches\journal-1)" [_thread_blocked, id=10956, stack(0x000000ad8b200000,0x000000ad8b300000)]
  0x0000026096c09000 JavaThread "C2 CompilerThread1" daemon [_thread_in_native, id=14740, stack(0x000000ad8b300000,0x000000ad8b400000)]
  0x0000026097108000 JavaThread "Cache worker for file hash cache (E:\_Projects\gits\-themoviedb.org\-with_favs\sohamb1\ui\.gradle\7.0\fileHashes)" [_thread_blocked, id=15224, stack(0x000000ad8b400000,0x000000ad8b500000)]
  0x0000026096d8c000 JavaThread "File watcher server" daemon [_thread_blocked, id=7004, stack(0x000000ad8b500000,0x000000ad8b600000)]
  0x0000026096d8d000 JavaThread "File watcher consumer" daemon [_thread_blocked, id=17484, stack(0x000000ad8b600000,0x000000ad8b700000)]
  0x0000026096d8a800 JavaThread "Cache worker for checksums cache (E:\_Projects\gits\-themoviedb.org\-with_favs\sohamb1\ui\.gradle\checksums)" [_thread_blocked, id=4940, stack(0x000000ad8b700000,0x000000ad8b800000)]
  0x0000026096d89800 JavaThread "Cache worker for cache directory md-supplier (E:\Programming\BuildTools\gradle-7.0\caches\7.0\md-supplier)" [_thread_blocked, id=9916, stack(0x000000ad8b800000,0x000000ad8b900000)]
  0x0000026096d87000 JavaThread "Cache worker for cache directory md-rule (E:\Programming\BuildTools\gradle-7.0\caches\7.0\md-rule)" [_thread_blocked, id=9560, stack(0x000000ad8b900000,0x000000ad8ba00000)]
  0x0000026098241000 JavaThread "C2 CompilerThread2" daemon [_thread_blocked, id=19280, stack(0x000000ad8ba00000,0x000000ad8bb00000)]
  0x0000026096d8d800 JavaThread "Cache worker for execution history cache (E:\Programming\BuildTools\gradle-7.0\caches\7.0\executionHistory)" [_thread_blocked, id=23192, stack(0x000000ad8bb00000,0x000000ad8bc00000)]
  0x0000026096d8e800 JavaThread "jar transforms" [_thread_blocked, id=7356, stack(0x000000ad8bc00000,0x000000ad8bd00000)]
  0x0000026096d8b000 JavaThread "jar transforms Thread 2" [_thread_blocked, id=5512, stack(0x000000ad8bd00000,0x000000ad8be00000)]
  0x0000026096d89000 JavaThread "Cache worker for file content cache (E:\Programming\BuildTools\gradle-7.0\caches\7.0\fileContent)" [_thread_blocked, id=6564, stack(0x000000ad8be00000,0x000000ad8bf00000)]
  0x0000026096d8f800 JavaThread "Cache worker for dependencies-accessors (E:\_Projects\gits\-themoviedb.org\-with_favs\sohamb1\ui\.gradle\7.0\dependencies-accessors)" [_thread_blocked, id=20772, stack(0x000000ad8bf00000,0x000000ad8c000000)]
  0x0000026096d91000 JavaThread "jar transforms Thread 3" [_thread_blocked, id=11900, stack(0x000000ad8c000000,0x000000ad8c100000)]
  0x0000026096d95000 JavaThread "Cache worker for Build Output Cleanup Cache (E:\_Projects\gits\-themoviedb.org\-with_favs\sohamb1\ui\.gradle\buildOutputCleanup)" [_thread_blocked, id=23348, stack(0x000000ad8c100000,0x000000ad8c200000)]
  0x0000026096d91800 JavaThread "Build operations" [_thread_blocked, id=6960, stack(0x000000ad8c200000,0x000000ad8c300000)]
  0x0000026096d96000 JavaThread "Build operations Thread 2" [_thread_blocked, id=4400, stack(0x000000ad8c300000,0x000000ad8c400000)]
  0x0000026096d93800 JavaThread "Build operations Thread 3" [_thread_blocked, id=13488, stack(0x000000ad8c400000,0x000000ad8c500000)]
  0x0000026097d75800 JavaThread "Build operations Thread 4" [_thread_blocked, id=17572, stack(0x000000ad8c500000,0x000000ad8c600000)]
  0x0000026097d76000 JavaThread "Build operations Thread 5" [_thread_blocked, id=1552, stack(0x000000ad8c600000,0x000000ad8c700000)]
  0x0000026097d77000 JavaThread "Build operations Thread 6" [_thread_blocked, id=5412, stack(0x000000ad8c700000,0x000000ad8c800000)]
  0x0000026097d74800 JavaThread "Build operations Thread 7" [_thread_blocked, id=17000, stack(0x000000ad8c800000,0x000000ad8c900000)]
  0x0000026097d71800 JavaThread "Build operations Thread 8" [_thread_blocked, id=14832, stack(0x000000ad8c900000,0x000000ad8ca00000)]
  0x0000026097d78000 JavaThread "jar transforms Thread 4" [_thread_blocked, id=14552, stack(0x000000ad8ca00000,0x000000ad8cb00000)]
  0x0000026097d72000 JavaThread "jar transforms Thread 5" [_thread_blocked, id=12040, stack(0x000000ad8cb00000,0x000000ad8cc00000)]
  0x0000026097d74000 JavaThread "jar transforms Thread 6" [_thread_blocked, id=23520, stack(0x000000ad8cc00000,0x000000ad8cd00000)]
  0x0000026097d78800 JavaThread "jar transforms Thread 7" [_thread_blocked, id=19328, stack(0x000000ad8cd00000,0x000000ad8ce00000)]
  0x0000026097d73000 JavaThread "jar transforms Thread 8" [_thread_blocked, id=7700, stack(0x000000ad8ce00000,0x000000ad8cf00000)]
  0x0000026097d7d800 JavaThread "Memory manager" [_thread_blocked, id=22872, stack(0x000000ad8cf00000,0x000000ad8d000000)]
  0x0000026097d7f000 JavaThread "build event listener" [_thread_blocked, id=15524, stack(0x000000ad8d300000,0x000000ad8d400000)]
  0x0000026097d7a800 JavaThread "build event listener" [_thread_blocked, id=2380, stack(0x000000ad8d400000,0x000000ad8d500000)]
  0x0000026097d7c000 JavaThread "Execution worker for ':'" [_thread_blocked, id=14844, stack(0x000000ad8d500000,0x000000ad8d600000)]
  0x0000026097d7b000 JavaThread "Execution worker for ':' Thread 2" [_thread_blocked, id=88, stack(0x000000ad8d600000,0x000000ad8d700000)]
  0x0000026097d7d000 JavaThread "Execution worker for ':' Thread 3" [_thread_blocked, id=21016, stack(0x000000ad8d700000,0x000000ad8d800000)]
  0x000002609bdda000 JavaThread "Execution worker for ':' Thread 4" [_thread_blocked, id=21000, stack(0x000000ad8d800000,0x000000ad8d900000)]
  0x000002609bdd9800 JavaThread "Execution worker for ':' Thread 5" [_thread_blocked, id=12788, stack(0x000000ad8d900000,0x000000ad8da00000)]
  0x000002609bdd6000 JavaThread "Execution worker for ':' Thread 6" [_thread_blocked, id=376, stack(0x000000ad8da00000,0x000000ad8db00000)]
  0x000002609bddb000 JavaThread "Execution worker for ':' Thread 7" [_thread_blocked, id=8052, stack(0x000000ad8db00000,0x000000ad8dc00000)]
  0x000002609bdd5800 JavaThread "Cache worker for execution history cache (E:\_Projects\gits\-themoviedb.org\-with_favs\sohamb1\ui\.gradle\7.0\executionHistory)" [_thread_blocked, id=9292, stack(0x000000ad8dc00000,0x000000ad8dd00000)]
  0x000002609bdd7800 JavaThread "WorkerExecutor Queue" [_thread_blocked, id=16236, stack(0x000000ad8dd00000,0x000000ad8de00000)]

Other Threads:
=>0x00000260feb5c000 VMThread "VM Thread" [stack: 0x000000ad89300000,0x000000ad89400000] [id=21608]
  0x00000260ff5b3000 WatcherThread [stack: 0x000000ad89d00000,0x000000ad89e00000] [id=23368]
  0x00000260f988f800 GCTaskThread "GC Thread#0" [stack: 0x000000ad88e00000,0x000000ad88f00000] [id=10636]
  0x0000026095b60000 GCTaskThread "GC Thread#1" [stack: 0x000000ad8a000000,0x000000ad8a100000] [id=21324]
  0x0000026095cc4800 GCTaskThread "GC Thread#2" [stack: 0x000000ad8a100000,0x000000ad8a200000] [id=23480]
  0x0000026095cfd800 GCTaskThread "GC Thread#3" [stack: 0x000000ad8a200000,0x000000ad8a300000] [id=22240]
  0x0000026095e05800 GCTaskThread "GC Thread#4" [stack: 0x000000ad8a300000,0x000000ad8a400000] [id=18608]
  0x0000026095eac800 GCTaskThread "GC Thread#5" [stack: 0x000000ad8a400000,0x000000ad8a500000] [id=8260]
  0x0000026096de2000 GCTaskThread "GC Thread#6" [stack: 0x000000ad8af00000,0x000000ad8b000000] [id=2700]
  0x0000026096a0a800 GCTaskThread "GC Thread#7" [stack: 0x000000ad8b000000,0x000000ad8b100000] [id=16352]
  0x00000260f98c4800 ConcurrentGCThread "G1 Main Marker" [stack: 0x000000ad88f00000,0x000000ad89000000] [id=17384]
  0x00000260f98c8800 ConcurrentGCThread "G1 Conc#0" [stack: 0x000000ad89000000,0x000000ad89100000] [id=12756]
  0x00000260974ea800 ConcurrentGCThread "G1 Conc#1" [stack: 0x000000ad8b100000,0x000000ad8b200000] [id=11280]
  0x00000260fea3d800 ConcurrentGCThread "G1 Refine#0" [stack: 0x000000ad89100000,0x000000ad89200000] [id=21536]
  0x000002609c975000 ConcurrentGCThread "G1 Refine#1" [stack: 0x000000ad8d000000,0x000000ad8d100000] [id=23312]
  0x000002609b0c9000 ConcurrentGCThread "G1 Refine#2" [stack: 0x000000ad8d100000,0x000000ad8d200000] [id=22916]
  0x000002609bd4c800 ConcurrentGCThread "G1 Refine#3" [stack: 0x000000ad8d200000,0x000000ad8d300000] [id=23316]
  0x00000260fea40000 ConcurrentGCThread "G1 Young RemSet Sampling" [stack: 0x000000ad89200000,0x000000ad89300000] [id=19460]

Threads with active compile tasks:
C2 CompilerThread0  17933 13312       4       com.android.tools.r8.s.a.a.b.v0::b (234 bytes)
C1 CompilerThread0  17933 13318       2       com.android.tools.r8.ir.regalloc.a::a (564 bytes)
C2 CompilerThread1  17933 12826       4       com.android.tools.r8.ir.conversion.o::a (1157 bytes)
C2 CompilerThread2  17933 13242       4       com.android.tools.r8.w.a.a.a.f.e::putAll (124 bytes)

VM state:at safepoint (normal execution)

VM Mutex/Monitor currently owned by a thread:  ([mutex/lock_event])
[0x00000260f9876780] Threads_lock - owner thread: 0x00000260feb5c000
[0x00000260f9876030] Heap_lock - owner thread: 0x0000026096d91800

Heap address: 0x0000000080000000, size: 2048 MB, Compressed Oops mode: 32-bit
Narrow klass base: 0x0000000000000000, Narrow klass shift: 3
Compressed class space size: 1073741824 Address: 0x0000000100000000

Heap:
 garbage-first heap   total 378880K, used 148824K [0x0000000080000000, 0x0000000100000000)
  region size 1024K, 8 young (8192K), 8 survivors (8192K)
 Metaspace       used 98048K, capacity 100757K, committed 101068K, reserved 1136640K
  class space    used 12716K, capacity 13724K, committed 13824K, reserved 1048576K
Heap Regions: E=young(eden), S=young(survivor), O=old, HS=humongous(starts), HC=humongous(continues), CS=collection set, F=free, A=archive, TAMS=top-at-mark-start (previous, next)
|   0|0x0000000080000000, 0x0000000080100000, 0x0000000080100000|100%| O|  |TAMS 0x0000000080100000, 0x0000000080000000| Untracked 
|   1|0x0000000080100000, 0x0000000080200000, 0x0000000080200000|100%| O|  |TAMS 0x0000000080200000, 0x0000000080100000| Untracked 
|   2|0x0000000080200000, 0x0000000080300000, 0x0000000080300000|100%| O|  |TAMS 0x0000000080300000, 0x0000000080200000| Untracked 
|   3|0x0000000080300000, 0x0000000080400000, 0x0000000080400000|100%|HS|  |TAMS 0x0000000080400000, 0x0000000080300000| Complete 
|   4|0x0000000080400000, 0x0000000080500000, 0x0000000080500000|100%|HC|  |TAMS 0x0000000080500000, 0x0000000080400000| Complete 
|   5|0x0000000080500000, 0x0000000080600000, 0x0000000080600000|100%|HC|  |TAMS 0x0000000080600000, 0x0000000080500000| Complete 
|   6|0x0000000080600000, 0x0000000080700000, 0x0000000080700000|100%| O|  |TAMS 0x0000000080700000, 0x0000000080600000| Untracked 
|   7|0x0000000080700000, 0x0000000080800000, 0x0000000080800000|100%| O|  |TAMS 0x0000000080800000, 0x0000000080700000| Untracked 
|   8|0x0000000080800000, 0x0000000080900000, 0x0000000080900000|100%| O|  |TAMS 0x0000000080900000, 0x0000000080800000| Untracked 
|   9|0x0000000080900000, 0x0000000080a00000, 0x0000000080a00000|100%| O|  |TAMS 0x0000000080a00000, 0x0000000080900000| Untracked 
|  10|0x0000000080a00000, 0x0000000080b00000, 0x0000000080b00000|100%| O|  |TAMS 0x0000000080b00000, 0x0000000080a00000| Untracked 
|  11|0x0000000080b00000, 0x0000000080c00000, 0x0000000080c00000|100%| O|  |TAMS 0x0000000080c00000, 0x0000000080b00000| Untracked 
|  12|0x0000000080c00000, 0x0000000080d00000, 0x0000000080d00000|100%| O|  |TAMS 0x0000000080d00000, 0x0000000080c00000| Untracked 
|  13|0x0000000080d00000, 0x0000000080e00000, 0x0000000080e00000|100%| O|  |TAMS 0x0000000080e00000, 0x0000000080d00000| Untracked 
|  14|0x0000000080e00000, 0x0000000080f00000, 0x0000000080f00000|100%| O|  |TAMS 0x0000000080f00000, 0x0000000080e00000| Untracked 
|  15|0x0000000080f00000, 0x0000000081000000, 0x0000000081000000|100%| O|  |TAMS 0x0000000081000000, 0x0000000080f00000| Untracked 
|  16|0x0000000081000000, 0x0000000081100000, 0x0000000081100000|100%|HS|  |TAMS 0x0000000081100000, 0x0000000081000000| Complete 
|  17|0x0000000081100000, 0x0000000081200000, 0x0000000081200000|100%|HS|  |TAMS 0x0000000081200000, 0x0000000081100000| Complete 
|  18|0x0000000081200000, 0x0000000081300000, 0x0000000081300000|100%|HC|  |TAMS 0x0000000081300000, 0x0000000081200000| Complete 
|  19|0x0000000081300000, 0x0000000081400000, 0x0000000081400000|100%|HC|  |TAMS 0x0000000081400000, 0x0000000081300000| Complete 
|  20|0x0000000081400000, 0x0000000081500000, 0x0000000081500000|100%|HS|  |TAMS 0x0000000081500000, 0x0000000081400000| Complete 
|  21|0x0000000081500000, 0x0000000081600000, 0x0000000081600000|100%|HC|  |TAMS 0x0000000081600000, 0x0000000081500000| Complete 
|  22|0x0000000081600000, 0x0000000081700000, 0x0000000081700000|100%| O|  |TAMS 0x0000000081700000, 0x0000000081600000| Untracked 
|  23|0x0000000081700000, 0x0000000081800000, 0x0000000081800000|100%| O|  |TAMS 0x0000000081800000, 0x0000000081700000| Untracked 
|  24|0x0000000081800000, 0x0000000081900000, 0x0000000081900000|100%| O|  |TAMS 0x0000000081900000, 0x0000000081800000| Untracked 
|  25|0x0000000081900000, 0x0000000081a00000, 0x0000000081a00000|100%| O|  |TAMS 0x0000000081a00000, 0x0000000081900000| Untracked 
|  26|0x0000000081a00000, 0x0000000081b00000, 0x0000000081b00000|100%| O|  |TAMS 0x0000000081b00000, 0x0000000081a00000| Untracked 
|  27|0x0000000081b00000, 0x0000000081c00000, 0x0000000081c00000|100%| O|  |TAMS 0x0000000081c00000, 0x0000000081b00000| Untracked 
|  28|0x0000000081c00000, 0x0000000081d00000, 0x0000000081d00000|100%| O|  |TAMS 0x0000000081d00000, 0x0000000081c00000| Untracked 
|  29|0x0000000081d00000, 0x0000000081e00000, 0x0000000081e00000|100%| O|  |TAMS 0x0000000081e00000, 0x0000000081d00000| Untracked 
|  30|0x0000000081e00000, 0x0000000081f00000, 0x0000000081f00000|100%| O|  |TAMS 0x0000000081f00000, 0x0000000081e00000| Untracked 
|  31|0x0000000081f00000, 0x0000000082000000, 0x0000000082000000|100%| O|  |TAMS 0x0000000082000000, 0x0000000081f00000| Untracked 
|  32|0x0000000082000000, 0x0000000082100000, 0x0000000082100000|100%| O|  |TAMS 0x0000000082100000, 0x0000000082000000| Untracked 
|  33|0x0000000082100000, 0x0000000082200000, 0x0000000082200000|100%| O|  |TAMS 0x0000000082200000, 0x0000000082100000| Untracked 
|  34|0x0000000082200000, 0x0000000082300000, 0x0000000082300000|100%| O|  |TAMS 0x0000000082300000, 0x0000000082200000| Untracked 
|  35|0x0000000082300000, 0x0000000082400000, 0x0000000082400000|100%| O|  |TAMS 0x0000000082400000, 0x0000000082300000| Untracked 
|  36|0x0000000082400000, 0x0000000082500000, 0x0000000082500000|100%| O|  |TAMS 0x0000000082500000, 0x0000000082400000| Untracked 
|  37|0x0000000082500000, 0x0000000082600000, 0x0000000082600000|100%| O|  |TAMS 0x0000000082600000, 0x0000000082500000| Untracked 
|  38|0x0000000082600000, 0x0000000082700000, 0x0000000082700000|100%| O|  |TAMS 0x0000000082700000, 0x0000000082600000| Untracked 
|  39|0x0000000082700000, 0x0000000082800000, 0x0000000082800000|100%| O|  |TAMS 0x0000000082800000, 0x0000000082700000| Untracked 
|  40|0x0000000082800000, 0x0000000082900000, 0x0000000082900000|100%| O|  |TAMS 0x0000000082900000, 0x0000000082800000| Untracked 
|  41|0x0000000082900000, 0x0000000082a00000, 0x0000000082a00000|100%| O|  |TAMS 0x0000000082a00000, 0x0000000082900000| Untracked 
|  42|0x0000000082a00000, 0x0000000082b00000, 0x0000000082b00000|100%| O|  |TAMS 0x0000000082b00000, 0x0000000082a00000| Untracked 
|  43|0x0000000082b00000, 0x0000000082c00000, 0x0000000082c00000|100%| O|  |TAMS 0x0000000082c00000, 0x0000000082b00000| Untracked 
|  44|0x0000000082c00000, 0x0000000082d00000, 0x0000000082d00000|100%| O|  |TAMS 0x0000000082d00000, 0x0000000082c00000| Untracked 
|  45|0x0000000082d00000, 0x0000000082e00000, 0x0000000082e00000|100%| O|  |TAMS 0x0000000082e00000, 0x0000000082d00000| Untracked 
|  46|0x0000000082e00000, 0x0000000082f00000, 0x0000000082f00000|100%| O|  |TAMS 0x0000000082f00000, 0x0000000082e00000| Untracked 
|  47|0x0000000082f00000, 0x0000000083000000, 0x0000000083000000|100%| O|  |TAMS 0x0000000082f00000, 0x0000000082f00000| Untracked 
|  48|0x0000000083000000, 0x0000000083100000, 0x0000000083100000|100%| O|  |TAMS 0x0000000083000000, 0x0000000083000000| Untracked 
|  49|0x0000000083100000, 0x0000000083200000, 0x0000000083200000|100%| O|  |TAMS 0x0000000083100000, 0x0000000083100000| Untracked 
|  50|0x0000000083200000, 0x0000000083300000, 0x0000000083300000|100%| O|  |TAMS 0x0000000083200000, 0x0000000083200000| Untracked 
|  51|0x0000000083300000, 0x0000000083400000, 0x0000000083400000|100%| O|  |TAMS 0x0000000083300000, 0x0000000083300000| Untracked 
|  52|0x0000000083400000, 0x0000000083500000, 0x0000000083500000|100%| O|  |TAMS 0x0000000083400000, 0x0000000083400000| Untracked 
|  53|0x0000000083500000, 0x0000000083600000, 0x0000000083600000|100%| O|  |TAMS 0x0000000083500000, 0x0000000083500000| Untracked 
|  54|0x0000000083600000, 0x0000000083700000, 0x0000000083700000|100%| O|  |TAMS 0x0000000083600000, 0x0000000083600000| Untracked 
|  55|0x0000000083700000, 0x0000000083800000, 0x0000000083800000|100%| O|  |TAMS 0x0000000083700000, 0x0000000083700000| Untracked 
|  56|0x0000000083800000, 0x0000000083900000, 0x0000000083900000|100%| O|  |TAMS 0x0000000083800000, 0x0000000083800000| Untracked 
|  57|0x0000000083900000, 0x0000000083a00000, 0x0000000083a00000|100%| O|  |TAMS 0x0000000083900000, 0x0000000083900000| Untracked 
|  58|0x0000000083a00000, 0x0000000083b00000, 0x0000000083b00000|100%| O|  |TAMS 0x0000000083a00000, 0x0000000083a00000| Untracked 
|  59|0x0000000083b00000, 0x0000000083c00000, 0x0000000083c00000|100%| O|  |TAMS 0x0000000083b00000, 0x0000000083b00000| Untracked 
|  60|0x0000000083c00000, 0x0000000083d00000, 0x0000000083d00000|100%| O|  |TAMS 0x0000000083c00000, 0x0000000083c00000| Untracked 
|  61|0x0000000083d00000, 0x0000000083e00000, 0x0000000083e00000|100%|HS|  |TAMS 0x0000000083d00000, 0x0000000083d00000| Complete 
|  62|0x0000000083e00000, 0x0000000083f00000, 0x0000000083f00000|100%| O|  |TAMS 0x0000000083e00000, 0x0000000083e00000| Untracked 
|  63|0x0000000083f00000, 0x0000000084000000, 0x0000000084000000|100%| O|  |TAMS 0x0000000083f00000, 0x0000000083f00000| Untracked 
|  64|0x0000000084000000, 0x0000000084100000, 0x0000000084100000|100%| O|  |TAMS 0x0000000084000000, 0x0000000084000000| Untracked 
|  65|0x0000000084100000, 0x0000000084200000, 0x0000000084200000|100%| O|  |TAMS 0x0000000084100000, 0x0000000084100000| Untracked 
|  66|0x0000000084200000, 0x0000000084300000, 0x0000000084300000|100%| O|  |TAMS 0x0000000084200000, 0x0000000084200000| Untracked 
|  67|0x0000000084300000, 0x0000000084400000, 0x0000000084400000|100%| O|  |TAMS 0x0000000084300000, 0x0000000084300000| Untracked 
|  68|0x0000000084400000, 0x0000000084500000, 0x0000000084500000|100%| O|  |TAMS 0x0000000084400000, 0x0000000084400000| Untracked 
|  69|0x0000000084500000, 0x0000000084600000, 0x0000000084600000|100%| O|  |TAMS 0x0000000084500000, 0x0000000084500000| Untracked 
|  70|0x0000000084600000, 0x0000000084700000, 0x0000000084700000|100%| O|  |TAMS 0x0000000084600000, 0x0000000084600000| Untracked 
|  71|0x0000000084700000, 0x0000000084800000, 0x0000000084800000|100%| O|  |TAMS 0x0000000084700000, 0x0000000084700000| Untracked 
|  72|0x0000000084800000, 0x0000000084900000, 0x0000000084900000|100%| O|  |TAMS 0x0000000084800000, 0x0000000084800000| Untracked 
|  73|0x0000000084900000, 0x0000000084a00000, 0x0000000084a00000|100%| O|  |TAMS 0x0000000084900000, 0x0000000084900000| Untracked 
|  74|0x0000000084a00000, 0x0000000084b00000, 0x0000000084b00000|100%| O|  |TAMS 0x0000000084a00000, 0x0000000084a00000| Untracked 
|  75|0x0000000084b00000, 0x0000000084c00000, 0x0000000084c00000|100%| O|  |TAMS 0x0000000084b00000, 0x0000000084b00000| Untracked 
|  76|0x0000000084c00000, 0x0000000084d00000, 0x0000000084d00000|100%| O|  |TAMS 0x0000000084c00000, 0x0000000084c00000| Untracked 
|  77|0x0000000084d00000, 0x0000000084e00000, 0x0000000084e00000|100%| O|  |TAMS 0x0000000084d00000, 0x0000000084d00000| Untracked 
|  78|0x0000000084e00000, 0x0000000084f00000, 0x0000000084f00000|100%| O|  |TAMS 0x0000000084e00000, 0x0000000084e00000| Untracked 
|  79|0x0000000084f00000, 0x0000000085000000, 0x0000000085000000|100%| O|  |TAMS 0x0000000084f00000, 0x0000000084f00000| Untracked 
|  80|0x0000000085000000, 0x0000000085100000, 0x0000000085100000|100%| O|  |TAMS 0x0000000085000000, 0x0000000085000000| Untracked 
|  81|0x0000000085100000, 0x0000000085200000, 0x0000000085200000|100%| O|  |TAMS 0x0000000085100000, 0x0000000085100000| Untracked 
|  82|0x0000000085200000, 0x0000000085300000, 0x0000000085300000|100%| O|  |TAMS 0x0000000085200000, 0x0000000085200000| Untracked 
|  83|0x0000000085300000, 0x0000000085400000, 0x0000000085400000|100%| O|  |TAMS 0x0000000085300000, 0x0000000085300000| Untracked 
|  84|0x0000000085400000, 0x0000000085500000, 0x0000000085500000|100%| O|  |TAMS 0x0000000085400000, 0x0000000085400000| Untracked 
|  85|0x0000000085500000, 0x0000000085600000, 0x0000000085600000|100%| O|  |TAMS 0x0000000085500000, 0x0000000085500000| Untracked 
|  86|0x0000000085600000, 0x0000000085700000, 0x0000000085700000|100%| O|  |TAMS 0x0000000085600000, 0x0000000085600000| Untracked 
|  87|0x0000000085700000, 0x0000000085800000, 0x0000000085800000|100%| O|  |TAMS 0x0000000085700000, 0x0000000085700000| Untracked 
|  88|0x0000000085800000, 0x0000000085900000, 0x0000000085900000|100%| O|  |TAMS 0x0000000085800000, 0x0000000085800000| Untracked 
|  89|0x0000000085900000, 0x0000000085a00000, 0x0000000085a00000|100%| O|  |TAMS 0x0000000085900000, 0x0000000085900000| Untracked 
|  90|0x0000000085a00000, 0x0000000085b00000, 0x0000000085b00000|100%| O|  |TAMS 0x0000000085a00000, 0x0000000085a00000| Untracked 
|  91|0x0000000085b00000, 0x0000000085c00000, 0x0000000085c00000|100%| O|  |TAMS 0x0000000085b00000, 0x0000000085b00000| Untracked 
|  92|0x0000000085c00000, 0x0000000085d00000, 0x0000000085d00000|100%| O|  |TAMS 0x0000000085c00000, 0x0000000085c00000| Untracked 
|  93|0x0000000085d00000, 0x0000000085e00000, 0x0000000085e00000|100%| O|  |TAMS 0x0000000085d00000, 0x0000000085d00000| Untracked 
|  94|0x0000000085e00000, 0x0000000085f00000, 0x0000000085f00000|100%| O|  |TAMS 0x0000000085e00000, 0x0000000085e00000| Untracked 
|  95|0x0000000085f00000, 0x0000000086000000, 0x0000000086000000|100%| O|  |TAMS 0x0000000085f00000, 0x0000000085f00000| Untracked 
|  96|0x0000000086000000, 0x0000000086100000, 0x0000000086100000|100%| O|  |TAMS 0x0000000086000000, 0x0000000086000000| Untracked 
|  97|0x0000000086100000, 0x0000000086200000, 0x0000000086200000|100%| O|  |TAMS 0x0000000086100000, 0x0000000086100000| Untracked 
|  98|0x0000000086200000, 0x0000000086300000, 0x0000000086300000|100%| O|  |TAMS 0x0000000086200000, 0x0000000086200000| Untracked 
|  99|0x0000000086300000, 0x0000000086400000, 0x0000000086400000|100%| O|  |TAMS 0x0000000086300000, 0x0000000086300000| Untracked 
| 100|0x0000000086400000, 0x0000000086500000, 0x0000000086500000|100%| O|  |TAMS 0x0000000086400000, 0x0000000086400000| Untracked 
| 101|0x0000000086500000, 0x0000000086600000, 0x0000000086600000|100%| O|  |TAMS 0x0000000086500000, 0x0000000086500000| Untracked 
| 102|0x0000000086600000, 0x0000000086700000, 0x0000000086700000|100%| O|  |TAMS 0x0000000086600000, 0x0000000086600000| Untracked 
| 103|0x0000000086700000, 0x0000000086800000, 0x0000000086800000|100%| O|  |TAMS 0x0000000086700000, 0x0000000086700000| Untracked 
| 104|0x0000000086800000, 0x0000000086900000, 0x0000000086900000|100%| O|  |TAMS 0x0000000086800000, 0x0000000086800000| Untracked 
| 105|0x0000000086900000, 0x0000000086a00000, 0x0000000086a00000|100%| O|  |TAMS 0x0000000086900000, 0x0000000086900000| Untracked 
| 106|0x0000000086a00000, 0x0000000086b00000, 0x0000000086b00000|100%| O|  |TAMS 0x0000000086a00000, 0x0000000086a00000| Untracked 
| 107|0x0000000086b00000, 0x0000000086c00000, 0x0000000086c00000|100%| O|  |TAMS 0x0000000086b00000, 0x0000000086b00000| Untracked 
| 108|0x0000000086c00000, 0x0000000086d00000, 0x0000000086d00000|100%| O|  |TAMS 0x0000000086c00000, 0x0000000086c00000| Untracked 
| 109|0x0000000086d00000, 0x0000000086e00000, 0x0000000086e00000|100%| O|  |TAMS 0x0000000086d00000, 0x0000000086d00000| Untracked 
| 110|0x0000000086e00000, 0x0000000086f00000, 0x0000000086f00000|100%| O|  |TAMS 0x0000000086e00000, 0x0000000086e00000| Untracked 
| 111|0x0000000086f00000, 0x0000000087000000, 0x0000000087000000|100%| O|  |TAMS 0x0000000086f00000, 0x0000000086f00000| Untracked 
| 112|0x0000000087000000, 0x0000000087100000, 0x0000000087100000|100%| O|  |TAMS 0x0000000087000000, 0x0000000087000000| Untracked 
| 113|0x0000000087100000, 0x0000000087200000, 0x0000000087200000|100%| O|  |TAMS 0x0000000087100000, 0x0000000087100000| Untracked 
| 114|0x0000000087200000, 0x0000000087300000, 0x0000000087300000|100%| O|  |TAMS 0x0000000087200000, 0x0000000087200000| Untracked 
| 115|0x0000000087300000, 0x0000000087400000, 0x0000000087400000|100%| O|  |TAMS 0x0000000087300000, 0x0000000087300000| Untracked 
| 116|0x0000000087400000, 0x0000000087500000, 0x0000000087500000|100%| O|  |TAMS 0x0000000087400000, 0x0000000087400000| Untracked 
| 117|0x0000000087500000, 0x0000000087600000, 0x0000000087600000|100%| O|  |TAMS 0x0000000087500000, 0x0000000087500000| Untracked 
| 118|0x0000000087600000, 0x0000000087700000, 0x0000000087700000|100%| O|  |TAMS 0x0000000087600000, 0x0000000087600000| Untracked 
| 119|0x0000000087700000, 0x0000000087800000, 0x0000000087800000|100%| O|  |TAMS 0x0000000087700000, 0x0000000087700000| Untracked 
| 120|0x0000000087800000, 0x0000000087900000, 0x0000000087900000|100%| O|  |TAMS 0x0000000087800000, 0x0000000087800000| Untracked 
| 121|0x0000000087900000, 0x0000000087a00000, 0x0000000087a00000|100%| O|  |TAMS 0x0000000087900000, 0x0000000087900000| Untracked 
| 122|0x0000000087a00000, 0x0000000087b00000, 0x0000000087b00000|100%| O|  |TAMS 0x0000000087a00000, 0x0000000087a00000| Untracked 
| 123|0x0000000087b00000, 0x0000000087c00000, 0x0000000087c00000|100%| O|  |TAMS 0x0000000087b00000, 0x0000000087b00000| Untracked 
| 124|0x0000000087c00000, 0x0000000087d00000, 0x0000000087d00000|100%| O|  |TAMS 0x0000000087c00000, 0x0000000087c00000| Untracked 
| 125|0x0000000087d00000, 0x0000000087e00000, 0x0000000087e00000|100%| O|  |TAMS 0x0000000087d00000, 0x0000000087d00000| Untracked 
| 126|0x0000000087e00000, 0x0000000087f00000, 0x0000000087f00000|100%| O|  |TAMS 0x0000000087e00000, 0x0000000087e00000| Untracked 
| 127|0x0000000087f00000, 0x0000000088000000, 0x0000000088000000|100%| O|  |TAMS 0x0000000087f00000, 0x0000000087f00000| Untracked 
| 128|0x0000000088000000, 0x0000000088100000, 0x0000000088100000|100%| O|  |TAMS 0x0000000088000000, 0x0000000088000000| Untracked 
| 129|0x0000000088100000, 0x0000000088200000, 0x0000000088200000|100%| O|  |TAMS 0x0000000088100000, 0x0000000088100000| Untracked 
| 130|0x0000000088200000, 0x0000000088300000, 0x0000000088300000|100%| O|  |TAMS 0x0000000088200000, 0x0000000088200000| Untracked 
| 131|0x0000000088300000, 0x0000000088400000, 0x0000000088400000|100%| O|  |TAMS 0x0000000088300000, 0x0000000088300000| Untracked 
| 132|0x0000000088400000, 0x0000000088500000, 0x0000000088500000|100%| O|  |TAMS 0x0000000088400000, 0x0000000088400000| Untracked 
| 133|0x0000000088500000, 0x0000000088600000, 0x0000000088600000|100%| O|  |TAMS 0x0000000088500000, 0x0000000088500000| Untracked 
| 134|0x0000000088600000, 0x0000000088700000, 0x0000000088700000|100%| O|  |TAMS 0x0000000088600000, 0x0000000088600000| Untracked 
| 135|0x0000000088700000, 0x0000000088800000, 0x0000000088800000|100%| O|  |TAMS 0x0000000088700000, 0x0000000088700000| Untracked 
| 136|0x0000000088800000, 0x0000000088900000, 0x0000000088900000|100%| O|  |TAMS 0x0000000088800000, 0x0000000088800000| Untracked 
| 137|0x0000000088900000, 0x0000000088956600, 0x0000000088a00000| 33%| O|  |TAMS 0x0000000088900000, 0x0000000088900000| Untracked 
| 138|0x0000000088a00000, 0x0000000088a00000, 0x0000000088b00000|  0%| F|  |TAMS 0x0000000088a00000, 0x0000000088a00000| Untracked 
| 139|0x0000000088b00000, 0x0000000088b00000, 0x0000000088c00000|  0%| F|  |TAMS 0x0000000088b00000, 0x0000000088b00000| Untracked 
| 140|0x0000000088c00000, 0x0000000088c00000, 0x0000000088d00000|  0%| F|  |TAMS 0x0000000088c00000, 0x0000000088c00000| Untracked 
| 141|0x0000000088d00000, 0x0000000088d00000, 0x0000000088e00000|  0%| F|  |TAMS 0x0000000088d00000, 0x0000000088d00000| Untracked 
| 142|0x0000000088e00000, 0x0000000088e00000, 0x0000000088f00000|  0%| F|  |TAMS 0x0000000088e00000, 0x0000000088e00000| Untracked 
| 143|0x0000000088f00000, 0x0000000088f00000, 0x0000000089000000|  0%| F|  |TAMS 0x0000000088f00000, 0x0000000088f00000| Untracked 
| 144|0x0000000089000000, 0x0000000089000000, 0x0000000089100000|  0%| F|  |TAMS 0x0000000089000000, 0x0000000089000000| Untracked 
| 145|0x0000000089100000, 0x0000000089100000, 0x0000000089200000|  0%| F|  |TAMS 0x0000000089100000, 0x0000000089100000| Untracked 
| 146|0x0000000089200000, 0x0000000089200000, 0x0000000089300000|  0%| F|  |TAMS 0x0000000089200000, 0x0000000089200000| Untracked 
| 147|0x0000000089300000, 0x0000000089300000, 0x0000000089400000|  0%| F|  |TAMS 0x0000000089300000, 0x0000000089300000| Untracked 
| 148|0x0000000089400000, 0x0000000089400000, 0x0000000089500000|  0%| F|  |TAMS 0x0000000089400000, 0x0000000089400000| Untracked 
| 149|0x0000000089500000, 0x0000000089500000, 0x0000000089600000|  0%| F|  |TAMS 0x0000000089500000, 0x0000000089500000| Untracked 
| 150|0x0000000089600000, 0x0000000089600000, 0x0000000089700000|  0%| F|  |TAMS 0x0000000089600000, 0x0000000089600000| Untracked 
| 151|0x0000000089700000, 0x0000000089700000, 0x0000000089800000|  0%| F|  |TAMS 0x0000000089700000, 0x0000000089700000| Untracked 
| 152|0x0000000089800000, 0x0000000089800000, 0x0000000089900000|  0%| F|  |TAMS 0x0000000089800000, 0x0000000089800000| Untracked 
| 153|0x0000000089900000, 0x0000000089900000, 0x0000000089a00000|  0%| F|  |TAMS 0x0000000089900000, 0x0000000089900000| Untracked 
| 154|0x0000000089a00000, 0x0000000089a00000, 0x0000000089b00000|  0%| F|  |TAMS 0x0000000089a00000, 0x0000000089a00000| Untracked 
| 155|0x0000000089b00000, 0x0000000089b00000, 0x0000000089c00000|  0%| F|  |TAMS 0x0000000089b00000, 0x0000000089b00000| Untracked 
| 156|0x0000000089c00000, 0x0000000089c00000, 0x0000000089d00000|  0%| F|  |TAMS 0x0000000089c00000, 0x0000000089c00000| Untracked 
| 157|0x0000000089d00000, 0x0000000089d00000, 0x0000000089e00000|  0%| F|  |TAMS 0x0000000089d00000, 0x0000000089d00000| Untracked 
| 158|0x0000000089e00000, 0x0000000089e00000, 0x0000000089f00000|  0%| F|  |TAMS 0x0000000089e00000, 0x0000000089e00000| Untracked 
| 159|0x0000000089f00000, 0x0000000089f00000, 0x000000008a000000|  0%| F|  |TAMS 0x0000000089f00000, 0x0000000089f00000| Untracked 
| 160|0x000000008a000000, 0x000000008a000000, 0x000000008a100000|  0%| F|  |TAMS 0x000000008a000000, 0x000000008a000000| Untracked 
| 161|0x000000008a100000, 0x000000008a100000, 0x000000008a200000|  0%| F|  |TAMS 0x000000008a100000, 0x000000008a100000| Untracked 
| 162|0x000000008a200000, 0x000000008a200000, 0x000000008a300000|  0%| F|  |TAMS 0x000000008a200000, 0x000000008a200000| Untracked 
| 163|0x000000008a300000, 0x000000008a300000, 0x000000008a400000|  0%| F|  |TAMS 0x000000008a300000, 0x000000008a300000| Untracked 
| 164|0x000000008a400000, 0x000000008a400000, 0x000000008a500000|  0%| F|  |TAMS 0x000000008a400000, 0x000000008a400000| Untracked 
| 165|0x000000008a500000, 0x000000008a500000, 0x000000008a600000|  0%| F|  |TAMS 0x000000008a500000, 0x000000008a500000| Untracked 
| 166|0x000000008a600000, 0x000000008a600000, 0x000000008a700000|  0%| F|  |TAMS 0x000000008a600000, 0x000000008a600000| Untracked 
| 167|0x000000008a700000, 0x000000008a700000, 0x000000008a800000|  0%| F|  |TAMS 0x000000008a700000, 0x000000008a700000| Untracked 
| 168|0x000000008a800000, 0x000000008a800000, 0x000000008a900000|  0%| F|  |TAMS 0x000000008a800000, 0x000000008a800000| Untracked 
| 169|0x000000008a900000, 0x000000008a900000, 0x000000008aa00000|  0%| F|  |TAMS 0x000000008a900000, 0x000000008a900000| Untracked 
| 170|0x000000008aa00000, 0x000000008aa00000, 0x000000008ab00000|  0%| F|  |TAMS 0x000000008aa00000, 0x000000008aa00000| Untracked 
| 171|0x000000008ab00000, 0x000000008ab00000, 0x000000008ac00000|  0%| F|  |TAMS 0x000000008ab00000, 0x000000008ab00000| Untracked 
| 172|0x000000008ac00000, 0x000000008ac00000, 0x000000008ad00000|  0%| F|  |TAMS 0x000000008ac00000, 0x000000008ac00000| Untracked 
| 173|0x000000008ad00000, 0x000000008ad00000, 0x000000008ae00000|  0%| F|  |TAMS 0x000000008ad00000, 0x000000008ad00000| Untracked 
| 174|0x000000008ae00000, 0x000000008ae00000, 0x000000008af00000|  0%| F|  |TAMS 0x000000008ae00000, 0x000000008ae00000| Untracked 
| 175|0x000000008af00000, 0x000000008af00000, 0x000000008b000000|  0%| F|  |TAMS 0x000000008af00000, 0x000000008af00000| Untracked 
| 176|0x000000008b000000, 0x000000008b000000, 0x000000008b100000|  0%| F|  |TAMS 0x000000008b000000, 0x000000008b000000| Untracked 
| 177|0x000000008b100000, 0x000000008b100000, 0x000000008b200000|  0%| F|  |TAMS 0x000000008b100000, 0x000000008b100000| Untracked 
| 178|0x000000008b200000, 0x000000008b200000, 0x000000008b300000|  0%| F|  |TAMS 0x000000008b200000, 0x000000008b200000| Untracked 
| 179|0x000000008b300000, 0x000000008b300000, 0x000000008b400000|  0%| F|  |TAMS 0x000000008b300000, 0x000000008b300000| Untracked 
| 180|0x000000008b400000, 0x000000008b400000, 0x000000008b500000|  0%| F|  |TAMS 0x000000008b400000, 0x000000008b400000| Untracked 
| 181|0x000000008b500000, 0x000000008b500000, 0x000000008b600000|  0%| F|  |TAMS 0x000000008b500000, 0x000000008b500000| Untracked 
| 182|0x000000008b600000, 0x000000008b600000, 0x000000008b700000|  0%| F|  |TAMS 0x000000008b600000, 0x000000008b600000| Untracked 
| 183|0x000000008b700000, 0x000000008b700000, 0x000000008b800000|  0%| F|  |TAMS 0x000000008b700000, 0x000000008b700000| Untracked 
| 184|0x000000008b800000, 0x000000008b800000, 0x000000008b900000|  0%| F|  |TAMS 0x000000008b800000, 0x000000008b800000| Untracked 
| 185|0x000000008b900000, 0x000000008b9ffcb0, 0x000000008ba00000| 99%| S|CS|TAMS 0x000000008b900000, 0x000000008b900000| Complete 
| 186|0x000000008ba00000, 0x000000008bb00000, 0x000000008bb00000|100%| S|CS|TAMS 0x000000008ba00000, 0x000000008ba00000| Complete 
| 187|0x000000008bb00000, 0x000000008bb00000, 0x000000008bc00000|  0%| F|  |TAMS 0x000000008bb00000, 0x000000008bb00000| Untracked 
| 188|0x000000008bc00000, 0x000000008bc00000, 0x000000008bd00000|  0%| F|  |TAMS 0x000000008bc00000, 0x000000008bc00000| Untracked 
| 189|0x000000008bd00000, 0x000000008bd00000, 0x000000008be00000|  0%| F|  |TAMS 0x000000008bd00000, 0x000000008bd00000| Untracked 
| 190|0x000000008be00000, 0x000000008be00000, 0x000000008bf00000|  0%| F|  |TAMS 0x000000008be00000, 0x000000008be00000| Untracked 
| 191|0x000000008bf00000, 0x000000008bf00000, 0x000000008c000000|  0%| F|  |TAMS 0x000000008bf00000, 0x000000008bf00000| Untracked 
| 192|0x000000008c000000, 0x000000008c100000, 0x000000008c100000|100%| S|CS|TAMS 0x000000008c000000, 0x000000008c000000| Complete 
| 193|0x000000008c100000, 0x000000008c200000, 0x000000008c200000|100%| S|CS|TAMS 0x000000008c100000, 0x000000008c100000| Complete 
| 194|0x000000008c200000, 0x000000008c300000, 0x000000008c300000|100%| S|CS|TAMS 0x000000008c200000, 0x000000008c200000| Complete 
| 195|0x000000008c300000, 0x000000008c400000, 0x000000008c400000|100%| S|CS|TAMS 0x000000008c300000, 0x000000008c300000| Complete 
| 196|0x000000008c400000, 0x000000008c500000, 0x000000008c500000|100%| S|CS|TAMS 0x000000008c400000, 0x000000008c400000| Complete 
| 197|0x000000008c500000, 0x000000008c500000, 0x000000008c600000|  0%| F|  |TAMS 0x000000008c500000, 0x000000008c500000| Untracked 
| 198|0x000000008c600000, 0x000000008c700000, 0x000000008c700000|100%| S|CS|TAMS 0x000000008c600000, 0x000000008c600000| Complete 
| 199|0x000000008c700000, 0x000000008c700000, 0x000000008c800000|  0%| F|  |TAMS 0x000000008c700000, 0x000000008c700000| Untracked 
| 200|0x000000008c800000, 0x000000008c800000, 0x000000008c900000|  0%| F|  |TAMS 0x000000008c800000, 0x000000008c800000| Untracked 
| 201|0x000000008c900000, 0x000000008c900000, 0x000000008ca00000|  0%| F|  |TAMS 0x000000008c900000, 0x000000008c900000| Untracked 
| 202|0x000000008ca00000, 0x000000008ca00000, 0x000000008cb00000|  0%| F|  |TAMS 0x000000008ca00000, 0x000000008ca00000| Untracked 
| 203|0x000000008cb00000, 0x000000008cb00000, 0x000000008cc00000|  0%| F|  |TAMS 0x000000008cb00000, 0x000000008cb00000| Untracked 
| 204|0x000000008cc00000, 0x000000008cc00000, 0x000000008cd00000|  0%| F|  |TAMS 0x000000008cc00000, 0x000000008cc00000| Untracked 
| 205|0x000000008cd00000, 0x000000008cd00000, 0x000000008ce00000|  0%| F|  |TAMS 0x000000008cd00000, 0x000000008cd00000| Untracked 
| 206|0x000000008ce00000, 0x000000008ce00000, 0x000000008cf00000|  0%| F|  |TAMS 0x000000008ce00000, 0x000000008ce00000| Untracked 
| 207|0x000000008cf00000, 0x000000008cf00000, 0x000000008d000000|  0%| F|  |TAMS 0x000000008cf00000, 0x000000008cf00000| Untracked 
| 208|0x000000008d000000, 0x000000008d000000, 0x000000008d100000|  0%| F|  |TAMS 0x000000008d000000, 0x000000008d000000| Untracked 
| 209|0x000000008d100000, 0x000000008d100000, 0x000000008d200000|  0%| F|  |TAMS 0x000000008d100000, 0x000000008d100000| Untracked 
| 210|0x000000008d200000, 0x000000008d200000, 0x000000008d300000|  0%| F|  |TAMS 0x000000008d200000, 0x000000008d200000| Untracked 
| 211|0x000000008d300000, 0x000000008d300000, 0x000000008d400000|  0%| F|  |TAMS 0x000000008d300000, 0x000000008d300000| Untracked 
| 212|0x000000008d400000, 0x000000008d400000, 0x000000008d500000|  0%| F|  |TAMS 0x000000008d400000, 0x000000008d400000| Untracked 
| 213|0x000000008d500000, 0x000000008d500000, 0x000000008d600000|  0%| F|  |TAMS 0x000000008d500000, 0x000000008d500000| Untracked 
| 214|0x000000008d600000, 0x000000008d600000, 0x000000008d700000|  0%| F|  |TAMS 0x000000008d600000, 0x000000008d600000| Untracked 
| 215|0x000000008d700000, 0x000000008d700000, 0x000000008d800000|  0%| F|  |TAMS 0x000000008d700000, 0x000000008d700000| Untracked 
| 216|0x000000008d800000, 0x000000008d800000, 0x000000008d900000|  0%| F|  |TAMS 0x000000008d800000, 0x000000008d800000| Untracked 
| 217|0x000000008d900000, 0x000000008d900000, 0x000000008da00000|  0%| F|  |TAMS 0x000000008d900000, 0x000000008d900000| Untracked 
| 218|0x000000008da00000, 0x000000008da00000, 0x000000008db00000|  0%| F|  |TAMS 0x000000008da00000, 0x000000008da00000| Untracked 
| 219|0x000000008db00000, 0x000000008db00000, 0x000000008dc00000|  0%| F|  |TAMS 0x000000008db00000, 0x000000008db00000| Untracked 
| 220|0x000000008dc00000, 0x000000008dc00000, 0x000000008dd00000|  0%| F|  |TAMS 0x000000008dc00000, 0x000000008dc00000| Untracked 
| 221|0x000000008dd00000, 0x000000008dd00000, 0x000000008de00000|  0%| F|  |TAMS 0x000000008dd00000, 0x000000008dd00000| Untracked 
| 222|0x000000008de00000, 0x000000008de00000, 0x000000008df00000|  0%| F|  |TAMS 0x000000008de00000, 0x000000008de00000| Untracked 
| 223|0x000000008df00000, 0x000000008df00000, 0x000000008e000000|  0%| F|  |TAMS 0x000000008df00000, 0x000000008df00000| Untracked 
| 224|0x000000008e000000, 0x000000008e000000, 0x000000008e100000|  0%| F|  |TAMS 0x000000008e000000, 0x000000008e000000| Untracked 
| 225|0x000000008e100000, 0x000000008e100000, 0x000000008e200000|  0%| F|  |TAMS 0x000000008e100000, 0x000000008e100000| Untracked 
| 226|0x000000008e200000, 0x000000008e200000, 0x000000008e300000|  0%| F|  |TAMS 0x000000008e200000, 0x000000008e200000| Untracked 
| 227|0x000000008e300000, 0x000000008e300000, 0x000000008e400000|  0%| F|  |TAMS 0x000000008e300000, 0x000000008e300000| Untracked 
| 228|0x000000008e400000, 0x000000008e400000, 0x000000008e500000|  0%| F|  |TAMS 0x000000008e400000, 0x000000008e400000| Untracked 
| 229|0x000000008e500000, 0x000000008e500000, 0x000000008e600000|  0%| F|  |TAMS 0x000000008e500000, 0x000000008e500000| Untracked 
| 230|0x000000008e600000, 0x000000008e600000, 0x000000008e700000|  0%| F|  |TAMS 0x000000008e600000, 0x000000008e600000| Untracked 
| 231|0x000000008e700000, 0x000000008e700000, 0x000000008e800000|  0%| F|  |TAMS 0x000000008e700000, 0x000000008e700000| Untracked 
| 232|0x000000008e800000, 0x000000008e800000, 0x000000008e900000|  0%| F|  |TAMS 0x000000008e800000, 0x000000008e800000| Untracked 
| 233|0x000000008e900000, 0x000000008e900000, 0x000000008ea00000|  0%| F|  |TAMS 0x000000008e900000, 0x000000008e900000| Untracked 
| 234|0x000000008ea00000, 0x000000008ea00000, 0x000000008eb00000|  0%| F|  |TAMS 0x000000008ea00000, 0x000000008ea00000| Untracked 
| 235|0x000000008eb00000, 0x000000008eb00000, 0x000000008ec00000|  0%| F|  |TAMS 0x000000008eb00000, 0x000000008eb00000| Untracked 
| 236|0x000000008ec00000, 0x000000008ec00000, 0x000000008ed00000|  0%| F|  |TAMS 0x000000008ec00000, 0x000000008ec00000| Untracked 
| 237|0x000000008ed00000, 0x000000008ed00000, 0x000000008ee00000|  0%| F|  |TAMS 0x000000008ed00000, 0x000000008ed00000| Untracked 
| 238|0x000000008ee00000, 0x000000008ee00000, 0x000000008ef00000|  0%| F|  |TAMS 0x000000008ee00000, 0x000000008ee00000| Untracked 
| 239|0x000000008ef00000, 0x000000008ef00000, 0x000000008f000000|  0%| F|  |TAMS 0x000000008ef00000, 0x000000008ef00000| Untracked 
| 240|0x000000008f000000, 0x000000008f000000, 0x000000008f100000|  0%| F|  |TAMS 0x000000008f000000, 0x000000008f000000| Untracked 
| 241|0x000000008f100000, 0x000000008f100000, 0x000000008f200000|  0%| F|  |TAMS 0x000000008f100000, 0x000000008f100000| Untracked 
| 242|0x000000008f200000, 0x000000008f200000, 0x000000008f300000|  0%| F|  |TAMS 0x000000008f200000, 0x000000008f200000| Untracked 
| 243|0x000000008f300000, 0x000000008f300000, 0x000000008f400000|  0%| F|  |TAMS 0x000000008f300000, 0x000000008f300000| Untracked 
| 244|0x000000008f400000, 0x000000008f400000, 0x000000008f500000|  0%| F|  |TAMS 0x000000008f400000, 0x000000008f400000| Untracked 
| 245|0x000000008f500000, 0x000000008f500000, 0x000000008f600000|  0%| F|  |TAMS 0x000000008f500000, 0x000000008f500000| Untracked 
| 246|0x000000008f600000, 0x000000008f600000, 0x000000008f700000|  0%| F|  |TAMS 0x000000008f600000, 0x000000008f600000| Untracked 
| 247|0x000000008f700000, 0x000000008f700000, 0x000000008f800000|  0%| F|  |TAMS 0x000000008f700000, 0x000000008f700000| Untracked 
| 248|0x000000008f800000, 0x000000008f800000, 0x000000008f900000|  0%| F|  |TAMS 0x000000008f800000, 0x000000008f800000| Untracked 
| 249|0x000000008f900000, 0x000000008f900000, 0x000000008fa00000|  0%| F|  |TAMS 0x000000008f900000, 0x000000008f900000| Untracked 
| 250|0x000000008fa00000, 0x000000008fa00000, 0x000000008fb00000|  0%| F|  |TAMS 0x000000008fa00000, 0x000000008fa00000| Untracked 
| 251|0x000000008fb00000, 0x000000008fb00000, 0x000000008fc00000|  0%| F|  |TAMS 0x000000008fb00000, 0x000000008fb00000| Untracked 
| 252|0x000000008fc00000, 0x000000008fc00000, 0x000000008fd00000|  0%| F|  |TAMS 0x000000008fc00000, 0x000000008fc00000| Untracked 
| 253|0x000000008fd00000, 0x000000008fd00000, 0x000000008fe00000|  0%| F|  |TAMS 0x000000008fd00000, 0x000000008fd00000| Untracked 
| 254|0x000000008fe00000, 0x000000008fe00000, 0x000000008ff00000|  0%| F|  |TAMS 0x000000008fe00000, 0x000000008fe00000| Untracked 
| 255|0x000000008ff00000, 0x000000008ff00000, 0x0000000090000000|  0%| F|  |TAMS 0x000000008ff00000, 0x000000008ff00000| Untracked 
| 256|0x0000000090000000, 0x0000000090000000, 0x0000000090100000|  0%| F|  |TAMS 0x0000000090000000, 0x0000000090000000| Untracked 
| 257|0x0000000090100000, 0x0000000090100000, 0x0000000090200000|  0%| F|  |TAMS 0x0000000090100000, 0x0000000090100000| Untracked 
| 258|0x0000000090200000, 0x0000000090200000, 0x0000000090300000|  0%| F|  |TAMS 0x0000000090200000, 0x0000000090200000| Untracked 
| 259|0x0000000090300000, 0x0000000090300000, 0x0000000090400000|  0%| F|  |TAMS 0x0000000090300000, 0x0000000090300000| Untracked 
| 260|0x0000000090400000, 0x0000000090400000, 0x0000000090500000|  0%| F|  |TAMS 0x0000000090400000, 0x0000000090400000| Untracked 
| 261|0x0000000090500000, 0x0000000090500000, 0x0000000090600000|  0%| F|  |TAMS 0x0000000090500000, 0x0000000090500000| Untracked 
| 262|0x0000000090600000, 0x0000000090600000, 0x0000000090700000|  0%| F|  |TAMS 0x0000000090600000, 0x0000000090600000| Untracked 
| 263|0x0000000090700000, 0x0000000090700000, 0x0000000090800000|  0%| F|  |TAMS 0x0000000090700000, 0x0000000090700000| Untracked 
| 264|0x0000000090800000, 0x0000000090800000, 0x0000000090900000|  0%| F|  |TAMS 0x0000000090800000, 0x0000000090800000| Untracked 
| 265|0x0000000090900000, 0x0000000090900000, 0x0000000090a00000|  0%| F|  |TAMS 0x0000000090900000, 0x0000000090900000| Untracked 
| 266|0x0000000090a00000, 0x0000000090a00000, 0x0000000090b00000|  0%| F|  |TAMS 0x0000000090a00000, 0x0000000090a00000| Untracked 
| 267|0x0000000090b00000, 0x0000000090b00000, 0x0000000090c00000|  0%| F|  |TAMS 0x0000000090b00000, 0x0000000090b00000| Untracked 
| 268|0x0000000090c00000, 0x0000000090c00000, 0x0000000090d00000|  0%| F|  |TAMS 0x0000000090c00000, 0x0000000090c00000| Untracked 
| 269|0x0000000090d00000, 0x0000000090d00000, 0x0000000090e00000|  0%| F|  |TAMS 0x0000000090d00000, 0x0000000090d00000| Untracked 
| 270|0x0000000090e00000, 0x0000000090e00000, 0x0000000090f00000|  0%| F|  |TAMS 0x0000000090e00000, 0x0000000090e00000| Untracked 
| 271|0x0000000090f00000, 0x0000000090f00000, 0x0000000091000000|  0%| F|  |TAMS 0x0000000090f00000, 0x0000000090f00000| Untracked 
| 272|0x0000000091000000, 0x0000000091000000, 0x0000000091100000|  0%| F|  |TAMS 0x0000000091000000, 0x0000000091000000| Untracked 
| 273|0x0000000091100000, 0x0000000091100000, 0x0000000091200000|  0%| F|  |TAMS 0x0000000091100000, 0x0000000091100000| Untracked 
| 274|0x0000000091200000, 0x0000000091200000, 0x0000000091300000|  0%| F|  |TAMS 0x0000000091200000, 0x0000000091200000| Untracked 
| 275|0x0000000091300000, 0x0000000091300000, 0x0000000091400000|  0%| F|  |TAMS 0x0000000091300000, 0x0000000091300000| Untracked 
| 276|0x0000000091400000, 0x0000000091400000, 0x0000000091500000|  0%| F|  |TAMS 0x0000000091400000, 0x0000000091400000| Untracked 
| 277|0x0000000091500000, 0x0000000091500000, 0x0000000091600000|  0%| F|  |TAMS 0x0000000091500000, 0x0000000091500000| Untracked 
| 278|0x0000000091600000, 0x0000000091600000, 0x0000000091700000|  0%| F|  |TAMS 0x0000000091600000, 0x0000000091600000| Untracked 
| 279|0x0000000091700000, 0x0000000091700000, 0x0000000091800000|  0%| F|  |TAMS 0x0000000091700000, 0x0000000091700000| Untracked 
| 280|0x0000000091800000, 0x0000000091800000, 0x0000000091900000|  0%| F|  |TAMS 0x0000000091800000, 0x0000000091800000| Untracked 
| 281|0x0000000091900000, 0x0000000091900000, 0x0000000091a00000|  0%| F|  |TAMS 0x0000000091900000, 0x0000000091900000| Untracked 
| 282|0x0000000091a00000, 0x0000000091a00000, 0x0000000091b00000|  0%| F|  |TAMS 0x0000000091a00000, 0x0000000091a00000| Untracked 
| 283|0x0000000091b00000, 0x0000000091b00000, 0x0000000091c00000|  0%| F|  |TAMS 0x0000000091b00000, 0x0000000091b00000| Untracked 
| 284|0x0000000091c00000, 0x0000000091c00000, 0x0000000091d00000|  0%| F|  |TAMS 0x0000000091c00000, 0x0000000091c00000| Untracked 
| 285|0x0000000091d00000, 0x0000000091d00000, 0x0000000091e00000|  0%| F|  |TAMS 0x0000000091d00000, 0x0000000091d00000| Untracked 
| 286|0x0000000091e00000, 0x0000000091e00000, 0x0000000091f00000|  0%| F|  |TAMS 0x0000000091e00000, 0x0000000091e00000| Untracked 
| 287|0x0000000091f00000, 0x0000000091f00000, 0x0000000092000000|  0%| F|  |TAMS 0x0000000091f00000, 0x0000000091f00000| Untracked 
| 288|0x0000000092000000, 0x0000000092000000, 0x0000000092100000|  0%| F|  |TAMS 0x0000000092000000, 0x0000000092000000| Untracked 
| 289|0x0000000092100000, 0x0000000092100000, 0x0000000092200000|  0%| F|  |TAMS 0x0000000092100000, 0x0000000092100000| Untracked 
| 290|0x0000000092200000, 0x0000000092200000, 0x0000000092300000|  0%| F|  |TAMS 0x0000000092200000, 0x0000000092200000| Untracked 
| 291|0x0000000092300000, 0x0000000092300000, 0x0000000092400000|  0%| F|  |TAMS 0x0000000092300000, 0x0000000092300000| Untracked 
| 292|0x0000000092400000, 0x0000000092400000, 0x0000000092500000|  0%| F|  |TAMS 0x0000000092400000, 0x0000000092400000| Untracked 
| 293|0x0000000092500000, 0x0000000092500000, 0x0000000092600000|  0%| F|  |TAMS 0x0000000092500000, 0x0000000092500000| Untracked 
| 294|0x0000000092600000, 0x0000000092600000, 0x0000000092700000|  0%| F|  |TAMS 0x0000000092600000, 0x0000000092600000| Untracked 
| 295|0x0000000092700000, 0x0000000092700000, 0x0000000092800000|  0%| F|  |TAMS 0x0000000092700000, 0x0000000092700000| Untracked 
| 296|0x0000000092800000, 0x0000000092800000, 0x0000000092900000|  0%| F|  |TAMS 0x0000000092800000, 0x0000000092800000| Untracked 
| 297|0x0000000092900000, 0x0000000092900000, 0x0000000092a00000|  0%| F|  |TAMS 0x0000000092900000, 0x0000000092900000| Untracked 
| 298|0x0000000092a00000, 0x0000000092a00000, 0x0000000092b00000|  0%| F|  |TAMS 0x0000000092a00000, 0x0000000092a00000| Untracked 
| 299|0x0000000092b00000, 0x0000000092b00000, 0x0000000092c00000|  0%| F|  |TAMS 0x0000000092b00000, 0x0000000092b00000| Untracked 
| 300|0x0000000092c00000, 0x0000000092c00000, 0x0000000092d00000|  0%| F|  |TAMS 0x0000000092c00000, 0x0000000092c00000| Untracked 
| 301|0x0000000092d00000, 0x0000000092d00000, 0x0000000092e00000|  0%| F|  |TAMS 0x0000000092d00000, 0x0000000092d00000| Untracked 
| 302|0x0000000092e00000, 0x0000000092e00000, 0x0000000092f00000|  0%| F|  |TAMS 0x0000000092e00000, 0x0000000092e00000| Untracked 
| 303|0x0000000092f00000, 0x0000000092f00000, 0x0000000093000000|  0%| F|  |TAMS 0x0000000092f00000, 0x0000000092f00000| Untracked 
| 304|0x0000000093000000, 0x0000000093000000, 0x0000000093100000|  0%| F|  |TAMS 0x0000000093000000, 0x0000000093000000| Untracked 
| 305|0x0000000093100000, 0x0000000093100000, 0x0000000093200000|  0%| F|  |TAMS 0x0000000093100000, 0x0000000093100000| Untracked 
| 306|0x0000000093200000, 0x0000000093200000, 0x0000000093300000|  0%| F|  |TAMS 0x0000000093200000, 0x0000000093200000| Untracked 
| 307|0x0000000093300000, 0x0000000093300000, 0x0000000093400000|  0%| F|  |TAMS 0x0000000093300000, 0x0000000093300000| Untracked 

Card table byte_map: [0x00000260fd8d0000,0x00000260fdcd0000] _byte_map_base: 0x00000260fd4d0000

Marking Bits (Prev, Next): (CMBitMap*) 0x00000260f98bb758, (CMBitMap*) 0x00000260f98bb790
 Prev Bits: [0x000002608f000000, 0x0000026091000000)
 Next Bits: [0x0000026091000000, 0x0000026093000000)

Polling page: 0x00000260f8c80000

Metaspace:

Usage:
  Non-class:     84.99 MB capacity,    83.33 MB ( 98%) used,     1.35 MB (  2%) free+waste,   317.81 KB ( <1%) overhead. 
      Class:     13.40 MB capacity,    12.42 MB ( 93%) used,   862.80 KB (  6%) free+waste,   145.06 KB (  1%) overhead. 
       Both:     98.40 MB capacity,    95.75 MB ( 97%) used,     2.19 MB (  2%) free+waste,   462.88 KB ( <1%) overhead. 

Virtual space:
  Non-class space:       86.00 MB reserved,      85.20 MB (>99%) committed 
      Class space:        1.00 GB reserved,      13.50 MB (  1%) committed 
             Both:        1.08 GB reserved,      98.70 MB (  9%) committed 

Chunk freelists:
   Non-Class:  19.00 KB
       Class:  4.00 KB
        Both:  23.00 KB

MaxMetaspaceSize: 17179869184.00 GB
CompressedClassSpaceSize: 1.00 GB

CodeHeap 'non-profiled nmethods': size=120000Kb used=7061Kb max_used=7061Kb free=112938Kb
 bounds [0x0000026087ad0000, 0x00000260881c0000, 0x000002608f000000]
CodeHeap 'profiled nmethods': size=120000Kb used=28404Kb max_used=28404Kb free=91595Kb
 bounds [0x00000260805a0000, 0x0000026082170000, 0x0000026087ad0000]
CodeHeap 'non-nmethods': size=5760Kb used=2295Kb max_used=2392Kb free=3464Kb
 bounds [0x0000026080000000, 0x0000026080270000, 0x00000260805a0000]
 total_blobs=13557 nmethods=12658 adapters=808
 compilation: enabled
              stopped_count=0, restarted_count=0
 full_count=0

Compilation events (20 events):
Event: 17.888 Thread 0x00000260ff44e000 nmethod 13293 0x000002608215d790 code [0x000002608215d940, 0x000002608215da68]
Event: 17.888 Thread 0x00000260ff44e000 13294       2       com.android.tools.r8.naming.v$b::<init> (16 bytes)
Event: 17.888 Thread 0x00000260ff44e000 nmethod 13294 0x000002608215db10 code [0x000002608215dcc0, 0x000002608215ded8]
Event: 17.888 Thread 0x00000260ff44e000 13295       2       com.android.tools.r8.naming.v$d::<init> (10 bytes)
Event: 17.889 Thread 0x00000260ff44e000 nmethod 13295 0x000002608215df90 code [0x000002608215e140, 0x000002608215e278]
Event: 17.889 Thread 0x00000260ff44e000 13296       2       com.android.tools.r8.naming.v$b::toString (54 bytes)
Event: 17.889 Thread 0x00000260ff44e000 nmethod 13296 0x000002608215e310 code [0x000002608215e540, 0x000002608215e958]
Event: 17.889 Thread 0x00000260ff44e000 13316       2       java.util.TreeMap::buildFromSorted (218 bytes)
Event: 17.890 Thread 0x00000260ff44e000 nmethod 13316 0x000002608215eb90 code [0x000002608215ede0, 0x000002608215f4f8]
Event: 17.890 Thread 0x00000260ff44e000 13303       1       com.android.tools.r8.ir.regalloc.b::p (5 bytes)
Event: 17.890 Thread 0x00000260ff44e000 nmethod 13303 0x00000260881b5210 code [0x00000260881b53c0, 0x00000260881b5478]
Event: 17.890 Thread 0x00000260ff44e000 13300       2       com.android.tools.r8.dex.l::a (49 bytes)
Event: 17.891 Thread 0x00000260ff44e000 nmethod 13300 0x000002608215f890 code [0x000002608215faa0, 0x000002608215ff48]
Event: 17.891 Thread 0x00000260ff44e000 13317       2       java.util.TimSort::gallopRight (335 bytes)
Event: 17.892 Thread 0x00000260ff44e000 nmethod 13317 0x0000026082160210 code [0x0000026082160420, 0x0000026082160a38]
Event: 17.892 Thread 0x00000260ff44e000 13302       2       java.nio.HeapByteBuffer::put (59 bytes)
Event: 17.893 Thread 0x00000260ff44e000 nmethod 13302 0x0000026082160d90 code [0x0000026082160f80, 0x00000260821612d8]
Event: 17.893 Thread 0x00000260ff44e000 13305       2       com.android.tools.r8.r.o.Q::<init> (118 bytes)
Event: 17.893 Thread 0x00000260ff44e000 nmethod 13305 0x0000026082161490 code [0x0000026082161640, 0x00000260821617d8]
Event: 17.893 Thread 0x00000260ff44e000 13318       2       com.android.tools.r8.ir.regalloc.a::a (564 bytes)

GC Heap History (20 events):
Event: 15.164 GC heap after
{Heap after GC invocations=17 (full 0):
 garbage-first heap   total 262144K, used 106496K [0x0000000080000000, 0x0000000100000000)
  region size 1024K, 14 young (14336K), 14 survivors (14336K)
 Metaspace       used 92161K, capacity 94632K, committed 94924K, reserved 1130496K
  class space    used 12067K, capacity 12970K, committed 13056K, reserved 1048576K
}
Event: 15.533 GC heap before
{Heap before GC invocations=17 (full 0):
 garbage-first heap   total 262144K, used 188416K [0x0000000080000000, 0x0000000100000000)
  region size 1024K, 95 young (97280K), 14 survivors (14336K)
 Metaspace       used 94299K, capacity 96895K, committed 97100K, reserved 1132544K
  class space    used 12408K, capacity 13339K, committed 13440K, reserved 1048576K
}
Event: 15.560 GC heap after
{Heap after GC invocations=18 (full 0):
 garbage-first heap   total 262144K, used 119093K [0x0000000080000000, 0x0000000100000000)
  region size 1024K, 12 young (12288K), 12 survivors (12288K)
 Metaspace       used 94299K, capacity 96895K, committed 97100K, reserved 1132544K
  class space    used 12408K, capacity 13339K, committed 13440K, reserved 1048576K
}
Event: 15.893 GC heap before
{Heap before GC invocations=18 (full 0):
 garbage-first heap   total 262144K, used 193845K [0x0000000080000000, 0x0000000100000000)
  region size 1024K, 86 young (88064K), 12 survivors (12288K)
 Metaspace       used 96378K, capacity 99043K, committed 99148K, reserved 1134592K
  class space    used 12619K, capacity 13598K, committed 13696K, reserved 1048576K
}
Event: 15.915 GC heap after
{Heap after GC invocations=19 (full 0):
 garbage-first heap   total 315392K, used 127549K [0x0000000080000000, 0x0000000100000000)
  region size 1024K, 7 young (7168K), 7 survivors (7168K)
 Metaspace       used 96378K, capacity 99043K, committed 99148K, reserved 1134592K
  class space    used 12619K, capacity 13598K, committed 13696K, reserved 1048576K
}
Event: 16.244 GC heap before
{Heap before GC invocations=19 (full 0):
 garbage-first heap   total 315392K, used 220733K [0x0000000080000000, 0x0000000100000000)
  region size 1024K, 99 young (101376K), 7 survivors (7168K)
 Metaspace       used 97043K, capacity 99746K, committed 99916K, reserved 1136640K
  class space    used 12680K, capacity 13680K, committed 13696K, reserved 1048576K
}
Event: 16.259 GC heap after
{Heap after GC invocations=20 (full 0):
 garbage-first heap   total 315392K, used 135778K [0x0000000080000000, 0x0000000100000000)
  region size 1024K, 13 young (13312K), 13 survivors (13312K)
 Metaspace       used 97043K, capacity 99746K, committed 99916K, reserved 1136640K
  class space    used 12680K, capacity 13680K, committed 13696K, reserved 1048576K
}
Event: 16.570 GC heap before
{Heap before GC invocations=20 (full 0):
 garbage-first heap   total 315392K, used 229986K [0x0000000080000000, 0x0000000100000000)
  region size 1024K, 105 young (107520K), 13 survivors (13312K)
 Metaspace       used 97094K, capacity 99780K, committed 100044K, reserved 1136640K
  class space    used 12691K, capacity 13713K, committed 13824K, reserved 1048576K
}
Event: 16.585 GC heap after
{Heap after GC invocations=21 (full 0):
 garbage-first heap   total 315392K, used 139174K [0x0000000080000000, 0x0000000100000000)
  region size 1024K, 6 young (6144K), 6 survivors (6144K)
 Metaspace       used 97094K, capacity 99780K, committed 100044K, reserved 1136640K
  class space    used 12691K, capacity 13713K, committed 13824K, reserved 1048576K
}
Event: 16.862 GC heap before
{Heap before GC invocations=21 (full 0):
 garbage-first heap   total 315392K, used 234406K [0x0000000080000000, 0x0000000100000000)
  region size 1024K, 99 young (101376K), 6 survivors (6144K)
 Metaspace       used 97226K, capacity 99912K, committed 100044K, reserved 1136640K
  class space    used 12691K, capacity 13713K, committed 13824K, reserved 1048576K
}
Event: 16.870 GC heap after
{Heap after GC invocations=22 (full 0):
 garbage-first heap   total 315392K, used 141987K [0x0000000080000000, 0x0000000100000000)
  region size 1024K, 9 young (9216K), 9 survivors (9216K)
 Metaspace       used 97226K, capacity 99912K, committed 100044K, reserved 1136640K
  class space    used 12691K, capacity 13713K, committed 13824K, reserved 1048576K
}
Event: 17.120 GC heap before
{Heap before GC invocations=22 (full 0):
 garbage-first heap   total 315392K, used 240291K [0x0000000080000000, 0x0000000100000000)
  region size 1024K, 105 young (107520K), 9 survivors (9216K)
 Metaspace       used 97408K, capacity 100105K, committed 100300K, reserved 1136640K
  class space    used 12705K, capacity 13713K, committed 13824K, reserved 1048576K
}
Event: 17.130 GC heap after
{Heap after GC invocations=23 (full 0):
 garbage-first heap   total 315392K, used 142886K [0x0000000080000000, 0x0000000100000000)
  region size 1024K, 5 young (5120K), 5 survivors (5120K)
 Metaspace       used 97408K, capacity 100105K, committed 100300K, reserved 1136640K
  class space    used 12705K, capacity 13713K, committed 13824K, reserved 1048576K
}
Event: 17.350 GC heap before
{Heap before GC invocations=23 (full 0):
 garbage-first heap   total 315392K, used 245286K [0x0000000080000000, 0x0000000100000000)
  region size 1024K, 105 young (107520K), 5 survivors (5120K)
 Metaspace       used 97614K, capacity 100301K, committed 100556K, reserved 1136640K
  class space    used 12709K, capacity 13713K, committed 13824K, reserved 1048576K
}
Event: 17.364 GC heap after
{Heap after GC invocations=24 (full 0):
 garbage-first heap   total 315392K, used 144005K [0x0000000080000000, 0x0000000100000000)
  region size 1024K, 6 young (6144K), 6 survivors (6144K)
 Metaspace       used 97614K, capacity 100301K, committed 100556K, reserved 1136640K
  class space    used 12709K, capacity 13713K, committed 13824K, reserved 1048576K
}
Event: 17.544 GC heap before
{Heap before GC invocations=24 (full 0):
 garbage-first heap   total 315392K, used 249477K [0x0000000080000000, 0x0000000100000000)
  region size 1024K, 109 young (111616K), 6 survivors (6144K)
 Metaspace       used 97801K, capacity 100507K, committed 100812K, reserved 1136640K
  class space    used 12709K, capacity 13713K, committed 13824K, reserved 1048576K
}
Event: 17.554 GC heap after
{Heap after GC invocations=25 (full 0):
 garbage-first heap   total 315392K, used 145029K [0x0000000080000000, 0x0000000100000000)
  region size 1024K, 7 young (7168K), 7 survivors (7168K)
 Metaspace       used 97801K, capacity 100507K, committed 100812K, reserved 1136640K
  class space    used 12709K, capacity 13713K, committed 13824K, reserved 1048576K
}
Event: 17.713 GC heap before
{Heap before GC invocations=25 (full 0):
 garbage-first heap   total 315392K, used 252549K [0x0000000080000000, 0x0000000100000000)
  region size 1024K, 112 young (114688K), 7 survivors (7168K)
 Metaspace       used 97915K, capacity 100652K, committed 100812K, reserved 1136640K
  class space    used 12710K, capacity 13715K, committed 13824K, reserved 1048576K
}
Event: 17.723 GC heap after
{Heap after GC invocations=26 (full 0):
 garbage-first heap   total 315392K, used 146694K [0x0000000080000000, 0x0000000100000000)
  region size 1024K, 9 young (9216K), 9 survivors (9216K)
 Metaspace       used 97915K, capacity 100652K, committed 100812K, reserved 1136640K
  class space    used 12710K, capacity 13715K, committed 13824K, reserved 1048576K
}
Event: 17.894 GC heap before
{Heap before GC invocations=26 (full 0):
 garbage-first heap   total 315392K, used 254214K [0x0000000080000000, 0x0000000100000000)
  region size 1024K, 115 young (117760K), 9 survivors (9216K)
 Metaspace       used 98048K, capacity 100757K, committed 101068K, reserved 1136640K
  class space    used 12716K, capacity 13724K, committed 13824K, reserved 1048576K
}

Deoptimization events (20 events):
Event: 17.202 Thread 0x0000026097d71800 DEOPT PACKING pc=0x0000026081a6f455 sp=0x000000ad8c9f9660
Event: 17.202 Thread 0x0000026097d71800 DEOPT UNPACKING pc=0x00000260800272ce sp=0x000000ad8c9f8df0 mode 0
Event: 17.422 Thread 0x0000026097d71800 DEOPT PACKING pc=0x0000026081e1d143 sp=0x000000ad8c9f9830
Event: 17.422 Thread 0x0000026097d71800 DEOPT UNPACKING pc=0x00000260800272ce sp=0x000000ad8c9f8fb8 mode 0
Event: 17.436 Thread 0x0000026097d74800 DEOPT PACKING pc=0x0000026081a6f455 sp=0x000000ad8c8f9aa0
Event: 17.436 Thread 0x0000026097d74800 DEOPT UNPACKING pc=0x00000260800272ce sp=0x000000ad8c8f9230 mode 0
Event: 17.700 Thread 0x0000026097d77000 DEOPT PACKING pc=0x0000026081e1d143 sp=0x000000ad8c7f93d0
Event: 17.700 Thread 0x0000026097d77000 DEOPT UNPACKING pc=0x00000260800272ce sp=0x000000ad8c7f8b58 mode 0
Event: 17.735 Thread 0x0000026096d96000 Uncommon trap: trap_request=0xffffffc6 fr.pc=0x0000026088052d50 relative=0x00000000000003d0
Event: 17.735 Thread 0x0000026096d96000 Uncommon trap: reason=bimorphic_or_optimized_type_check action=maybe_recompile pc=0x0000026088052d50 method=java.util.stream.ReferencePipeline.collect(Ljava/util/stream/Collector;)Ljava/lang/Object; @ 118 c2
Event: 17.735 Thread 0x0000026096d96000 DEOPT PACKING pc=0x0000026088052d50 sp=0x000000ad8c3fa9e0
Event: 17.735 Thread 0x0000026096d96000 DEOPT UNPACKING pc=0x00000260800274af sp=0x000000ad8c3fa9a8 mode 2
Event: 17.795 Thread 0x0000026096d96000 Uncommon trap: trap_request=0xffffff4d fr.pc=0x0000026088132e10 relative=0x00000000000001d0
Event: 17.795 Thread 0x0000026096d96000 Uncommon trap: reason=unstable_if action=reinterpret pc=0x0000026088132e10 method=com.android.tools.r8.w.a.a.a.h.Z0.a(Ljava/lang/Object;)I @ 52 c2
Event: 17.795 Thread 0x0000026096d96000 DEOPT PACKING pc=0x0000026088132e10 sp=0x000000ad8c3f9d60
Event: 17.795 Thread 0x0000026096d96000 DEOPT UNPACKING pc=0x00000260800274af sp=0x000000ad8c3f9cf8 mode 2
Event: 17.837 Thread 0x0000026097d71800 Uncommon trap: trap_request=0xffffff76 fr.pc=0x00000260881a70c8 relative=0x0000000000000ec8
Event: 17.837 Thread 0x0000026097d71800 Uncommon trap: reason=loop_limit_check action=maybe_recompile pc=0x00000260881a70c8 method=com.android.tools.r8.w.a.a.a.f.e.putAll(Ljava/util/Map;)V @ 31 c2
Event: 17.837 Thread 0x0000026097d71800 DEOPT PACKING pc=0x00000260881a70c8 sp=0x000000ad8c9f9380
Event: 17.837 Thread 0x0000026097d71800 DEOPT UNPACKING pc=0x00000260800274af sp=0x000000ad8c9f9368 mode 2

Classes redefined (0 events):
No events

Internal exceptions (20 events):
Event: 14.962 Thread 0x0000026097d75800 Exception <a 'java/lang/NoSuchMethodError'{0x000000008cd08018}: 'java.lang.Object java.lang.invoke.DirectMethodHandle$Holder.invokeStatic(java.lang.Object, int, java.lang.Object, java.lang.Object)'> (0x000000008cd08018) thrown at [./src/hotspot/share/interpreter/linkResolver.cpp, line 773]
Event: 14.981 Thread 0x0000026097d75800 Exception <a 'java/lang/NoSuchMethodError'{0x000000008c971678}: 'long java.lang.invoke.DirectMethodHandle$Holder.invokeStatic(java.lang.Object, java.lang.Object)'> (0x000000008c971678) thrown at [./src/hotspot/share/interpreter/linkResolver.cpp, line 773]
Event: 14.988 Thread 0x0000026097d75800 Exception <a 'java/lang/NoSuchMethodError'{0x000000008c89a2d8}: 'void java.lang.invoke.DirectMethodHandle$Holder.invokeSpecial(java.lang.Object, java.lang.Object, int, java.lang.Object)'> (0x000000008c89a2d8) thrown at [./src/hotspot/share/interpreter/linkResolver.cpp, line 773]
Event: 15.033 Thread 0x0000026097d75800 Exception <a 'java/lang/NoSuchMethodError'{0x000000008bb48048}: 'int java.lang.invoke.DirectMethodHandle$Holder.invokeSpecial(java.lang.Object, java.lang.Object, java.lang.Object, java.lang.Object, java.lang.Object)'> (0x000000008bb48048) thrown at [./src/hotspot/share/interpreter/linkResolver.cpp, line 773]
Event: 15.122 Thread 0x0000026096d91800 Exception <a 'java/lang/NoSuchMethodError'{0x000000008a8303c0}: 'java.lang.Object java.lang.invoke.DirectMethodHandle$Holder.invokeVirtual(java.lang.Object, java.lang.Object, int, java.lang.Object)'> (0x000000008a8303c0) thrown at [./src/hotspot/share/interpreter/linkResolver.cpp, line 773]
Event: 15.198 Thread 0x0000026096d96000 Exception <a 'java/lang/NoSuchMethodError'{0x000000008fa3d408}: 'void java.lang.invoke.DirectMethodHandle$Holder.invokeVirtual(java.lang.Object, java.lang.Object, int, java.lang.Object)'> (0x000000008fa3d408) thrown at [./src/hotspot/share/interpreter/linkResolver.cpp, line 773]
Event: 15.321 Thread 0x0000026097d75800 Exception <a 'java/lang/NoSuchMethodError'{0x000000008d5acf98}: 'java.lang.Object java.lang.invoke.DirectMethodHandle$Holder.newInvokeSpecial(java.lang.Object, int)'> (0x000000008d5acf98) thrown at [./src/hotspot/share/interpreter/linkResolver.cpp, line 773]
Event: 15.480 Thread 0x0000026097d74800 Exception <a 'java/lang/NoSuchMethodError'{0x000000008b9b35d8}: 'java.lang.Object java.lang.invoke.DirectMethodHandle$Holder.invokeInterface(java.lang.Object, java.lang.Object, int)'> (0x000000008b9b35d8) thrown at [./src/hotspot/share/interpreter/linkResolver.cpp, line 773]
Event: 15.746 Thread 0x0000026097d75800 Exception <a 'java/lang/NoSuchMethodError'{0x000000008d3a5fd8}: 'void java.lang.invoke.DirectMethodHandle$Holder.invokeStatic(java.lang.Object, java.lang.Object, java.lang.Object, java.lang.Object, java.lang.Object, java.lang.Object, java.lang.Object, java.lang.Object, java.lang.Object, java.lang.Object, java.lang.Object)'> (0x000000008d3a5fd8) thrown at [./src/hotspot/share/interpreter/linkResolver.cpp, line 773]
Event: 15.747 Thread 0x0000026097d75800 Exception <a 'java/lang/NoSuchMethodError'{0x000000008d3b0ea8}: 'java.lang.Object java.lang.invoke.DirectMethodHandle$Holder.invokeSpecial(java.lang.Object, java.lang.Object, java.lang.Object, java.lang.Object, java.lang.Object, java.lang.Object, java.lang.Object, java.lang.Object, java.lang.Object, java.lang.Object)'> (0x000000008d3b0ea8) thrown at [./src/hotspot/share/interpreter/linkResolver.cpp, line 773]
Event: 15.747 Thread 0x0000026097d75800 Exception <a 'java/lang/NoSuchMethodError'{0x000000008d3b54e8}: 'java.lang.Object java.lang.invoke.Invokers$Holder.linkToTargetMethod(java.lang.Object, java.lang.Object, java.lang.Object, java.lang.Object, java.lang.Object, java.lang.Object, java.lang.Object, java.lang.Object, java.lang.Object)'> (0x000000008d3b54e8) thrown at [./src/hotspot/share/interpreter/linkResolver.cpp, line 773]
Event: 15.872 Thread 0x0000026097d75800 Exception <a 'java/lang/NoSuchMethodError'{0x000000008b942e30}: 'void java.lang.invoke.DirectMethodHandle$Holder.invokeVirtual(java.lang.Object, java.lang.Object, int)'> (0x000000008b942e30) thrown at [./src/hotspot/share/interpreter/linkResolver.cpp, line 773]
Event: 15.872 Thread 0x0000026096d91800 Exception <a 'java/lang/NoSuchMethodError'{0x000000008bad5268}: 'void java.lang.invoke.DirectMethodHandle$Holder.invokeVirtual(java.lang.Object, java.lang.Object, int)'> (0x000000008bad5268) thrown at [./src/hotspot/share/interpreter/linkResolver.cpp, line 773]
Event: 15.886 Thread 0x0000026097d71800 Implicit null exception at 0x00000260881188dc to 0x0000026088118ba4
Event: 15.933 Thread 0x0000026097d75800 Exception <a 'sun/nio/fs/WindowsException'{0x00000000931d5320}> (0x00000000931d5320) thrown at [./src/hotspot/share/prims/jni.cpp, line 615]
Event: 15.938 Thread 0x0000026097d74800 Exception <a 'java/lang/NoSuchMethodError'{0x00000000930f58d0}: 'int java.lang.invoke.DirectMethodHandle$Holder.invokeInterface(java.lang.Object, java.lang.Object, int)'> (0x00000000930f58d0) thrown at [./src/hotspot/share/interpreter/linkResolver.cpp, line 773]
Event: 15.963 Thread 0x0000026097d75800 Exception <a 'java/lang/NoSuchMethodError'{0x0000000092b093b0}: 'void java.lang.invoke.DirectMethodHandle$Holder.invokeStatic(java.lang.Object, java.lang.Object, java.lang.Object, java.lang.Object, java.lang.Object, java.lang.Object, java.lang.Object)'> (0x0000000092b093b0) thrown at [./src/hotspot/share/interpreter/linkResolver.cpp, line 773]
Event: 15.965 Thread 0x0000026096d91800 Exception <a 'sun/nio/fs/WindowsException'{0x00000000932c6290}> (0x00000000932c6290) thrown at [./src/hotspot/share/prims/jni.cpp, line 615]
Event: 16.047 Thread 0x0000026097d75800 Exception <a 'sun/nio/fs/WindowsException'{0x0000000091bc59e0}> (0x0000000091bc59e0) thrown at [./src/hotspot/share/prims/jni.cpp, line 615]
Event: 16.179 Thread 0x0000026096d91800 Exception <a 'sun/nio/fs/WindowsException'{0x000000008edb1440}> (0x000000008edb1440) thrown at [./src/hotspot/share/prims/jni.cpp, line 615]

Events (20 events):
Event: 17.826 loading class com/android/tools/r8/graph/S$j done
Event: 17.826 loading class com/android/tools/r8/graph/S$j
Event: 17.826 loading class com/android/tools/r8/graph/S$j done
Event: 17.826 loading class com/android/tools/r8/graph/q0
Event: 17.826 loading class com/android/tools/r8/graph/q0 done
Event: 17.826 loading class com/android/tools/r8/graph/q0
Event: 17.826 loading class com/android/tools/r8/graph/q0 done
Event: 17.827 loading class com/android/tools/r8/graph/S$j
Event: 17.827 loading class com/android/tools/r8/graph/S$j done
Event: 17.827 loading class com/android/tools/r8/graph/S$j
Event: 17.827 loading class com/android/tools/r8/graph/S$j done
Event: 17.827 loading class com/android/tools/r8/graph/r0
Event: 17.827 loading class com/android/tools/r8/graph/r0 done
Event: 17.827 loading class com/android/tools/r8/graph/r0
Event: 17.827 loading class com/android/tools/r8/graph/r0 done
Event: 17.827 loading class com/android/tools/r8/graph/S$j
Event: 17.827 loading class com/android/tools/r8/graph/S$j done
Event: 17.875 Executing VM operation: ICBufferFull
Event: 17.875 Executing VM operation: ICBufferFull done
Event: 17.893 Executing VM operation: G1CollectForAllocation


Dynamic libraries:
0x00007ff692d70000 - 0x00007ff692d7a000 	E:\Programming\IDE\android-studio\jre\bin\java.exe
0x00007fff0e9b0000 - 0x00007fff0eba5000 	C:\WINDOWS\SYSTEM32\ntdll.dll
0x00007fff0cef0000 - 0x00007fff0cfad000 	C:\WINDOWS\System32\KERNEL32.DLL
0x00007fff0c720000 - 0x00007fff0c9e8000 	C:\WINDOWS\System32\KERNELBASE.dll
0x00007fff0c290000 - 0x00007fff0c390000 	C:\WINDOWS\System32\ucrtbase.dll
0x00007fff01940000 - 0x00007fff01959000 	E:\Programming\IDE\android-studio\jre\bin\jli.dll
0x00007ffefeca0000 - 0x00007ffefecb7000 	E:\Programming\IDE\android-studio\jre\bin\VCRUNTIME140.dll
0x00007fff0cfb0000 - 0x00007fff0d150000 	C:\WINDOWS\System32\USER32.dll
0x00007fff0c9f0000 - 0x00007fff0ca12000 	C:\WINDOWS\System32\win32u.dll
0x00007fff0cd40000 - 0x00007fff0cd6a000 	C:\WINDOWS\System32\GDI32.dll
0x00007fff0c390000 - 0x00007fff0c49b000 	C:\WINDOWS\System32\gdi32full.dll
0x00007ffefe890000 - 0x00007ffefeb2a000 	C:\WINDOWS\WinSxS\amd64_microsoft.windows.common-controls_6595b64144ccf1df_6.0.19041.844_none_ca00b6081b84eb1d\COMCTL32.dll
0x00007fff0c520000 - 0x00007fff0c5bd000 	C:\WINDOWS\System32\msvcp_win.dll
0x00007fff0ce20000 - 0x00007fff0cebe000 	C:\WINDOWS\System32\msvcrt.dll
0x00007fff0cec0000 - 0x00007fff0cef0000 	C:\WINDOWS\System32\IMM32.DLL
0x00007ffefaf60000 - 0x00007ffefaf8b000 	C:\Program Files\MacType\MacType64.dll
0x00007fff0dcf0000 - 0x00007fff0dd9c000 	C:\WINDOWS\System32\ADVAPI32.dll
0x00007fff0dc50000 - 0x00007fff0dceb000 	C:\WINDOWS\System32\sechost.dll
0x00007fff0e590000 - 0x00007fff0e6bb000 	C:\WINDOWS\System32\RPCRT4.dll
0x00007ffefafe0000 - 0x00007ffefb036000 	C:\Program Files\MacType\Easyhk64.dll
0x00007ffefad60000 - 0x00007ffefae6e000 	C:\Program Files\MacType\MacType64.Core.dll
0x00007fff08360000 - 0x00007fff08920000 	C:\WINDOWS\SYSTEM32\d2d1.dll
0x00007ffef4980000 - 0x00007ffef4bff000 	C:\WINDOWS\SYSTEM32\dwrite.dll
0x00007fff0c4a0000 - 0x00007fff0c520000 	C:\WINDOWS\System32\bcryptPrimitives.dll
0x00007ffeee350000 - 0x00007ffeee3ed000 	E:\Programming\IDE\android-studio\jre\bin\msvcp140.dll
0x00007ffed7080000 - 0x00007ffed7b3c000 	E:\Programming\IDE\android-studio\jre\bin\server\jvm.dll
0x00007fff0d150000 - 0x00007fff0d158000 	C:\WINDOWS\System32\PSAPI.DLL
0x00007ffef6d20000 - 0x00007ffef6d29000 	C:\WINDOWS\SYSTEM32\WSOCK32.dll
0x00007fff034e0000 - 0x00007fff034ea000 	C:\WINDOWS\SYSTEM32\VERSION.dll
0x00007fff02350000 - 0x00007fff02377000 	C:\WINDOWS\SYSTEM32\WINMM.dll
0x00007fff0ca70000 - 0x00007fff0cadb000 	C:\WINDOWS\System32\WS2_32.dll
0x00007fff0aa70000 - 0x00007fff0aa82000 	C:\WINDOWS\SYSTEM32\kernel.appcore.dll
0x00007fff07b80000 - 0x00007fff07b91000 	E:\Programming\IDE\android-studio\jre\bin\verify.dll
0x00007ffefef30000 - 0x00007ffeff114000 	C:\WINDOWS\SYSTEM32\DBGHELP.DLL
0x00007ffefe770000 - 0x00007ffefe79c000 	C:\WINDOWS\SYSTEM32\dbgcore.DLL
0x00007fff07b50000 - 0x00007fff07b79000 	E:\Programming\IDE\android-studio\jre\bin\java.dll
0x00007fff07be0000 - 0x00007fff07beb000 	E:\Programming\IDE\android-studio\jre\bin\jimage.dll
0x00007fff07b30000 - 0x00007fff07b48000 	E:\Programming\IDE\android-studio\jre\bin\zip.dll
0x00007fff0d160000 - 0x00007fff0d8a2000 	C:\WINDOWS\System32\SHELL32.dll
0x00007fff0a070000 - 0x00007fff0a800000 	C:\WINDOWS\SYSTEM32\windows.storage.dll
0x00007fff0e230000 - 0x00007fff0e585000 	C:\WINDOWS\System32\combase.dll
0x00007fff0baf0000 - 0x00007fff0bb1c000 	C:\WINDOWS\SYSTEM32\Wldp.dll
0x00000260ff860000 - 0x00000260ff90e000 	C:\WINDOWS\System32\SHCORE.dll
0x00007fff0e7d0000 - 0x00007fff0e825000 	C:\WINDOWS\System32\shlwapi.dll
0x00007fff0c090000 - 0x00007fff0c0af000 	C:\WINDOWS\SYSTEM32\profapi.dll
0x00007fff071e0000 - 0x00007fff071fa000 	E:\Programming\IDE\android-studio\jre\bin\net.dll
0x00007fff01ed0000 - 0x00007fff01fdb000 	C:\WINDOWS\SYSTEM32\WINHTTP.dll
0x00007fff0b860000 - 0x00007fff0b8ca000 	C:\WINDOWS\system32\mswsock.dll
0x00007fff071a0000 - 0x00007fff071b4000 	E:\Programming\IDE\android-studio\jre\bin\nio.dll
0x00007ffefc780000 - 0x00007ffefc7a7000 	E:\Programming\BuildTools\gradle-7.0\native\49d0259a56938c7f99b2704e745ce422c4f750a7a20b539a32ccef96729676b1\windows-amd64\native-platform.dll
0x00007ffed68d0000 - 0x00007ffed6a66000 	E:\Programming\BuildTools\gradle-7.0\native\12488b8bf47d2d4c9fbf2f6322a914ad602e24e48041cd04a747c6da556b65c4\windows-amd64\native-platform-file-events.dll
0x00007fff076b0000 - 0x00007fff076ba000 	E:\Programming\IDE\android-studio\jre\bin\management.dll
0x00007fff07190000 - 0x00007fff0719c000 	E:\Programming\IDE\android-studio\jre\bin\management_ext.dll
0x00007fff0ba40000 - 0x00007fff0ba58000 	C:\WINDOWS\SYSTEM32\CRYPTSP.dll
0x00007fff0b200000 - 0x00007fff0b234000 	C:\WINDOWS\system32\rsaenh.dll
0x00007fff0c150000 - 0x00007fff0c177000 	C:\WINDOWS\System32\bcrypt.dll
0x00007fff0c050000 - 0x00007fff0c07e000 	C:\WINDOWS\SYSTEM32\USERENV.dll
0x00007fff0ba30000 - 0x00007fff0ba3c000 	C:\WINDOWS\SYSTEM32\CRYPTBASE.dll
0x00007fff0b550000 - 0x00007fff0b58b000 	C:\WINDOWS\SYSTEM32\IPHLPAPI.DLL
0x00007fff0ddb0000 - 0x00007fff0ddb8000 	C:\WINDOWS\System32\NSI.dll
0x00007fff03b30000 - 0x00007fff03b47000 	C:\WINDOWS\SYSTEM32\dhcpcsvc6.DLL
0x00007fff043f0000 - 0x00007fff0440d000 	C:\WINDOWS\SYSTEM32\dhcpcsvc.DLL
0x00007fff0b590000 - 0x00007fff0b65c000 	C:\WINDOWS\SYSTEM32\DNSAPI.dll

dbghelp: loaded successfully - version: 4.0.5 - missing functions: none
symbol engine: initialized successfully - sym options: 0x614 - pdb path: .;E:\Programming\IDE\android-studio\jre\bin;C:\WINDOWS\SYSTEM32;C:\WINDOWS\WinSxS\amd64_microsoft.windows.common-controls_6595b64144ccf1df_6.0.19041.844_none_ca00b6081b84eb1d;C:\Program Files\MacType;E:\Programming\IDE\android-studio\jre\bin\server;E:\Programming\BuildTools\gradle-7.0\native\49d0259a56938c7f99b2704e745ce422c4f750a7a20b539a32ccef96729676b1\windows-amd64;E:\Programming\BuildTools\gradle-7.0\native\12488b8bf47d2d4c9fbf2f6322a914ad602e24e48041cd04a747c6da556b65c4\windows-amd64

VM Arguments:
jvm_args: --add-opens=java.base/java.util=ALL-UNNAMED --add-opens=java.base/java.lang=ALL-UNNAMED --add-opens=java.base/java.lang.invoke=ALL-UNNAMED --add-opens=java.base/java.util=ALL-UNNAMED --add-opens=java.prefs/java.util.prefs=ALL-UNNAMED --add-opens=java.prefs/java.util.prefs=ALL-UNNAMED --add-opens=java.base/java.nio.charset=ALL-UNNAMED --add-opens=java.base/java.net=ALL-UNNAMED --add-opens=java.base/java.util.concurrent.atomic=ALL-UNNAMED -Xmx2048m -Dfile.encoding=UTF-8 -Duser.country=US -Duser.language=en -Duser.variant 
java_command: org.gradle.launcher.daemon.bootstrap.GradleDaemon 7.0
java_class_path (initial): E:\Programming\BuildTools\gradle-7.0\lib\gradle-launcher-7.0.jar
Launcher Type: SUN_STANDARD

[Global flags]
     intx CICompilerCount                          = 4                                         {product} {ergonomic}
     uint ConcGCThreads                            = 2                                         {product} {ergonomic}
     uint G1ConcRefinementThreads                  = 8                                         {product} {ergonomic}
   size_t G1HeapRegionSize                         = 1048576                                   {product} {ergonomic}
    uintx GCDrainStackTargetSize                   = 64                                        {product} {ergonomic}
   size_t InitialHeapSize                          = 268435456                                 {product} {ergonomic}
   size_t MarkStackSize                            = 4194304                                   {product} {ergonomic}
   size_t MaxHeapSize                              = 2147483648                                {product} {command line}
   size_t MaxNewSize                               = 1287651328                                {product} {ergonomic}
   size_t MinHeapDeltaBytes                        = 1048576                                   {product} {ergonomic}
    uintx NonNMethodCodeHeapSize                   = 5836300                                {pd product} {ergonomic}
    uintx NonProfiledCodeHeapSize                  = 122910970                              {pd product} {ergonomic}
    uintx ProfiledCodeHeapSize                     = 122910970                              {pd product} {ergonomic}
    uintx ReservedCodeCacheSize                    = 251658240                              {pd product} {ergonomic}
     bool SegmentedCodeCache                       = true                                      {product} {ergonomic}
     bool UseCompressedClassPointers               = true                                 {lp64_product} {ergonomic}
     bool UseCompressedOops                        = true                                 {lp64_product} {ergonomic}
     bool UseG1GC                                  = true                                      {product} {ergonomic}
     bool UseLargePagesIndividualAllocation        = false                                  {pd product} {ergonomic}

Logging:
Log output configuration:
 #0: stdout all=warning uptime,level,tags
 #1: stderr all=off uptime,level,tags

Environment Variables:
JAVA_HOME=C:\Program Files\Java\jdk1.8.0_291
PATH=C:\Program Files\Common Files\Oracle\Java\javapath;C:\Program Files (x86)\Common Files\Oracle\Java\javapath;C:\Program Files\nodejs;C:\Python39\Scripts\;C:\Python39\;E:\sdk\tools;E:\Programming\Flutters\Flutter1226\flutter\bin;C:\Program Files\Java\jdk-16.0.1;C:\Program Files (x86)\Common Files\Intel\Shared Libraries\redist\intel64_win\compiler;E:\Programming\BuildTools\gradle-7.0\bin;E:\Programming\LIBRARIES\android_packages\kotlin\kotlinc\bin;C:\Python27\;C:\Python27\Scripts;C:\ProgramData\Boxstarter;C:\Program Files (x86)\Common Files\Intel\Shared Libraries\redist;C:\Program Files (x86)\Intel\iCLS Client\;C:\Program Files\Intel\iCLS Client\;C:\Windows\system32;C:\Windows;C:\Windows\System32\Wbem;C:\Windows\System32\WindowsPowerShell\v1.0\;C:\Program Files (x86)\NVIDIA Corporation\PhysX\Common;C:\Program Files\Intel\Intel(R) Management Engine Components\DAL;C:\Program Files\Intel\Intel(R) Management Engine Components\IPT;C:\Program Files (x86)\Intel\Intel(R) Management Engine Components\DAL;C:\Program Files (x86)\Intel\Intel(R) Management Engine Components\IPT;C:\Program Files (x86)\GtkSharp\2.12\bin;C:\Program Files\Microsoft SQL Server\130\Tools\Binn\;C:\Program Files (x86)\IncrediBuild;C:\Program Files\Microsoft DNX\Dnvm\;C:\ProgramData\chocolatey\bin;C:\Program Files\dotnet\;C:\WINDOWS\system32;C:\WINDOWS;C:\WINDOWS\System32\Wbem;C:\WINDOWS\System32\WindowsPowerShell\v1.0\;C:\Program Files\Java\jdk1.8.0_291\bin\;C:\composer;C:\Program Files\NVIDIA Corporation\NVIDIA NvDLISR;C:\Program Files (x86)\dotnet\;C:\Program Files (x86)\Microsoft SQL Server\140\Tools\Binn\;C:\Program Files\Microsoft SQL Server\140\Tools\Binn\;C:\Program Files (x86)\Microsoft SQL Server\140\DTS\Binn\;C:\Program Files\Microsoft SQL Server\140\DTS\Binn\;C:\Users\Y50\AppData\Roaming\nvm;C:\Program Files\nodejs;C:\Program Files\nodejs\;C:\Program Files\TortoiseSVN\bin;C:\WINDOWS\system32;C:\WINDOWS;C:\WINDOWS\System32\Wbem;C:\WINDOWS\System32\WindowsPowerShell\v1.0\;C:\WINDOWS\System32\Ope
USERNAME=Y502
OS=Windows_NT
PROCESSOR_IDENTIFIER=Intel64 Family 6 Model 60 Stepping 3, GenuineIntel



---------------  S Y S T E M  ---------------

OS: Windows 10 , 64 bit Build 19041 (10.0.19041.928)
OS uptime: 2 days 3:21 hours

CPU:total 8 (initial active 8) (4 cores per cpu, 2 threads per core) family 6 model 60 stepping 3, cmov, cx8, fxsr, mmx, sse, sse2, sse3, ssse3, sse4.1, sse4.2, popcnt, avx, avx2, aes, clmul, erms, lzcnt, ht, tsc, tscinvbit, bmi1, bmi2, fma

Memory: 4k page, system-wide physical 16300M (4302M free)
TotalPageFile size 17300M (AvailPageFile size 26M)
current process WorkingSet (physical memory assigned to process): 678M, peak: 685M
current process commit charge ("private bytes"): 768M, peak: 830M

vm_info: OpenJDK 64-Bit Server VM (11.0.8+10-b944.6842174) for windows-amd64 JRE (11.0.8+10-b944.6842174), built on Sep 19 2020 01:11:42 by "builder" with MS VC++ 14.0 (VS2015)

END.
